{"meta": {"format": 3, "version": "7.11.0", "timestamp": "2025-10-20T23:28:14.590396", "branch_coverage": false, "show_contexts": false}, "files": {"src/DocsToKG/ContentDownload/cache_loader.py": {"executed_lines": [1, 20, 22, 23, 24, 25, 26, 27, 29, 30, 34, 35, 39, 42, 43, 45, 46, 47, 48, 49, 52, 53, 55, 56, 59, 60, 61, 63, 64, 65, 67, 73, 74, 75, 77, 78, 79, 81, 89, 90, 91, 93, 94, 96, 105, 106, 107, 109, 110, 111, 112, 115, 116, 117, 119, 120, 121, 123, 129, 162, 189, 208, 233, 291, 348], "summary": {"covered_lines": 57, "num_statements": 203, "percent_covered": 28.07881773399015, "percent_covered_display": "28", "missing_lines": 146, "excluded_lines": 0}, "missing_lines": [31, 32, 36, 37, 69, 70, 83, 84, 85, 86, 98, 99, 100, 101, 102, 125, 126, 148, 149, 150, 152, 153, 154, 155, 156, 157, 158, 159, 175, 176, 178, 179, 180, 182, 183, 184, 185, 186, 199, 200, 201, 202, 204, 205, 217, 218, 219, 220, 221, 222, 223, 224, 225, 226, 227, 229, 230, 248, 250, 251, 252, 255, 258, 260, 261, 262, 263, 264, 265, 266, 268, 269, 270, 271, 272, 273, 274, 275, 276, 277, 278, 279, 280, 281, 282, 283, 284, 285, 286, 288, 308, 310, 311, 312, 313, 314, 315, 316, 317, 318, 319, 321, 322, 323, 324, 325, 326, 327, 328, 329, 330, 331, 332, 333, 334, 335, 336, 337, 339, 340, 341, 342, 343, 345, 374, 377, 380, 388, 389, 396, 397, 398, 399, 400, 401, 402, 403, 411, 412, 413, 414, 415, 416, 417, 422, 425], "excluded_lines": [], "functions": {"CacheStorage.__post_init__": {"executed_lines": [], "summary": {"covered_lines": 0, "num_statements": 2, "percent_covered": 0.0, "percent_covered_display": "0", "missing_lines": 2, "excluded_lines": 0}, "missing_lines": [69, 70], "excluded_lines": []}, "CacheRolePolicy.__post_init__": {"executed_lines": [], "summary": {"covered_lines": 0, "num_statements": 4, "percent_covered": 0.0, "percent_covered_display": "0", "missing_lines": 4, "excluded_lines": 0}, "missing_lines": [83, 84, 85, 86], "excluded_lines": []}, "CacheHostPolicy.__post_init__": {"executed_lines": [], "summary": {"covered_lines": 0, "num_statements": 5, "percent_covered": 0.0, "percent_covered_display": "0", "missing_lines": 5, "excluded_lines": 0}, "missing_lines": [98, 99, 100, 101, 102], "excluded_lines": []}, "CacheConfig.__post_init__": {"executed_lines": [], "summary": {"covered_lines": 0, "num_statements": 2, "percent_covered": 0.0, "percent_covered_display": "0", "missing_lines": 2, "excluded_lines": 0}, "missing_lines": [125, 126], "excluded_lines": []}, "_normalize_host_key": {"executed_lines": [], "summary": {"covered_lines": 0, "num_statements": 11, "percent_covered": 0.0, "percent_covered_display": "0", "missing_lines": 11, "excluded_lines": 0}, "missing_lines": [148, 149, 150, 152, 153, 154, 155, 156, 157, 158, 159], "excluded_lines": []}, "_load_yaml": {"executed_lines": [], "summary": {"covered_lines": 0, "num_statements": 10, "percent_covered": 0.0, "percent_covered_display": "0", "missing_lines": 10, "excluded_lines": 0}, "missing_lines": [175, 176, 178, 179, 180, 182, 183, 184, 185, 186], "excluded_lines": []}, "_merge_dicts": {"executed_lines": [], "summary": {"covered_lines": 0, "num_statements": 6, "percent_covered": 0.0, "percent_covered_display": "0", "missing_lines": 6, "excluded_lines": 0}, "missing_lines": [199, 200, 201, 202, 204, 205], "excluded_lines": []}, "_parse_policy_value": {"executed_lines": [], "summary": {"covered_lines": 0, "num_statements": 13, "percent_covered": 0.0, "percent_covered_display": "0", "missing_lines": 13, "excluded_lines": 0}, "missing_lines": [217, 218, 219, 220, 221, 222, 223, 224, 225, 226, 227, 229, 230], "excluded_lines": []}, "_apply_env_overlays": {"executed_lines": [], "summary": {"covered_lines": 0, "num_statements": 33, "percent_covered": 0.0, "percent_covered_display": "0", "missing_lines": 33, "excluded_lines": 0}, "missing_lines": [248, 250, 251, 252, 255, 258, 260, 261, 262, 263, 264, 265, 266, 268, 269, 270, 271, 272, 273, 274, 275, 276, 277, 278, 279, 280, 281, 282, 283, 284, 285, 286, 288], "excluded_lines": []}, "_apply_cli_overrides": {"executed_lines": [], "summary": {"covered_lines": 0, "num_statements": 34, "percent_covered": 0.0, "percent_covered_display": "0", "missing_lines": 34, "excluded_lines": 0}, "missing_lines": [308, 310, 311, 312, 313, 314, 315, 316, 317, 318, 319, 321, 322, 323, 324, 325, 326, 327, 328, 329, 330, 331, 332, 333, 334, 335, 336, 337, 339, 340, 341, 342, 343, 345], "excluded_lines": []}, "load_cache_config": {"executed_lines": [], "summary": {"covered_lines": 0, "num_statements": 22, "percent_covered": 0.0, "percent_covered_display": "0", "missing_lines": 22, "excluded_lines": 0}, "missing_lines": [374, 377, 380, 388, 389, 396, 397, 398, 399, 400, 401, 402, 403, 411, 412, 413, 414, 415, 416, 417, 422, 425], "excluded_lines": []}, "": {"executed_lines": [1, 20, 22, 23, 24, 25, 26, 27, 29, 30, 34, 35, 39, 42, 43, 45, 46, 47, 48, 49, 52, 53, 55, 56, 59, 60, 61, 63, 64, 65, 67, 73, 74, 75, 77, 78, 79, 81, 89, 90, 91, 93, 94, 96, 105, 106, 107, 109, 110, 111, 112, 115, 116, 117, 119, 120, 121, 123, 129, 162, 189, 208, 233, 291, 348], "summary": {"covered_lines": 57, "num_statements": 61, "percent_covered": 93.44262295081967, "percent_covered_display": "93", "missing_lines": 4, "excluded_lines": 0}, "missing_lines": [31, 32, 36, 37], "excluded_lines": []}}, "classes": {"StorageKind": {"executed_lines": [], "summary": {"covered_lines": 0, "num_statements": 0, "percent_covered": 100.0, "percent_covered_display": "100", "missing_lines": 0, "excluded_lines": 0}, "missing_lines": [], "excluded_lines": []}, "CacheDefault": {"executed_lines": [], "summary": {"covered_lines": 0, "num_statements": 0, "percent_covered": 100.0, "percent_covered_display": "100", "missing_lines": 0, "excluded_lines": 0}, "missing_lines": [], "excluded_lines": []}, "CacheStorage": {"executed_lines": [], "summary": {"covered_lines": 0, "num_statements": 2, "percent_covered": 0.0, "percent_covered_display": "0", "missing_lines": 2, "excluded_lines": 0}, "missing_lines": [69, 70], "excluded_lines": []}, "CacheRolePolicy": {"executed_lines": [], "summary": {"covered_lines": 0, "num_statements": 4, "percent_covered": 0.0, "percent_covered_display": "0", "missing_lines": 4, "excluded_lines": 0}, "missing_lines": [83, 84, 85, 86], "excluded_lines": []}, "CacheHostPolicy": {"executed_lines": [], "summary": {"covered_lines": 0, "num_statements": 5, "percent_covered": 0.0, "percent_covered_display": "0", "missing_lines": 5, "excluded_lines": 0}, "missing_lines": [98, 99, 100, 101, 102], "excluded_lines": []}, "CacheControllerDefaults": {"executed_lines": [], "summary": {"covered_lines": 0, "num_statements": 0, "percent_covered": 100.0, "percent_covered_display": "100", "missing_lines": 0, "excluded_lines": 0}, "missing_lines": [], "excluded_lines": []}, "CacheConfig": {"executed_lines": [], "summary": {"covered_lines": 0, "num_statements": 2, "percent_covered": 0.0, "percent_covered_display": "0", "missing_lines": 2, "excluded_lines": 0}, "missing_lines": [125, 126], "excluded_lines": []}, "": {"executed_lines": [1, 20, 22, 23, 24, 25, 26, 27, 29, 30, 34, 35, 39, 42, 43, 45, 46, 47, 48, 49, 52, 53, 55, 56, 59, 60, 61, 63, 64, 65, 67, 73, 74, 75, 77, 78, 79, 81, 89, 90, 91, 93, 94, 96, 105, 106, 107, 109, 110, 111, 112, 115, 116, 117, 119, 120, 121, 123, 129, 162, 189, 208, 233, 291, 348], "summary": {"covered_lines": 57, "num_statements": 190, "percent_covered": 30.0, "percent_covered_display": "30", "missing_lines": 133, "excluded_lines": 0}, "missing_lines": [31, 32, 36, 37, 148, 149, 150, 152, 153, 154, 155, 156, 157, 158, 159, 175, 176, 178, 179, 180, 182, 183, 184, 185, 186, 199, 200, 201, 202, 204, 205, 217, 218, 219, 220, 221, 222, 223, 224, 225, 226, 227, 229, 230, 248, 250, 251, 252, 255, 258, 260, 261, 262, 263, 264, 265, 266, 268, 269, 270, 271, 272, 273, 274, 275, 276, 277, 278, 279, 280, 281, 282, 283, 284, 285, 286, 288, 308, 310, 311, 312, 313, 314, 315, 316, 317, 318, 319, 321, 322, 323, 324, 325, 326, 327, 328, 329, 330, 331, 332, 333, 334, 335, 336, 337, 339, 340, 341, 342, 343, 345, 374, 377, 380, 388, 389, 396, 397, 398, 399, 400, 401, 402, 403, 411, 412, 413, 414, 415, 416, 417, 422, 425], "excluded_lines": []}}}, "src/DocsToKG/ContentDownload/cache_policy.py": {"executed_lines": [1, 18, 20, 21, 22, 24, 30, 33, 34, 35, 37, 38, 39, 40, 43, 44, 53, 65, 135], "summary": {"covered_lines": 16, "num_statements": 56, "percent_covered": 28.571428571428573, "percent_covered_display": "29", "missing_lines": 40, "excluded_lines": 1}, "missing_lines": [62, 63, 98, 101, 102, 105, 106, 109, 112, 113, 114, 115, 120, 128, 129, 132, 133, 149, 150, 152, 160, 161, 162, 164, 165, 166, 168, 170, 171, 172, 174, 175, 176, 177, 179, 180, 182, 184, 185, 187], "excluded_lines": [136], "functions": {"CacheRouter.__init__": {"executed_lines": [], "summary": {"covered_lines": 0, "num_statements": 2, "percent_covered": 0.0, "percent_covered_display": "0", "missing_lines": 2, "excluded_lines": 0}, "missing_lines": [62, 63], "excluded_lines": []}, "CacheRouter.resolve_policy": {"executed_lines": [], "summary": {"covered_lines": 0, "num_statements": 15, "percent_covered": 0.0, "percent_covered_display": "0", "missing_lines": 15, "excluded_lines": 0}, "missing_lines": [98, 101, 102, 105, 106, 109, 112, 113, 114, 115, 120, 128, 129, 132, 133], "excluded_lines": []}, "CacheRouter.print_effective_policy": {"executed_lines": [], "summary": {"covered_lines": 0, "num_statements": 23, "percent_covered": 0.0, "percent_covered_display": "0", "missing_lines": 23, "excluded_lines": 1}, "missing_lines": [149, 150, 152, 160, 161, 162, 164, 165, 166, 168, 170, 171, 172, 174, 175, 176, 177, 179, 180, 182, 184, 185, 187], "excluded_lines": [136]}, "": {"executed_lines": [1, 18, 20, 21, 22, 24, 30, 33, 34, 35, 37, 38, 39, 40, 43, 44, 53, 65, 135], "summary": {"covered_lines": 16, "num_statements": 16, "percent_covered": 100.0, "percent_covered_display": "100", "missing_lines": 0, "excluded_lines": 0}, "missing_lines": [], "excluded_lines": []}}, "classes": {"CacheDecision": {"executed_lines": [], "summary": {"covered_lines": 0, "num_statements": 0, "percent_covered": 100.0, "percent_covered_display": "100", "missing_lines": 0, "excluded_lines": 0}, "missing_lines": [], "excluded_lines": []}, "CacheRouter": {"executed_lines": [], "summary": {"covered_lines": 0, "num_statements": 40, "percent_covered": 0.0, "percent_covered_display": "0", "missing_lines": 40, "excluded_lines": 1}, "missing_lines": [62, 63, 98, 101, 102, 105, 106, 109, 112, 113, 114, 115, 120, 128, 129, 132, 133, 149, 150, 152, 160, 161, 162, 164, 165, 166, 168, 170, 171, 172, 174, 175, 176, 177, 179, 180, 182, 184, 185, 187], "excluded_lines": [136]}, "": {"executed_lines": [1, 18, 20, 21, 22, 24, 30, 33, 34, 35, 37, 38, 39, 40, 43, 44, 53, 65, 135], "summary": {"covered_lines": 16, "num_statements": 16, "percent_covered": 100.0, "percent_covered_display": "100", "missing_lines": 0, "excluded_lines": 0}, "missing_lines": [], "excluded_lines": []}}}, "src/DocsToKG/ContentDownload/cache_transport_wrapper.py": {"executed_lines": [1, 21, 23, 24, 26, 27, 29, 30, 39, 42, 43, 69, 94, 251, 252, 276, 277, 296, 297, 324], "summary": {"covered_lines": 18, "num_statements": 87, "percent_covered": 20.689655172413794, "percent_covered_display": "21", "missing_lines": 69, "excluded_lines": 0}, "missing_lines": [82, 83, 84, 87, 88, 119, 122, 123, 124, 127, 130, 131, 140, 141, 150, 151, 152, 153, 154, 156, 159, 160, 161, 162, 164, 165, 166, 176, 177, 179, 180, 181, 182, 183, 184, 186, 187, 190, 193, 194, 203, 204, 206, 213, 214, 225, 226, 227, 228, 229, 240, 241, 249, 266, 267, 270, 271, 272, 274, 291, 292, 293, 294, 311, 314, 321, 366, 369, 372], "excluded_lines": [], "functions": {"RoleAwareCacheTransport.__init__": {"executed_lines": [], "summary": {"covered_lines": 0, "num_statements": 5, "percent_covered": 0.0, "percent_covered_display": "0", "missing_lines": 5, "excluded_lines": 0}, "missing_lines": [82, 83, 84, 87, 88], "excluded_lines": []}, "RoleAwareCacheTransport.handle_request": {"executed_lines": [], "summary": {"covered_lines": 0, "num_statements": 48, "percent_covered": 0.0, "percent_covered_display": "0", "missing_lines": 48, "excluded_lines": 0}, "missing_lines": [119, 122, 123, 124, 127, 130, 131, 140, 141, 150, 151, 152, 153, 154, 156, 159, 160, 161, 162, 164, 165, 166, 176, 177, 179, 180, 181, 182, 183, 184, 186, 187, 190, 193, 194, 203, 204, 206, 213, 214, 225, 226, 227, 228, 229, 240, 241, 249], "excluded_lines": []}, "RoleAwareCacheTransport._extract_host": {"executed_lines": [], "summary": {"covered_lines": 0, "num_statements": 6, "percent_covered": 0.0, "percent_covered_display": "0", "missing_lines": 6, "excluded_lines": 0}, "missing_lines": [266, 267, 270, 271, 272, 274], "excluded_lines": []}, "RoleAwareCacheTransport._extract_role": {"executed_lines": [], "summary": {"covered_lines": 0, "num_statements": 4, "percent_covered": 0.0, "percent_covered_display": "0", "missing_lines": 4, "excluded_lines": 0}, "missing_lines": [291, 292, 293, 294], "excluded_lines": []}, "RoleAwareCacheTransport._build_controller_for_decision": {"executed_lines": [], "summary": {"covered_lines": 0, "num_statements": 3, "percent_covered": 0.0, "percent_covered_display": "0", "missing_lines": 3, "excluded_lines": 0}, "missing_lines": [311, 314, 321], "excluded_lines": []}, "build_role_aware_cache_transport": {"executed_lines": [], "summary": {"covered_lines": 0, "num_statements": 3, "percent_covered": 0.0, "percent_covered_display": "0", "missing_lines": 3, "excluded_lines": 0}, "missing_lines": [366, 369, 372], "excluded_lines": []}, "": {"executed_lines": [1, 21, 23, 24, 26, 27, 29, 30, 39, 42, 43, 69, 94, 251, 252, 276, 277, 296, 297, 324], "summary": {"covered_lines": 18, "num_statements": 18, "percent_covered": 100.0, "percent_covered_display": "100", "missing_lines": 0, "excluded_lines": 0}, "missing_lines": [], "excluded_lines": []}}, "classes": {"RoleAwareCacheTransport": {"executed_lines": [], "summary": {"covered_lines": 0, "num_statements": 66, "percent_covered": 0.0, "percent_covered_display": "0", "missing_lines": 66, "excluded_lines": 0}, "missing_lines": [82, 83, 84, 87, 88, 119, 122, 123, 124, 127, 130, 131, 140, 141, 150, 151, 152, 153, 154, 156, 159, 160, 161, 162, 164, 165, 166, 176, 177, 179, 180, 181, 182, 183, 184, 186, 187, 190, 193, 194, 203, 204, 206, 213, 214, 225, 226, 227, 228, 229, 240, 241, 249, 266, 267, 270, 271, 272, 274, 291, 292, 293, 294, 311, 314, 321], "excluded_lines": []}, "": {"executed_lines": [1, 21, 23, 24, 26, 27, 29, 30, 39, 42, 43, 69, 94, 251, 252, 276, 277, 296, 297, 324], "summary": {"covered_lines": 18, "num_statements": 21, "percent_covered": 85.71428571428571, "percent_covered_display": "86", "missing_lines": 3, "excluded_lines": 0}, "missing_lines": [366, 369, 372], "excluded_lines": []}}}, "src/DocsToKG/ContentDownload/conditional_requests.py": {"executed_lines": [1, 20, 22, 23, 24, 25, 26, 28, 31, 32, 33, 45, 46, 47, 48, 51, 107, 153, 203, 236], "summary": {"covered_lines": 18, "num_statements": 56, "percent_covered": 32.142857142857146, "percent_covered_display": "32", "missing_lines": 38, "excluded_lines": 0}, "missing_lines": [78, 79, 80, 81, 82, 84, 85, 88, 89, 90, 91, 92, 93, 94, 95, 96, 97, 99, 140, 143, 144, 147, 148, 150, 177, 178, 181, 184, 186, 187, 192, 193, 196, 197, 198, 200, 228, 251], "excluded_lines": [], "functions": {"parse_entity_validator": {"executed_lines": [], "summary": {"covered_lines": 0, "num_statements": 18, "percent_covered": 0.0, "percent_covered_display": "0", "missing_lines": 18, "excluded_lines": 0}, "missing_lines": [78, 79, 80, 81, 82, 84, 85, 88, 89, 90, 91, 92, 93, 94, 95, 96, 97, 99], "excluded_lines": []}, "build_conditional_headers": {"executed_lines": [], "summary": {"covered_lines": 0, "num_statements": 6, "percent_covered": 0.0, "percent_covered_display": "0", "missing_lines": 6, "excluded_lines": 0}, "missing_lines": [140, 143, 144, 147, 148, 150], "excluded_lines": []}, "should_revalidate": {"executed_lines": [], "summary": {"covered_lines": 0, "num_statements": 12, "percent_covered": 0.0, "percent_covered_display": "0", "missing_lines": 12, "excluded_lines": 0}, "missing_lines": [177, 178, 181, 184, 186, 187, 192, 193, 196, 197, 198, 200], "excluded_lines": []}, "merge_validators": {"executed_lines": [], "summary": {"covered_lines": 0, "num_statements": 1, "percent_covered": 0.0, "percent_covered_display": "0", "missing_lines": 1, "excluded_lines": 0}, "missing_lines": [228], "excluded_lines": []}, "is_validator_available": {"executed_lines": [], "summary": {"covered_lines": 0, "num_statements": 1, "percent_covered": 0.0, "percent_covered_display": "0", "missing_lines": 1, "excluded_lines": 0}, "missing_lines": [251], "excluded_lines": []}, "": {"executed_lines": [1, 20, 22, 23, 24, 25, 26, 28, 31, 32, 33, 45, 46, 47, 48, 51, 107, 153, 203, 236], "summary": {"covered_lines": 18, "num_statements": 18, "percent_covered": 100.0, "percent_covered_display": "100", "missing_lines": 0, "excluded_lines": 0}, "missing_lines": [], "excluded_lines": []}}, "classes": {"EntityValidator": {"executed_lines": [], "summary": {"covered_lines": 0, "num_statements": 0, "percent_covered": 100.0, "percent_covered_display": "100", "missing_lines": 0, "excluded_lines": 0}, "missing_lines": [], "excluded_lines": []}, "": {"executed_lines": [1, 20, 22, 23, 24, 25, 26, 28, 31, 32, 33, 45, 46, 47, 48, 51, 107, 153, 203, 236], "summary": {"covered_lines": 18, "num_statements": 56, "percent_covered": 32.142857142857146, "percent_covered_display": "32", "missing_lines": 38, "excluded_lines": 0}, "missing_lines": [78, 79, 80, 81, 82, 84, 85, 88, 89, 90, 91, 92, 93, 94, 95, 96, 97, 99, 140, 143, 144, 147, 148, 150, 177, 178, 181, 184, 186, 187, 192, 193, 196, 197, 198, 200, 228, 251], "excluded_lines": []}}}, "src/DocsToKG/ContentDownload/httpx_transport.py": {"executed_lines": [1, 26, 28, 29, 30, 31, 32, 33, 34, 35, 36, 38, 39, 41, 42, 43, 47, 52, 54, 55, 56, 57, 59, 60, 65, 74, 80, 86, 109, 132, 146, 161, 169, 180, 190, 198, 251, 278], "summary": {"covered_lines": 37, "num_statements": 148, "percent_covered": 25.0, "percent_covered_display": "25", "missing_lines": 111, "excluded_lines": 6}, "missing_lines": [68, 69, 70, 71, 75, 76, 77, 81, 82, 83, 87, 88, 89, 91, 92, 93, 94, 95, 96, 97, 98, 99, 100, 101, 102, 103, 104, 106, 110, 113, 114, 115, 116, 117, 118, 119, 120, 121, 122, 133, 137, 138, 139, 140, 141, 142, 143, 154, 155, 156, 157, 158, 164, 165, 166, 172, 173, 174, 175, 176, 177, 183, 184, 185, 186, 187, 192, 193, 194, 195, 216, 217, 220, 221, 223, 224, 228, 229, 230, 231, 233, 241, 246, 248, 258, 260, 261, 264, 266, 267, 273, 274, 275, 281, 283, 284, 287, 289, 291, 294, 295, 297, 300, 306, 309, 310, 311, 313, 315, 325, 326], "excluded_lines": [327, 328, 329, 332, 333, 334], "functions": {"_resolve_data_root": {"executed_lines": [], "summary": {"covered_lines": 0, "num_statements": 4, "percent_covered": 0.0, "percent_covered_display": "0", "missing_lines": 4, "excluded_lines": 0}, "missing_lines": [68, 69, 70, 71], "excluded_lines": []}, "_resolve_cache_dir": {"executed_lines": [], "summary": {"covered_lines": 0, "num_statements": 3, "percent_covered": 0.0, "percent_covered_display": "0", "missing_lines": 3, "excluded_lines": 0}, "missing_lines": [75, 76, 77], "excluded_lines": []}, "_build_ssl_context": {"executed_lines": [], "summary": {"covered_lines": 0, "num_statements": 3, "percent_covered": 0.0, "percent_covered_display": "0", "missing_lines": 3, "excluded_lines": 0}, "missing_lines": [81, 82, 83], "excluded_lines": []}, "_request_hook": {"executed_lines": [], "summary": {"covered_lines": 0, "num_statements": 18, "percent_covered": 0.0, "percent_covered_display": "0", "missing_lines": 18, "excluded_lines": 0}, "missing_lines": [87, 88, 89, 91, 92, 93, 94, 95, 96, 97, 98, 99, 100, 101, 102, 103, 104, 106], "excluded_lines": []}, "_response_hook": {"executed_lines": [], "summary": {"covered_lines": 0, "num_statements": 11, "percent_covered": 0.0, "percent_covered_display": "0", "missing_lines": 11, "excluded_lines": 0}, "missing_lines": [110, 113, 114, 115, 116, 117, 118, 119, 120, 121, 122], "excluded_lines": []}, "_build_event_hooks": {"executed_lines": [], "summary": {"covered_lines": 0, "num_statements": 8, "percent_covered": 0.0, "percent_covered_display": "0", "missing_lines": 8, "excluded_lines": 0}, "missing_lines": [133, 137, 138, 139, 140, 141, 142, 143], "excluded_lines": []}, "configure_http_client": {"executed_lines": [], "summary": {"covered_lines": 0, "num_statements": 5, "percent_covered": 0.0, "percent_covered_display": "0", "missing_lines": 5, "excluded_lines": 0}, "missing_lines": [154, 155, 156, 157, 158], "excluded_lines": []}, "reset_http_client_for_tests": {"executed_lines": [], "summary": {"covered_lines": 0, "num_statements": 3, "percent_covered": 0.0, "percent_covered_display": "0", "missing_lines": 3, "excluded_lines": 0}, "missing_lines": [164, 165, 166], "excluded_lines": []}, "purge_http_cache": {"executed_lines": [], "summary": {"covered_lines": 0, "num_statements": 6, "percent_covered": 0.0, "percent_covered_display": "0", "missing_lines": 6, "excluded_lines": 0}, "missing_lines": [172, 173, 174, 175, 176, 177], "excluded_lines": []}, "get_http_client": {"executed_lines": [], "summary": {"covered_lines": 0, "num_statements": 5, "percent_covered": 0.0, "percent_covered_display": "0", "missing_lines": 5, "excluded_lines": 0}, "missing_lines": [183, 184, 185, 186, 187], "excluded_lines": []}, "_close_client_unlocked": {"executed_lines": [], "summary": {"covered_lines": 0, "num_statements": 4, "percent_covered": 0.0, "percent_covered_display": "0", "missing_lines": 4, "excluded_lines": 0}, "missing_lines": [192, 193, 194, 195], "excluded_lines": []}, "_load_or_create_cache_router": {"executed_lines": [], "summary": {"covered_lines": 0, "num_statements": 14, "percent_covered": 0.0, "percent_covered_display": "0", "missing_lines": 14, "excluded_lines": 0}, "missing_lines": [216, 217, 220, 221, 223, 224, 228, 229, 230, 231, 233, 241, 246, 248], "excluded_lines": []}, "initialize_rate_limiter_from_config": {"executed_lines": [], "summary": {"covered_lines": 0, "num_statements": 9, "percent_covered": 0.0, "percent_covered_display": "0", "missing_lines": 9, "excluded_lines": 0}, "missing_lines": [258, 260, 261, 264, 266, 267, 273, 274, 275], "excluded_lines": []}, "_create_client_unlocked": {"executed_lines": [], "summary": {"covered_lines": 0, "num_statements": 18, "percent_covered": 0.0, "percent_covered_display": "0", "missing_lines": 18, "excluded_lines": 6}, "missing_lines": [281, 283, 284, 287, 289, 291, 294, 295, 297, 300, 306, 309, 310, 311, 313, 315, 325, 326], "excluded_lines": [327, 328, 329, 332, 333, 334]}, "": {"executed_lines": [1, 26, 28, 29, 30, 31, 32, 33, 34, 35, 36, 38, 39, 41, 42, 43, 47, 52, 54, 55, 56, 57, 59, 60, 65, 74, 80, 86, 109, 132, 146, 161, 169, 180, 190, 198, 251, 278], "summary": {"covered_lines": 37, "num_statements": 37, "percent_covered": 100.0, "percent_covered_display": "100", "missing_lines": 0, "excluded_lines": 0}, "missing_lines": [], "excluded_lines": []}}, "classes": {"": {"executed_lines": [1, 26, 28, 29, 30, 31, 32, 33, 34, 35, 36, 38, 39, 41, 42, 43, 47, 52, 54, 55, 56, 57, 59, 60, 65, 74, 80, 86, 109, 132, 146, 161, 169, 180, 190, 198, 251, 278], "summary": {"covered_lines": 37, "num_statements": 148, "percent_covered": 25.0, "percent_covered_display": "25", "missing_lines": 111, "excluded_lines": 6}, "missing_lines": [68, 69, 70, 71, 75, 76, 77, 81, 82, 83, 87, 88, 89, 91, 92, 93, 94, 95, 96, 97, 98, 99, 100, 101, 102, 103, 104, 106, 110, 113, 114, 115, 116, 117, 118, 119, 120, 121, 122, 133, 137, 138, 139, 140, 141, 142, 143, 154, 155, 156, 157, 158, 164, 165, 166, 172, 173, 174, 175, 176, 177, 183, 184, 185, 186, 187, 192, 193, 194, 195, 216, 217, 220, 221, 223, 224, 228, 229, 230, 231, 233, 241, 246, 248, 258, 260, 261, 264, 266, 267, 273, 274, 275, 281, 283, 284, 287, 289, 291, 294, 295, 297, 300, 306, 309, 310, 311, 313, 315, 325, 326], "excluded_lines": [327, 328, 329, 332, 333, 334]}}}, "src/DocsToKG/ContentDownload/ratelimit.py": {"executed_lines": [1, 14, 16, 17, 18, 19, 20, 22, 24, 25, 29, 32, 35, 36, 39, 40, 42, 46, 50, 54, 58, 62, 69, 70, 71, 73, 74, 75, 76, 79, 80, 81, 83, 84, 85, 88, 89, 90, 92, 93, 96, 97, 98, 100, 101, 102, 103, 104, 105, 106, 109, 110, 111, 113, 114, 115, 116, 117, 120, 121, 122, 124, 125, 126, 129, 130, 132, 161, 173, 186, 212, 213, 228, 253, 346, 356, 365, 370, 415, 416, 418, 429, 457, 466, 467, 470, 511], "summary": {"covered_lines": 76, "num_statements": 262, "percent_covered": 29.00763358778626, "percent_covered_display": "29", "missing_lines": 186, "excluded_lines": 13}, "missing_lines": [26, 27, 140, 141, 142, 143, 145, 146, 147, 148, 149, 152, 159, 163, 164, 165, 166, 167, 168, 169, 170, 171, 175, 176, 177, 178, 179, 180, 181, 182, 184, 188, 189, 190, 191, 192, 194, 195, 196, 199, 200, 201, 202, 204, 206, 207, 208, 210, 215, 216, 217, 218, 219, 220, 221, 222, 223, 226, 230, 231, 232, 234, 235, 236, 239, 240, 243, 245, 246, 247, 248, 249, 250, 251, 256, 257, 258, 260, 261, 264, 265, 266, 267, 270, 271, 272, 273, 278, 279, 280, 285, 286, 288, 290, 291, 292, 293, 294, 295, 296, 298, 299, 300, 301, 305, 307, 316, 320, 321, 322, 324, 326, 336, 340, 342, 343, 344, 348, 349, 350, 351, 352, 353, 354, 358, 359, 360, 361, 362, 363, 367, 368, 372, 373, 375, 376, 377, 378, 379, 381, 382, 384, 385, 387, 389, 395, 400, 401, 402, 403, 404, 407, 412, 425, 426, 427, 432, 433, 436, 437, 438, 439, 440, 442, 444, 447, 448, 450, 452, 455, 459, 460, 461, 462, 488, 489, 491, 492, 493, 496, 497, 506, 507, 508, 518, 519], "excluded_lines": [44, 45, 48, 49, 52, 53, 56, 57, 60, 61, 66, 67, 68], "functions": {"RateTelemetrySink.emit_acquire": {"executed_lines": [], "summary": {"covered_lines": 0, "num_statements": 0, "percent_covered": 100.0, "percent_covered_display": "100", "missing_lines": 0, "excluded_lines": 1}, "missing_lines": [], "excluded_lines": [44]}, "RateTelemetrySink.emit_block": {"executed_lines": [], "summary": {"covered_lines": 0, "num_statements": 0, "percent_covered": 100.0, "percent_covered_display": "100", "missing_lines": 0, "excluded_lines": 1}, "missing_lines": [], "excluded_lines": [48]}, "RateTelemetrySink.emit_head_skipped": {"executed_lines": [], "summary": {"covered_lines": 0, "num_statements": 0, "percent_covered": 100.0, "percent_covered_display": "100", "missing_lines": 0, "excluded_lines": 1}, "missing_lines": [], "excluded_lines": [52]}, "RateTelemetrySink.emit_429": {"executed_lines": [], "summary": {"covered_lines": 0, "num_statements": 0, "percent_covered": 100.0, "percent_covered_display": "100", "missing_lines": 0, "excluded_lines": 1}, "missing_lines": [], "excluded_lines": [56]}, "RateTelemetrySink.emit_success": {"executed_lines": [], "summary": {"covered_lines": 0, "num_statements": 0, "percent_covered": 100.0, "percent_covered_display": "100", "missing_lines": 0, "excluded_lines": 1}, "missing_lines": [], "excluded_lines": [60]}, "RateTelemetrySink.emit_aimd_adjust": {"executed_lines": [], "summary": {"covered_lines": 0, "num_statements": 0, "percent_covered": 100.0, "percent_covered_display": "100", "missing_lines": 0, "excluded_lines": 1}, "missing_lines": [], "excluded_lines": [66]}, "RateLimitRegistry.__init__": {"executed_lines": [], "summary": {"covered_lines": 0, "num_statements": 11, "percent_covered": 0.0, "percent_covered_display": "0", "missing_lines": 11, "excluded_lines": 0}, "missing_lines": [140, 141, 142, 143, 145, 146, 147, 148, 149, 152, 159], "excluded_lines": []}, "RateLimitRegistry._initialize": {"executed_lines": [], "summary": {"covered_lines": 0, "num_statements": 9, "percent_covered": 0.0, "percent_covered_display": "0", "missing_lines": 9, "excluded_lines": 0}, "missing_lines": [163, 164, 165, 166, 167, 168, 169, 170, 171], "excluded_lines": []}, "RateLimitRegistry._effective_policy": {"executed_lines": [], "summary": {"covered_lines": 0, "num_statements": 9, "percent_covered": 0.0, "percent_covered_display": "0", "missing_lines": 9, "excluded_lines": 0}, "missing_lines": [175, 176, 177, 178, 179, 180, 181, 182, 184], "excluded_lines": []}, "RateLimitRegistry._parse_rates": {"executed_lines": [], "summary": {"covered_lines": 0, "num_statements": 17, "percent_covered": 0.0, "percent_covered_display": "0", "missing_lines": 17, "excluded_lines": 0}, "missing_lines": [188, 189, 190, 191, 192, 194, 195, 196, 199, 200, 201, 202, 204, 206, 207, 208, 210], "excluded_lines": []}, "RateLimitRegistry._parse_duration_unit": {"executed_lines": [], "summary": {"covered_lines": 0, "num_statements": 10, "percent_covered": 0.0, "percent_covered_display": "0", "missing_lines": 10, "excluded_lines": 0}, "missing_lines": [215, 216, 217, 218, 219, 220, 221, 222, 223, 226], "excluded_lines": []}, "RateLimitRegistry._get_or_create_limiter": {"executed_lines": [], "summary": {"covered_lines": 0, "num_statements": 16, "percent_covered": 0.0, "percent_covered_display": "0", "missing_lines": 16, "excluded_lines": 0}, "missing_lines": [230, 231, 232, 234, 235, 236, 239, 240, 243, 245, 246, 247, 248, 249, 250, 251], "excluded_lines": []}, "RateLimitRegistry.acquire": {"executed_lines": [], "summary": {"covered_lines": 0, "num_statements": 43, "percent_covered": 0.0, "percent_covered_display": "0", "missing_lines": 43, "excluded_lines": 0}, "missing_lines": [256, 257, 258, 260, 261, 264, 265, 266, 267, 270, 271, 272, 273, 278, 279, 280, 285, 286, 288, 290, 291, 292, 293, 294, 295, 296, 298, 299, 300, 301, 305, 307, 316, 320, 321, 322, 324, 326, 336, 340, 342, 343, 344], "excluded_lines": []}, "RateLimitRegistry.record_429": {"executed_lines": [], "summary": {"covered_lines": 0, "num_statements": 7, "percent_covered": 0.0, "percent_covered_display": "0", "missing_lines": 7, "excluded_lines": 0}, "missing_lines": [348, 349, 350, 351, 352, 353, 354], "excluded_lines": []}, "RateLimitRegistry.record_success": {"executed_lines": [], "summary": {"covered_lines": 0, "num_statements": 6, "percent_covered": 0.0, "percent_covered_display": "0", "missing_lines": 6, "excluded_lines": 0}, "missing_lines": [358, 359, 360, 361, 362, 363], "excluded_lines": []}, "RateLimitRegistry.release_inflight": {"executed_lines": [], "summary": {"covered_lines": 0, "num_statements": 2, "percent_covered": 0.0, "percent_covered_display": "0", "missing_lines": 2, "excluded_lines": 0}, "missing_lines": [367, 368], "excluded_lines": []}, "RateLimitRegistry.tick_aimd": {"executed_lines": [], "summary": {"covered_lines": 0, "num_statements": 21, "percent_covered": 0.0, "percent_covered_display": "0", "missing_lines": 21, "excluded_lines": 0}, "missing_lines": [372, 373, 375, 376, 377, 378, 379, 381, 382, 384, 385, 387, 389, 395, 400, 401, 402, 403, 404, 407, 412], "excluded_lines": []}, "RateLimitedTransport.__init__": {"executed_lines": [], "summary": {"covered_lines": 0, "num_statements": 3, "percent_covered": 0.0, "percent_covered_display": "0", "missing_lines": 3, "excluded_lines": 0}, "missing_lines": [425, 426, 427], "excluded_lines": []}, "RateLimitedTransport.handle_request": {"executed_lines": [], "summary": {"covered_lines": 0, "num_statements": 14, "percent_covered": 0.0, "percent_covered_display": "0", "missing_lines": 14, "excluded_lines": 0}, "missing_lines": [432, 433, 436, 437, 438, 439, 440, 442, 444, 447, 448, 450, 452, 455], "excluded_lines": []}, "RateLimitedTransport.close": {"executed_lines": [], "summary": {"covered_lines": 0, "num_statements": 4, "percent_covered": 0.0, "percent_covered_display": "0", "missing_lines": 4, "excluded_lines": 0}, "missing_lines": [459, 460, 461, 462], "excluded_lines": []}, "get_rate_limiter_manager": {"executed_lines": [], "summary": {"covered_lines": 0, "num_statements": 10, "percent_covered": 0.0, "percent_covered_display": "0", "missing_lines": 10, "excluded_lines": 0}, "missing_lines": [488, 489, 491, 492, 493, 496, 497, 506, 507, 508], "excluded_lines": []}, "set_rate_limiter_manager": {"executed_lines": [], "summary": {"covered_lines": 0, "num_statements": 2, "percent_covered": 0.0, "percent_covered_display": "0", "missing_lines": 2, "excluded_lines": 0}, "missing_lines": [518, 519], "excluded_lines": []}, "": {"executed_lines": [1, 14, 16, 17, 18, 19, 20, 22, 24, 25, 29, 32, 35, 36, 39, 40, 42, 46, 50, 54, 58, 62, 69, 70, 71, 73, 74, 75, 76, 79, 80, 81, 83, 84, 85, 88, 89, 90, 92, 93, 96, 97, 98, 100, 101, 102, 103, 104, 105, 106, 109, 110, 111, 113, 114, 115, 116, 117, 120, 121, 122, 124, 125, 126, 129, 130, 132, 161, 173, 186, 212, 213, 228, 253, 346, 356, 365, 370, 415, 416, 418, 429, 457, 466, 467, 470, 511], "summary": {"covered_lines": 76, "num_statements": 78, "percent_covered": 97.43589743589743, "percent_covered_display": "97", "missing_lines": 2, "excluded_lines": 7}, "missing_lines": [26, 27], "excluded_lines": [45, 49, 53, 57, 61, 67, 68]}}, "classes": {"RateLimitExceeded": {"executed_lines": [], "summary": {"covered_lines": 0, "num_statements": 0, "percent_covered": 100.0, "percent_covered_display": "100", "missing_lines": 0, "excluded_lines": 0}, "missing_lines": [], "excluded_lines": []}, "RateTelemetrySink": {"executed_lines": [], "summary": {"covered_lines": 0, "num_statements": 0, "percent_covered": 100.0, "percent_covered_display": "100", "missing_lines": 0, "excluded_lines": 6}, "missing_lines": [], "excluded_lines": [44, 48, 52, 56, 60, 66]}, "RoleRates": {"executed_lines": [], "summary": {"covered_lines": 0, "num_statements": 0, "percent_covered": 100.0, "percent_covered_display": "100", "missing_lines": 0, "excluded_lines": 0}, "missing_lines": [], "excluded_lines": []}, "HostPolicy": {"executed_lines": [], "summary": {"covered_lines": 0, "num_statements": 0, "percent_covered": 100.0, "percent_covered_display": "100", "missing_lines": 0, "excluded_lines": 0}, "missing_lines": [], "excluded_lines": []}, "BackendConfig": {"executed_lines": [], "summary": {"covered_lines": 0, "num_statements": 0, "percent_covered": 100.0, "percent_covered_display": "100", "missing_lines": 0, "excluded_lines": 0}, "missing_lines": [], "excluded_lines": []}, "AIMDConfig": {"executed_lines": [], "summary": {"covered_lines": 0, "num_statements": 0, "percent_covered": 100.0, "percent_covered_display": "100", "missing_lines": 0, "excluded_lines": 0}, "missing_lines": [], "excluded_lines": []}, "RateConfig": {"executed_lines": [], "summary": {"covered_lines": 0, "num_statements": 0, "percent_covered": 100.0, "percent_covered_display": "100", "missing_lines": 0, "excluded_lines": 0}, "missing_lines": [], "excluded_lines": []}, "RateAcquisition": {"executed_lines": [], "summary": {"covered_lines": 0, "num_statements": 0, "percent_covered": 100.0, "percent_covered_display": "100", "missing_lines": 0, "excluded_lines": 0}, "missing_lines": [], "excluded_lines": []}, "RateLimitRegistry": {"executed_lines": [], "summary": {"covered_lines": 0, "num_statements": 151, "percent_covered": 0.0, "percent_covered_display": "0", "missing_lines": 151, "excluded_lines": 0}, "missing_lines": [140, 141, 142, 143, 145, 146, 147, 148, 149, 152, 159, 163, 164, 165, 166, 167, 168, 169, 170, 171, 175, 176, 177, 178, 179, 180, 181, 182, 184, 188, 189, 190, 191, 192, 194, 195, 196, 199, 200, 201, 202, 204, 206, 207, 208, 210, 215, 216, 217, 218, 219, 220, 221, 222, 223, 226, 230, 231, 232, 234, 235, 236, 239, 240, 243, 245, 246, 247, 248, 249, 250, 251, 256, 257, 258, 260, 261, 264, 265, 266, 267, 270, 271, 272, 273, 278, 279, 280, 285, 286, 288, 290, 291, 292, 293, 294, 295, 296, 298, 299, 300, 301, 305, 307, 316, 320, 321, 322, 324, 326, 336, 340, 342, 343, 344, 348, 349, 350, 351, 352, 353, 354, 358, 359, 360, 361, 362, 363, 367, 368, 372, 373, 375, 376, 377, 378, 379, 381, 382, 384, 385, 387, 389, 395, 400, 401, 402, 403, 404, 407, 412], "excluded_lines": []}, "RateLimitedTransport": {"executed_lines": [], "summary": {"covered_lines": 0, "num_statements": 21, "percent_covered": 0.0, "percent_covered_display": "0", "missing_lines": 21, "excluded_lines": 0}, "missing_lines": [425, 426, 427, 432, 433, 436, 437, 438, 439, 440, 442, 444, 447, 448, 450, 452, 455, 459, 460, 461, 462], "excluded_lines": []}, "": {"executed_lines": [1, 14, 16, 17, 18, 19, 20, 22, 24, 25, 29, 32, 35, 36, 39, 40, 42, 46, 50, 54, 58, 62, 69, 70, 71, 73, 74, 75, 76, 79, 80, 81, 83, 84, 85, 88, 89, 90, 92, 93, 96, 97, 98, 100, 101, 102, 103, 104, 105, 106, 109, 110, 111, 113, 114, 115, 116, 117, 120, 121, 122, 124, 125, 126, 129, 130, 132, 161, 173, 186, 212, 213, 228, 253, 346, 356, 365, 370, 415, 416, 418, 429, 457, 466, 467, 470, 511], "summary": {"covered_lines": 76, "num_statements": 90, "percent_covered": 84.44444444444444, "percent_covered_display": "84", "missing_lines": 14, "excluded_lines": 7}, "missing_lines": [26, 27, 488, 489, 491, 492, 493, 496, 497, 506, 507, 508, 518, 519], "excluded_lines": [45, 49, 53, 57, 61, 67, 68]}}}, "src/DocsToKG/ContentDownload/slo_schema.py": {"executed_lines": [20, 33, 35, 36, 41, 42, 43, 46, 47, 48, 51, 52, 55, 56, 59, 60, 64, 65, 66, 71, 72, 73, 74, 75, 76, 77, 78, 79, 82, 83, 84, 85, 86, 87, 88, 89, 90, 95, 97, 151, 168, 169, 171, 172, 173, 176, 179, 200, 201, 202, 203, 208, 224], "summary": {"covered_lines": 50, "num_statements": 51, "percent_covered": 98.03921568627452, "percent_covered_display": "98", "missing_lines": 1, "excluded_lines": 0}, "missing_lines": [174], "excluded_lines": [], "functions": {"get_slo_definitions": {"executed_lines": [97], "summary": {"covered_lines": 1, "num_statements": 1, "percent_covered": 100.0, "percent_covered_display": "100", "missing_lines": 0, "excluded_lines": 0}, "missing_lines": [], "excluded_lines": []}, "evaluate_slo_status": {"executed_lines": [168, 169, 171, 172, 173, 176], "summary": {"covered_lines": 6, "num_statements": 7, "percent_covered": 85.71428571428571, "percent_covered_display": "86", "missing_lines": 1, "excluded_lines": 0}, "missing_lines": [174], "excluded_lines": []}, "calculate_error_budget_remaining": {"executed_lines": [200, 201, 202, 203], "summary": {"covered_lines": 4, "num_statements": 4, "percent_covered": 100.0, "percent_covered_display": "100", "missing_lines": 0, "excluded_lines": 0}, "missing_lines": [], "excluded_lines": []}, "should_alert": {"executed_lines": [224], "summary": {"covered_lines": 1, "num_statements": 1, "percent_covered": 100.0, "percent_covered_display": "100", "missing_lines": 0, "excluded_lines": 0}, "missing_lines": [], "excluded_lines": []}, "": {"executed_lines": [20, 33, 35, 36, 41, 42, 43, 46, 47, 48, 51, 52, 55, 56, 59, 60, 64, 65, 66, 71, 72, 73, 74, 75, 76, 77, 78, 79, 82, 83, 84, 85, 86, 87, 88, 89, 90, 95, 151, 179, 208], "summary": {"covered_lines": 38, "num_statements": 38, "percent_covered": 100.0, "percent_covered_display": "100", "missing_lines": 0, "excluded_lines": 0}, "missing_lines": [], "excluded_lines": []}}, "classes": {"SLOThreshold": {"executed_lines": [], "summary": {"covered_lines": 0, "num_statements": 0, "percent_covered": 100.0, "percent_covered_display": "100", "missing_lines": 0, "excluded_lines": 0}, "missing_lines": [], "excluded_lines": []}, "SLOMetric": {"executed_lines": [], "summary": {"covered_lines": 0, "num_statements": 0, "percent_covered": 100.0, "percent_covered_display": "100", "missing_lines": 0, "excluded_lines": 0}, "missing_lines": [], "excluded_lines": []}, "": {"executed_lines": [20, 33, 35, 36, 41, 42, 43, 46, 47, 48, 51, 52, 55, 56, 59, 60, 64, 65, 66, 71, 72, 73, 74, 75, 76, 77, 78, 79, 82, 83, 84, 85, 86, 87, 88, 89, 90, 95, 97, 151, 168, 169, 171, 172, 173, 176, 179, 200, 201, 202, 203, 208, 224], "summary": {"covered_lines": 50, "num_statements": 51, "percent_covered": 98.03921568627452, "percent_covered_display": "98", "missing_lines": 1, "excluded_lines": 0}, "missing_lines": [174], "excluded_lines": []}}}, "src/DocsToKG/DocParsing/__init__.py": {"executed_lines": [], "summary": {"covered_lines": 0, "num_statements": 56, "percent_covered": 0.0, "percent_covered_display": "0", "missing_lines": 56, "excluded_lines": 19}, "missing_lines": [13, 15, 16, 17, 28, 37, 40, 43, 46, 48, 49, 51, 52, 53, 79, 80, 81, 84, 102, 105, 106, 107, 110, 113, 116, 119, 120, 121, 124, 127, 128, 129, 132, 135, 136, 137, 140, 143, 144, 145, 148, 151, 152, 153, 156, 159, 160, 161, 164, 167, 168, 169, 172, 175, 176, 177], "excluded_lines": [19, 20, 21, 22, 23, 24, 25, 54, 55, 56, 63, 64, 65, 66, 67, 68, 69, 70, 77], "functions": {"_import_module": {"executed_lines": [], "summary": {"covered_lines": 0, "num_statements": 1, "percent_covered": 0.0, "percent_covered_display": "0", "missing_lines": 1, "excluded_lines": 0}, "missing_lines": [43], "excluded_lines": []}, "_load_module": {"executed_lines": [], "summary": {"covered_lines": 0, "num_statements": 8, "percent_covered": 0.0, "percent_covered_display": "0", "missing_lines": 8, "excluded_lines": 12}, "missing_lines": [48, 49, 51, 52, 53, 79, 80, 81], "excluded_lines": [54, 55, 56, 63, 64, 65, 66, 67, 68, 69, 70, 77]}, "__getattr__": {"executed_lines": [], "summary": {"covered_lines": 0, "num_statements": 3, "percent_covered": 0.0, "percent_covered_display": "0", "missing_lines": 3, "excluded_lines": 0}, "missing_lines": [105, 106, 107], "excluded_lines": []}, "__dir__": {"executed_lines": [], "summary": {"covered_lines": 0, "num_statements": 1, "percent_covered": 0.0, "percent_covered_display": "0", "missing_lines": 1, "excluded_lines": 0}, "missing_lines": [113], "excluded_lines": []}, "plan": {"executed_lines": [], "summary": {"covered_lines": 0, "num_statements": 3, "percent_covered": 0.0, "percent_covered_display": "0", "missing_lines": 3, "excluded_lines": 0}, "missing_lines": [119, 120, 121], "excluded_lines": []}, "manifest": {"executed_lines": [], "summary": {"covered_lines": 0, "num_statements": 3, "percent_covered": 0.0, "percent_covered_display": "0", "missing_lines": 3, "excluded_lines": 0}, "missing_lines": [127, 128, 129], "excluded_lines": []}, "pdf_build_parser": {"executed_lines": [], "summary": {"covered_lines": 0, "num_statements": 3, "percent_covered": 0.0, "percent_covered_display": "0", "missing_lines": 3, "excluded_lines": 0}, "missing_lines": [135, 136, 137], "excluded_lines": []}, "pdf_parse_args": {"executed_lines": [], "summary": {"covered_lines": 0, "num_statements": 3, "percent_covered": 0.0, "percent_covered_display": "0", "missing_lines": 3, "excluded_lines": 0}, "missing_lines": [143, 144, 145], "excluded_lines": []}, "pdf_main": {"executed_lines": [], "summary": {"covered_lines": 0, "num_statements": 3, "percent_covered": 0.0, "percent_covered_display": "0", "missing_lines": 3, "excluded_lines": 0}, "missing_lines": [151, 152, 153], "excluded_lines": []}, "html_build_parser": {"executed_lines": [], "summary": {"covered_lines": 0, "num_statements": 3, "percent_covered": 0.0, "percent_covered_display": "0", "missing_lines": 3, "excluded_lines": 0}, "missing_lines": [159, 160, 161], "excluded_lines": []}, "html_parse_args": {"executed_lines": [], "summary": {"covered_lines": 0, "num_statements": 3, "percent_covered": 0.0, "percent_covered_display": "0", "missing_lines": 3, "excluded_lines": 0}, "missing_lines": [167, 168, 169], "excluded_lines": []}, "html_main": {"executed_lines": [], "summary": {"covered_lines": 0, "num_statements": 3, "percent_covered": 0.0, "percent_covered_display": "0", "missing_lines": 3, "excluded_lines": 0}, "missing_lines": [175, 176, 177], "excluded_lines": []}, "": {"executed_lines": [], "summary": {"covered_lines": 0, "num_statements": 19, "percent_covered": 0.0, "percent_covered_display": "0", "missing_lines": 19, "excluded_lines": 7}, "missing_lines": [13, 15, 16, 17, 28, 37, 40, 46, 84, 102, 110, 116, 124, 132, 140, 148, 156, 164, 172], "excluded_lines": [19, 20, 21, 22, 23, 24, 25]}}, "classes": {"": {"executed_lines": [], "summary": {"covered_lines": 0, "num_statements": 56, "percent_covered": 0.0, "percent_covered_display": "0", "missing_lines": 56, "excluded_lines": 19}, "missing_lines": [13, 15, 16, 17, 28, 37, 40, 43, 46, 48, 49, 51, 52, 53, 79, 80, 81, 84, 102, 105, 106, 107, 110, 113, 116, 119, 120, 121, 124, 127, 128, 129, 132, 135, 136, 137, 140, 143, 144, 145, 148, 151, 152, 153, 156, 159, 160, 161, 164, 167, 168, 169, 172, 175, 176, 177], "excluded_lines": [19, 20, 21, 22, 23, 24, 25, 54, 55, 56, 63, 64, 65, 66, 67, 68, 69, 70, 77]}}}, "src/DocsToKG/DocParsing/app_context.py": {"executed_lines": [], "summary": {"covered_lines": 0, "num_statements": 85, "percent_covered": 0.0, "percent_covered_display": "0", "missing_lines": 85, "excluded_lines": 0}, "missing_lines": [13, 15, 16, 17, 19, 21, 29, 32, 33, 41, 42, 43, 44, 45, 47, 49, 50, 53, 119, 121, 122, 123, 124, 125, 126, 128, 129, 130, 131, 133, 134, 135, 136, 137, 138, 140, 141, 142, 143, 144, 145, 146, 147, 148, 149, 151, 152, 153, 154, 155, 156, 161, 162, 163, 165, 166, 167, 168, 169, 170, 172, 175, 184, 185, 187, 188, 189, 190, 191, 194, 195, 197, 200, 202, 211, 212, 213, 214, 215, 217, 224, 226, 232, 235, 244], "excluded_lines": [], "functions": {"AppContext.__post_init__": {"executed_lines": [], "summary": {"covered_lines": 0, "num_statements": 2, "percent_covered": 0.0, "percent_covered_display": "0", "missing_lines": 2, "excluded_lines": 0}, "missing_lines": [49, 50], "excluded_lines": []}, "build_app_context": {"executed_lines": [], "summary": {"covered_lines": 0, "num_statements": 66, "percent_covered": 0.0, "percent_covered_display": "0", "missing_lines": 66, "excluded_lines": 0}, "missing_lines": [119, 121, 122, 123, 124, 125, 126, 128, 129, 130, 131, 133, 134, 135, 136, 137, 138, 140, 141, 142, 143, 144, 145, 146, 147, 148, 149, 151, 152, 153, 154, 155, 156, 161, 162, 163, 165, 166, 167, 168, 169, 170, 172, 175, 184, 185, 187, 188, 189, 190, 191, 194, 195, 197, 200, 202, 211, 212, 213, 214, 215, 217, 224, 226, 232, 235], "excluded_lines": []}, "": {"executed_lines": [], "summary": {"covered_lines": 0, "num_statements": 17, "percent_covered": 0.0, "percent_covered_display": "0", "missing_lines": 17, "excluded_lines": 0}, "missing_lines": [13, 15, 16, 17, 19, 21, 29, 32, 33, 41, 42, 43, 44, 45, 47, 53, 244], "excluded_lines": []}}, "classes": {"AppContext": {"executed_lines": [], "summary": {"covered_lines": 0, "num_statements": 2, "percent_covered": 0.0, "percent_covered_display": "0", "missing_lines": 2, "excluded_lines": 0}, "missing_lines": [49, 50], "excluded_lines": []}, "": {"executed_lines": [], "summary": {"covered_lines": 0, "num_statements": 83, "percent_covered": 0.0, "percent_covered_display": "0", "missing_lines": 83, "excluded_lines": 0}, "missing_lines": [13, 15, 16, 17, 19, 21, 29, 32, 33, 41, 42, 43, 44, 45, 47, 53, 119, 121, 122, 123, 124, 125, 126, 128, 129, 130, 131, 133, 134, 135, 136, 137, 138, 140, 141, 142, 143, 144, 145, 146, 147, 148, 149, 151, 152, 153, 154, 155, 156, 161, 162, 163, 165, 166, 167, 168, 169, 170, 172, 175, 184, 185, 187, 188, 189, 190, 191, 194, 195, 197, 200, 202, 211, 212, 213, 214, 215, 217, 224, 226, 232, 235, 244], "excluded_lines": []}}}, "src/DocsToKG/DocParsing/chunking/__init__.py": {"executed_lines": [], "summary": {"covered_lines": 0, "num_statements": 24, "percent_covered": 0.0, "percent_covered_display": "0", "missing_lines": 24, "excluded_lines": 0}, "missing_lines": [11, 12, 18, 19, 20, 21, 22, 24, 38, 39, 40, 41, 42, 45, 59, 60, 61, 62, 63, 64, 66, 67, 69, 70], "excluded_lines": [], "functions": {"": {"executed_lines": [], "summary": {"covered_lines": 0, "num_statements": 24, "percent_covered": 0.0, "percent_covered_display": "0", "missing_lines": 24, "excluded_lines": 0}, "missing_lines": [11, 12, 18, 19, 20, 21, 22, 24, 38, 39, 40, 41, 42, 45, 59, 60, 61, 62, 63, 64, 66, 67, 69, 70], "excluded_lines": []}}, "classes": {"": {"executed_lines": [], "summary": {"covered_lines": 0, "num_statements": 24, "percent_covered": 0.0, "percent_covered_display": "0", "missing_lines": 24, "excluded_lines": 0}, "missing_lines": [11, 12, 18, 19, 20, 21, 22, 24, 38, 39, 40, 41, 42, 45, 59, 60, 61, 62, 63, 64, 66, 67, 69, 70], "excluded_lines": []}}}, "src/DocsToKG/DocParsing/chunking/cli.py": {"executed_lines": [], "summary": {"covered_lines": 0, "num_statements": 19, "percent_covered": 0.0, "percent_covered_display": "0", "missing_lines": 19, "excluded_lines": 0}, "missing_lines": [31, 33, 34, 35, 37, 38, 39, 41, 43, 133, 136, 137, 138, 139, 144, 147, 150, 151, 154], "excluded_lines": [], "functions": {"build_parser": {"executed_lines": [], "summary": {"covered_lines": 0, "num_statements": 5, "percent_covered": 0.0, "percent_covered_display": "0", "missing_lines": 5, "excluded_lines": 0}, "missing_lines": [136, 137, 138, 139, 144], "excluded_lines": []}, "parse_args": {"executed_lines": [], "summary": {"covered_lines": 0, "num_statements": 2, "percent_covered": 0.0, "percent_covered_display": "0", "missing_lines": 2, "excluded_lines": 0}, "missing_lines": [150, 151], "excluded_lines": []}, "": {"executed_lines": [], "summary": {"covered_lines": 0, "num_statements": 12, "percent_covered": 0.0, "percent_covered_display": "0", "missing_lines": 12, "excluded_lines": 0}, "missing_lines": [31, 33, 34, 35, 37, 38, 39, 41, 43, 133, 147, 154], "excluded_lines": []}}, "classes": {"": {"executed_lines": [], "summary": {"covered_lines": 0, "num_statements": 19, "percent_covered": 0.0, "percent_covered_display": "0", "missing_lines": 19, "excluded_lines": 0}, "missing_lines": [31, 33, 34, 35, 37, 38, 39, 41, 43, 133, 136, 137, 138, 139, 144, 147, 150, 151, 154], "excluded_lines": []}}}, "src/DocsToKG/DocParsing/chunking/config.py": {"executed_lines": [], "summary": {"covered_lines": 0, "num_statements": 68, "percent_covered": 0.0, "percent_covered_display": "0", "missing_lines": 68, "excluded_lines": 0}, "missing_lines": [11, 13, 14, 15, 16, 18, 19, 20, 21, 23, 26, 27, 30, 31, 32, 33, 34, 35, 36, 37, 38, 39, 40, 41, 42, 43, 44, 45, 46, 48, 69, 90, 93, 94, 96, 97, 102, 104, 105, 107, 109, 110, 112, 114, 115, 119, 120, 121, 122, 125, 129, 130, 131, 132, 134, 135, 139, 140, 144, 145, 149, 150, 154, 155, 159, 160, 166, 198], "excluded_lines": [], "functions": {"ChunkerCfg.finalize": {"executed_lines": [], "summary": {"covered_lines": 0, "num_statements": 34, "percent_covered": 0.0, "percent_covered_display": "0", "missing_lines": 34, "excluded_lines": 0}, "missing_lines": [93, 94, 96, 97, 102, 104, 105, 107, 109, 110, 112, 114, 115, 119, 120, 121, 122, 125, 129, 130, 131, 132, 134, 135, 139, 140, 144, 145, 149, 150, 154, 155, 159, 160], "excluded_lines": []}, "": {"executed_lines": [], "summary": {"covered_lines": 0, "num_statements": 34, "percent_covered": 0.0, "percent_covered_display": "0", "missing_lines": 34, "excluded_lines": 0}, "missing_lines": [11, 13, 14, 15, 16, 18, 19, 20, 21, 23, 26, 27, 30, 31, 32, 33, 34, 35, 36, 37, 38, 39, 40, 41, 42, 43, 44, 45, 46, 48, 69, 90, 166, 198], "excluded_lines": []}}, "classes": {"ChunkerCfg": {"executed_lines": [], "summary": {"covered_lines": 0, "num_statements": 34, "percent_covered": 0.0, "percent_covered_display": "0", "missing_lines": 34, "excluded_lines": 0}, "missing_lines": [93, 94, 96, 97, 102, 104, 105, 107, 109, 110, 112, 114, 115, 119, 120, 121, 122, 125, 129, 130, 131, 132, 134, 135, 139, 140, 144, 145, 149, 150, 154, 155, 159, 160], "excluded_lines": []}, "": {"executed_lines": [], "summary": {"covered_lines": 0, "num_statements": 34, "percent_covered": 0.0, "percent_covered_display": "0", "missing_lines": 34, "excluded_lines": 0}, "missing_lines": [11, 13, 14, 15, 16, 18, 19, 20, 21, 23, 26, 27, 30, 31, 32, 33, 34, 35, 36, 37, 38, 39, 40, 41, 42, 43, 44, 45, 46, 48, 69, 90, 166, 198], "excluded_lines": []}}}, "src/DocsToKG/DocParsing/chunking/runtime.py": {"executed_lines": [], "summary": {"covered_lines": 0, "num_statements": 682, "percent_covered": 0.0, "percent_covered_display": "0", "missing_lines": 682, "excluded_lines": 15}, "missing_lines": [159, 161, 162, 164, 165, 166, 167, 168, 169, 170, 172, 173, 174, 175, 176, 177, 178, 179, 180, 181, 182, 183, 186, 187, 188, 189, 190, 194, 210, 211, 212, 213, 238, 246, 253, 254, 267, 275, 277, 278, 280, 282, 285, 286, 289, 290, 291, 292, 293, 294, 295, 296, 297, 298, 299, 302, 305, 308, 311, 312, 313, 314, 315, 316, 317, 320, 323, 324, 327, 330, 331, 332, 334, 335, 336, 337, 338, 339, 340, 341, 342, 343, 344, 345, 354, 355, 356, 357, 358, 361, 368, 369, 370, 371, 372, 373, 374, 375, 378, 383, 387, 388, 389, 390, 391, 393, 394, 395, 396, 397, 398, 399, 400, 401, 402, 403, 404, 405, 409, 410, 411, 412, 413, 421, 422, 423, 424, 425, 426, 427, 435, 436, 437, 438, 439, 440, 441, 442, 443, 446, 447, 449, 452, 455, 456, 457, 458, 459, 460, 461, 462, 463, 464, 465, 466, 467, 468, 469, 470, 471, 474, 477, 480, 481, 482, 483, 484, 487, 489, 490, 491, 492, 493, 495, 500, 502, 517, 529, 530, 532, 534, 535, 536, 537, 538, 539, 540, 541, 542, 544, 545, 546, 547, 548, 549, 550, 551, 552, 553, 554, 555, 556, 557, 559, 560, 561, 563, 565, 568, 571, 574, 575, 576, 580, 581, 582, 583, 589, 599, 602, 603, 605, 606, 607, 608, 609, 611, 612, 613, 614, 615, 616, 617, 618, 620, 621, 622, 623, 624, 625, 628, 644, 654, 655, 657, 658, 660, 661, 662, 663, 664, 665, 666, 668, 677, 696, 697, 698, 700, 701, 735, 738, 739, 742, 745, 746, 747, 748, 749, 750, 751, 754, 757, 758, 762, 763, 764, 765, 766, 767, 768, 769, 770, 773, 774, 775, 776, 777, 780, 795, 796, 797, 799, 800, 801, 802, 803, 804, 805, 806, 807, 808, 809, 810, 811, 812, 813, 814, 825, 827, 828, 829, 830, 831, 832, 833, 834, 835, 836, 837, 838, 839, 862, 874, 875, 877, 878, 880, 881, 892, 901, 902, 905, 908, 919, 920, 923, 926, 927, 931, 932, 933, 936, 940, 941, 942, 943, 944, 947, 961, 962, 963, 964, 965, 966, 967, 968, 969, 970, 983, 984, 985, 986, 987, 1002, 1005, 1008, 1009, 1010, 1011, 1013, 1014, 1015, 1016, 1017, 1018, 1019, 1021, 1031, 1032, 1057, 1058, 1059, 1066, 1078, 1082, 1084, 1096, 1101, 1110, 1117, 1118, 1119, 1120, 1122, 1123, 1130, 1135, 1136, 1137, 1138, 1139, 1140, 1141, 1142, 1143, 1144, 1145, 1152, 1153, 1154, 1155, 1165, 1166, 1173, 1174, 1185, 1187, 1188, 1189, 1197, 1208, 1210, 1213, 1223, 1224, 1232, 1233, 1245, 1248, 1249, 1257, 1269, 1270, 1271, 1285, 1292, 1308, 1309, 1310, 1311, 1312, 1313, 1314, 1317, 1318, 1319, 1320, 1321, 1322, 1325, 1326, 1327, 1328, 1329, 1330, 1331, 1332, 1333, 1334, 1335, 1336, 1337, 1338, 1340, 1342, 1343, 1346, 1347, 1348, 1350, 1351, 1352, 1353, 1354, 1356, 1357, 1358, 1363, 1364, 1372, 1373, 1375, 1376, 1383, 1387, 1388, 1395, 1399, 1400, 1406, 1411, 1412, 1413, 1414, 1415, 1422, 1427, 1428, 1429, 1430, 1431, 1432, 1437, 1438, 1439, 1440, 1441, 1448, 1449, 1450, 1451, 1452, 1456, 1457, 1458, 1459, 1463, 1464, 1466, 1467, 1468, 1469, 1470, 1472, 1473, 1474, 1478, 1484, 1486, 1487, 1489, 1496, 1503, 1504, 1505, 1506, 1507, 1512, 1513, 1514, 1515, 1516, 1517, 1518, 1519, 1520, 1521, 1522, 1523, 1524, 1525, 1526, 1527, 1528, 1531, 1532, 1534, 1535, 1536, 1537, 1538, 1539, 1540, 1541, 1542, 1548, 1549, 1550, 1551, 1552, 1553, 1554, 1555, 1556, 1557, 1559, 1561, 1562, 1563, 1564, 1570, 1581, 1582, 1583, 1594, 1595, 1596, 1606, 1608, 1609, 1610, 1611, 1613, 1614, 1619, 1623, 1624, 1625, 1626, 1638, 1640, 1653, 1654, 1666, 1667, 1668, 1679, 1681, 1682, 1683, 1684, 1685, 1686, 1687, 1692, 1693, 1694, 1702, 1712, 1714, 1715, 1716, 1717, 1729, 1730, 1738, 1739, 1740, 1741, 1744, 1759, 1765, 1767, 1768, 1778, 1780, 1791, 1792, 1793, 1794, 1795, 1796, 1802, 1803, 1804, 1805, 1806, 1807, 1809, 1810, 1811, 1812, 1813, 1814, 1815, 1816, 1817, 1818, 1819, 1820, 1823, 1838, 1847, 1848, 1849, 1852, 1855, 1859, 1860, 1861, 1862, 1863, 1865, 1885, 1888, 1889, 1890, 1891, 1892, 1895, 1896], "excluded_lines": [406, 407, 444, 445, 472, 473, 715, 716, 717, 718, 1033, 1034, 1035, 1042, 1053], "functions": {"read_utf8": {"executed_lines": [], "summary": {"covered_lines": 0, "num_statements": 1, "percent_covered": 0.0, "percent_covered_display": "0", "missing_lines": 1, "excluded_lines": 0}, "missing_lines": [305], "excluded_lines": []}, "_hash_doctags_text": {"executed_lines": [], "summary": {"covered_lines": 0, "num_statements": 7, "percent_covered": 0.0, "percent_covered_display": "0", "missing_lines": 7, "excluded_lines": 0}, "missing_lines": [311, 312, 313, 314, 315, 316, 317], "excluded_lines": []}, "build_doc": {"executed_lines": [], "summary": {"covered_lines": 0, "num_statements": 2, "percent_covered": 0.0, "percent_covered_display": "0", "missing_lines": 2, "excluded_lines": 0}, "missing_lines": [323, 324], "excluded_lines": []}, "extract_refs_and_pages": {"executed_lines": [], "summary": {"covered_lines": 0, "num_statements": 20, "percent_covered": 0.0, "percent_covered_display": "0", "missing_lines": 20, "excluded_lines": 0}, "missing_lines": [330, 331, 332, 334, 335, 336, 337, 338, 339, 340, 341, 342, 343, 344, 345, 354, 355, 356, 357, 358], "excluded_lines": []}, "is_structural_boundary": {"executed_lines": [], "summary": {"covered_lines": 0, "num_statements": 8, "percent_covered": 0.0, "percent_covered_display": "0", "missing_lines": 8, "excluded_lines": 0}, "missing_lines": [368, 369, 370, 371, 372, 373, 374, 375], "excluded_lines": []}, "summarize_image_metadata": {"executed_lines": [], "summary": {"covered_lines": 0, "num_statements": 43, "percent_covered": 0.0, "percent_covered_display": "0", "missing_lines": 43, "excluded_lines": 4}, "missing_lines": [383, 387, 388, 389, 390, 391, 393, 394, 395, 396, 397, 398, 399, 400, 401, 402, 403, 404, 405, 409, 410, 411, 412, 413, 421, 422, 423, 424, 425, 426, 427, 435, 436, 437, 438, 439, 440, 441, 442, 443, 446, 447, 449], "excluded_lines": [406, 407, 444, 445]}, "_extract_chunk_start": {"executed_lines": [], "summary": {"covered_lines": 0, "num_statements": 18, "percent_covered": 0.0, "percent_covered_display": "0", "missing_lines": 18, "excluded_lines": 2}, "missing_lines": [455, 456, 457, 458, 459, 460, 461, 462, 463, 464, 465, 466, 467, 468, 469, 470, 471, 474], "excluded_lines": [472, 473]}, "merge_rec": {"executed_lines": [], "summary": {"covered_lines": 0, "num_statements": 14, "percent_covered": 0.0, "percent_covered_display": "0", "missing_lines": 14, "excluded_lines": 0}, "missing_lines": [480, 481, 482, 483, 484, 487, 489, 490, 491, 492, 493, 495, 500, 502], "excluded_lines": []}, "coalesce_small_runs": {"executed_lines": [], "summary": {"covered_lines": 0, "num_statements": 31, "percent_covered": 0.0, "percent_covered_display": "0", "missing_lines": 31, "excluded_lines": 0}, "missing_lines": [529, 530, 532, 534, 535, 536, 537, 538, 539, 540, 541, 542, 544, 545, 546, 547, 548, 549, 550, 551, 552, 553, 554, 555, 556, 557, 559, 560, 561, 563, 565], "excluded_lines": []}, "_chunk_worker_initializer": {"executed_lines": [], "summary": {"covered_lines": 0, "num_statements": 8, "percent_covered": 0.0, "percent_covered_display": "0", "missing_lines": 8, "excluded_lines": 0}, "missing_lines": [574, 575, 576, 580, 581, 582, 583, 589], "excluded_lines": []}, "_process_chunk_task": {"executed_lines": [], "summary": {"covered_lines": 0, "num_statements": 41, "percent_covered": 0.0, "percent_covered_display": "0", "missing_lines": 41, "excluded_lines": 4}, "missing_lines": [602, 603, 605, 606, 607, 608, 609, 611, 612, 613, 614, 615, 616, 617, 618, 620, 621, 622, 623, 624, 625, 628, 644, 654, 655, 657, 658, 660, 661, 662, 663, 664, 665, 666, 668, 677, 696, 697, 698, 700, 701], "excluded_lines": [715, 716, 717, 718]}, "_process_indexed_chunk_task": {"executed_lines": [], "summary": {"covered_lines": 0, "num_statements": 2, "percent_covered": 0.0, "percent_covered_display": "0", "missing_lines": 2, "excluded_lines": 0}, "missing_lines": [738, 739], "excluded_lines": []}, "_ordered_results": {"executed_lines": [], "summary": {"covered_lines": 0, "num_statements": 7, "percent_covered": 0.0, "percent_covered_display": "0", "missing_lines": 7, "excluded_lines": 0}, "missing_lines": [745, 746, 747, 748, 749, 750, 751], "excluded_lines": []}, "_resolve_serializer_provider": {"executed_lines": [], "summary": {"covered_lines": 0, "num_statements": 16, "percent_covered": 0.0, "percent_covered_display": "0", "missing_lines": 16, "excluded_lines": 0}, "missing_lines": [757, 758, 762, 763, 764, 765, 766, 767, 768, 769, 770, 773, 774, 775, 776, 777], "excluded_lines": []}, "_validate_chunk_files": {"executed_lines": [], "summary": {"covered_lines": 0, "num_statements": 41, "percent_covered": 0.0, "percent_covered_display": "0", "missing_lines": 41, "excluded_lines": 0}, "missing_lines": [795, 796, 797, 799, 800, 801, 802, 803, 804, 805, 806, 807, 808, 809, 810, 811, 812, 813, 814, 825, 827, 828, 829, 830, 831, 832, 833, 834, 835, 836, 837, 838, 839, 862, 874, 875, 877, 878, 880, 881, 892], "excluded_lines": []}, "_compute_worker_cfg_hash": {"executed_lines": [], "summary": {"covered_lines": 0, "num_statements": 3, "percent_covered": 0.0, "percent_covered_display": "0", "missing_lines": 3, "excluded_lines": 0}, "missing_lines": [908, 919, 920], "excluded_lines": []}, "_write_fingerprint": {"executed_lines": [], "summary": {"covered_lines": 0, "num_statements": 5, "percent_covered": 0.0, "percent_covered_display": "0", "missing_lines": 5, "excluded_lines": 0}, "missing_lines": [926, 927, 931, 932, 933], "excluded_lines": []}, "_ensure_worker_initialised": {"executed_lines": [], "summary": {"covered_lines": 0, "num_statements": 5, "percent_covered": 0.0, "percent_covered_display": "0", "missing_lines": 5, "excluded_lines": 0}, "missing_lines": [940, 941, 942, 943, 944], "excluded_lines": []}, "_build_chunk_plan": {"executed_lines": [], "summary": {"covered_lines": 0, "num_statements": 16, "percent_covered": 0.0, "percent_covered_display": "0", "missing_lines": 16, "excluded_lines": 0}, "missing_lines": [961, 962, 963, 964, 965, 966, 967, 968, 969, 970, 983, 984, 985, 986, 987, 1002], "excluded_lines": []}, "_chunk_stage_worker": {"executed_lines": [], "summary": {"covered_lines": 0, "num_statements": 23, "percent_covered": 0.0, "percent_covered_display": "0", "missing_lines": 23, "excluded_lines": 5}, "missing_lines": [1008, 1009, 1010, 1011, 1013, 1014, 1015, 1016, 1017, 1018, 1019, 1021, 1031, 1032, 1057, 1058, 1059, 1066, 1078, 1082, 1084, 1096, 1101], "excluded_lines": [1033, 1034, 1035, 1042, 1053]}, "_make_chunk_stage_hooks": {"executed_lines": [], "summary": {"covered_lines": 0, "num_statements": 4, "percent_covered": 0.0, "percent_covered_display": "0", "missing_lines": 4, "excluded_lines": 0}, "missing_lines": [1117, 1130, 1269, 1285], "excluded_lines": []}, "_make_chunk_stage_hooks.before_stage": {"executed_lines": [], "summary": {"covered_lines": 0, "num_statements": 5, "percent_covered": 0.0, "percent_covered_display": "0", "missing_lines": 5, "excluded_lines": 0}, "missing_lines": [1118, 1119, 1120, 1122, 1123], "excluded_lines": []}, "_make_chunk_stage_hooks.after_item": {"executed_lines": [], "summary": {"covered_lines": 0, "num_statements": 35, "percent_covered": 0.0, "percent_covered_display": "0", "missing_lines": 35, "excluded_lines": 0}, "missing_lines": [1135, 1136, 1137, 1138, 1139, 1140, 1141, 1142, 1143, 1144, 1145, 1152, 1153, 1154, 1155, 1165, 1166, 1173, 1174, 1185, 1187, 1188, 1189, 1197, 1208, 1210, 1213, 1223, 1224, 1232, 1233, 1245, 1248, 1249, 1257], "excluded_lines": []}, "_make_chunk_stage_hooks.after_stage": {"executed_lines": [], "summary": {"covered_lines": 0, "num_statements": 2, "percent_covered": 0.0, "percent_covered_display": "0", "missing_lines": 2, "excluded_lines": 0}, "missing_lines": [1270, 1271], "excluded_lines": []}, "_main_inner": {"executed_lines": [], "summary": {"covered_lines": 0, "num_statements": 193, "percent_covered": 0.0, "percent_covered_display": "0", "missing_lines": 193, "excluded_lines": 0}, "missing_lines": [1308, 1309, 1310, 1311, 1312, 1313, 1314, 1317, 1318, 1319, 1320, 1321, 1322, 1325, 1326, 1327, 1328, 1329, 1330, 1331, 1332, 1333, 1334, 1335, 1336, 1337, 1338, 1340, 1342, 1343, 1346, 1347, 1348, 1350, 1351, 1352, 1353, 1354, 1356, 1357, 1358, 1363, 1364, 1372, 1373, 1375, 1376, 1383, 1387, 1388, 1395, 1399, 1400, 1406, 1411, 1412, 1413, 1414, 1415, 1422, 1427, 1428, 1429, 1430, 1431, 1432, 1437, 1438, 1439, 1440, 1441, 1448, 1449, 1450, 1451, 1452, 1456, 1457, 1458, 1459, 1463, 1464, 1466, 1467, 1468, 1469, 1470, 1472, 1473, 1474, 1478, 1484, 1486, 1487, 1489, 1496, 1503, 1504, 1505, 1506, 1507, 1512, 1513, 1514, 1515, 1516, 1517, 1518, 1519, 1520, 1521, 1522, 1523, 1524, 1525, 1526, 1527, 1528, 1531, 1532, 1534, 1535, 1536, 1537, 1538, 1539, 1540, 1541, 1542, 1548, 1549, 1550, 1551, 1552, 1553, 1554, 1555, 1556, 1557, 1559, 1561, 1562, 1563, 1564, 1570, 1581, 1582, 1583, 1594, 1595, 1596, 1606, 1608, 1609, 1610, 1611, 1613, 1614, 1619, 1623, 1624, 1625, 1626, 1638, 1640, 1653, 1654, 1666, 1667, 1668, 1679, 1681, 1682, 1683, 1684, 1685, 1686, 1687, 1692, 1693, 1694, 1702, 1712, 1714, 1715, 1716, 1717, 1729, 1730, 1738, 1739, 1740, 1741], "excluded_lines": []}, "_run_validate_only": {"executed_lines": [], "summary": {"covered_lines": 0, "num_statements": 43, "percent_covered": 0.0, "percent_covered_display": "0", "missing_lines": 43, "excluded_lines": 0}, "missing_lines": [1759, 1765, 1767, 1768, 1778, 1780, 1791, 1792, 1793, 1794, 1795, 1796, 1802, 1803, 1804, 1805, 1806, 1807, 1809, 1810, 1811, 1812, 1813, 1814, 1815, 1816, 1817, 1818, 1819, 1820, 1823, 1838, 1847, 1848, 1849, 1852, 1855, 1859, 1860, 1861, 1862, 1863, 1865], "excluded_lines": []}, "main": {"executed_lines": [], "summary": {"covered_lines": 0, "num_statements": 5, "percent_covered": 0.0, "percent_covered_display": "0", "missing_lines": 5, "excluded_lines": 0}, "missing_lines": [1888, 1889, 1890, 1891, 1892], "excluded_lines": []}, "": {"executed_lines": [], "summary": {"covered_lines": 0, "num_statements": 84, "percent_covered": 0.0, "percent_covered_display": "0", "missing_lines": 84, "excluded_lines": 0}, "missing_lines": [159, 161, 162, 164, 165, 166, 167, 168, 169, 170, 172, 173, 174, 175, 176, 177, 178, 179, 180, 181, 182, 183, 186, 187, 188, 189, 190, 194, 210, 211, 212, 213, 238, 246, 253, 254, 267, 275, 277, 278, 280, 282, 285, 286, 289, 290, 291, 292, 293, 294, 295, 296, 297, 298, 299, 302, 308, 320, 327, 361, 378, 452, 477, 517, 568, 571, 599, 735, 742, 754, 780, 901, 902, 905, 923, 936, 947, 1005, 1110, 1292, 1744, 1885, 1895, 1896], "excluded_lines": []}}, "classes": {"Rec": {"executed_lines": [], "summary": {"covered_lines": 0, "num_statements": 0, "percent_covered": 100.0, "percent_covered_display": "100", "missing_lines": 0, "excluded_lines": 0}, "missing_lines": [], "excluded_lines": []}, "": {"executed_lines": [], "summary": {"covered_lines": 0, "num_statements": 682, "percent_covered": 0.0, "percent_covered_display": "0", "missing_lines": 682, "excluded_lines": 15}, "missing_lines": [159, 161, 162, 164, 165, 166, 167, 168, 169, 170, 172, 173, 174, 175, 176, 177, 178, 179, 180, 181, 182, 183, 186, 187, 188, 189, 190, 194, 210, 211, 212, 213, 238, 246, 253, 254, 267, 275, 277, 278, 280, 282, 285, 286, 289, 290, 291, 292, 293, 294, 295, 296, 297, 298, 299, 302, 305, 308, 311, 312, 313, 314, 315, 316, 317, 320, 323, 324, 327, 330, 331, 332, 334, 335, 336, 337, 338, 339, 340, 341, 342, 343, 344, 345, 354, 355, 356, 357, 358, 361, 368, 369, 370, 371, 372, 373, 374, 375, 378, 383, 387, 388, 389, 390, 391, 393, 394, 395, 396, 397, 398, 399, 400, 401, 402, 403, 404, 405, 409, 410, 411, 412, 413, 421, 422, 423, 424, 425, 426, 427, 435, 436, 437, 438, 439, 440, 441, 442, 443, 446, 447, 449, 452, 455, 456, 457, 458, 459, 460, 461, 462, 463, 464, 465, 466, 467, 468, 469, 470, 471, 474, 477, 480, 481, 482, 483, 484, 487, 489, 490, 491, 492, 493, 495, 500, 502, 517, 529, 530, 532, 534, 535, 536, 537, 538, 539, 540, 541, 542, 544, 545, 546, 547, 548, 549, 550, 551, 552, 553, 554, 555, 556, 557, 559, 560, 561, 563, 565, 568, 571, 574, 575, 576, 580, 581, 582, 583, 589, 599, 602, 603, 605, 606, 607, 608, 609, 611, 612, 613, 614, 615, 616, 617, 618, 620, 621, 622, 623, 624, 625, 628, 644, 654, 655, 657, 658, 660, 661, 662, 663, 664, 665, 666, 668, 677, 696, 697, 698, 700, 701, 735, 738, 739, 742, 745, 746, 747, 748, 749, 750, 751, 754, 757, 758, 762, 763, 764, 765, 766, 767, 768, 769, 770, 773, 774, 775, 776, 777, 780, 795, 796, 797, 799, 800, 801, 802, 803, 804, 805, 806, 807, 808, 809, 810, 811, 812, 813, 814, 825, 827, 828, 829, 830, 831, 832, 833, 834, 835, 836, 837, 838, 839, 862, 874, 875, 877, 878, 880, 881, 892, 901, 902, 905, 908, 919, 920, 923, 926, 927, 931, 932, 933, 936, 940, 941, 942, 943, 944, 947, 961, 962, 963, 964, 965, 966, 967, 968, 969, 970, 983, 984, 985, 986, 987, 1002, 1005, 1008, 1009, 1010, 1011, 1013, 1014, 1015, 1016, 1017, 1018, 1019, 1021, 1031, 1032, 1057, 1058, 1059, 1066, 1078, 1082, 1084, 1096, 1101, 1110, 1117, 1118, 1119, 1120, 1122, 1123, 1130, 1135, 1136, 1137, 1138, 1139, 1140, 1141, 1142, 1143, 1144, 1145, 1152, 1153, 1154, 1155, 1165, 1166, 1173, 1174, 1185, 1187, 1188, 1189, 1197, 1208, 1210, 1213, 1223, 1224, 1232, 1233, 1245, 1248, 1249, 1257, 1269, 1270, 1271, 1285, 1292, 1308, 1309, 1310, 1311, 1312, 1313, 1314, 1317, 1318, 1319, 1320, 1321, 1322, 1325, 1326, 1327, 1328, 1329, 1330, 1331, 1332, 1333, 1334, 1335, 1336, 1337, 1338, 1340, 1342, 1343, 1346, 1347, 1348, 1350, 1351, 1352, 1353, 1354, 1356, 1357, 1358, 1363, 1364, 1372, 1373, 1375, 1376, 1383, 1387, 1388, 1395, 1399, 1400, 1406, 1411, 1412, 1413, 1414, 1415, 1422, 1427, 1428, 1429, 1430, 1431, 1432, 1437, 1438, 1439, 1440, 1441, 1448, 1449, 1450, 1451, 1452, 1456, 1457, 1458, 1459, 1463, 1464, 1466, 1467, 1468, 1469, 1470, 1472, 1473, 1474, 1478, 1484, 1486, 1487, 1489, 1496, 1503, 1504, 1505, 1506, 1507, 1512, 1513, 1514, 1515, 1516, 1517, 1518, 1519, 1520, 1521, 1522, 1523, 1524, 1525, 1526, 1527, 1528, 1531, 1532, 1534, 1535, 1536, 1537, 1538, 1539, 1540, 1541, 1542, 1548, 1549, 1550, 1551, 1552, 1553, 1554, 1555, 1556, 1557, 1559, 1561, 1562, 1563, 1564, 1570, 1581, 1582, 1583, 1594, 1595, 1596, 1606, 1608, 1609, 1610, 1611, 1613, 1614, 1619, 1623, 1624, 1625, 1626, 1638, 1640, 1653, 1654, 1666, 1667, 1668, 1679, 1681, 1682, 1683, 1684, 1685, 1686, 1687, 1692, 1693, 1694, 1702, 1712, 1714, 1715, 1716, 1717, 1729, 1730, 1738, 1739, 1740, 1741, 1744, 1759, 1765, 1767, 1768, 1778, 1780, 1791, 1792, 1793, 1794, 1795, 1796, 1802, 1803, 1804, 1805, 1806, 1807, 1809, 1810, 1811, 1812, 1813, 1814, 1815, 1816, 1817, 1818, 1819, 1820, 1823, 1838, 1847, 1848, 1849, 1852, 1855, 1859, 1860, 1861, 1862, 1863, 1865, 1885, 1888, 1889, 1890, 1891, 1892, 1895, 1896], "excluded_lines": [406, 407, 444, 445, 472, 473, 715, 716, 717, 718, 1033, 1034, 1035, 1042, 1053]}}}, "src/DocsToKG/DocParsing/cli_errors.py": {"executed_lines": [], "summary": {"covered_lines": 0, "num_statements": 20, "percent_covered": 0.0, "percent_covered_display": "0", "missing_lines": 20, "excluded_lines": 23}, "missing_lines": [11, 13, 14, 16, 25, 26, 29, 30, 31, 32, 45, 48, 57, 60, 69, 72, 81, 84, 85, 86], "excluded_lines": [34, 35, 36, 37, 39, 40, 41, 42, 50, 51, 52, 53, 54, 62, 63, 64, 65, 66, 74, 75, 76, 77, 78], "functions": {"CLIValidationError.__post_init__": {"executed_lines": [], "summary": {"covered_lines": 0, "num_statements": 0, "percent_covered": 100.0, "percent_covered_display": "100", "missing_lines": 0, "excluded_lines": 3}, "missing_lines": [], "excluded_lines": [35, 36, 37]}, "CLIValidationError.__str__": {"executed_lines": [], "summary": {"covered_lines": 0, "num_statements": 0, "percent_covered": 100.0, "percent_covered_display": "100", "missing_lines": 0, "excluded_lines": 3}, "missing_lines": [], "excluded_lines": [40, 41, 42]}, "ChunkingCLIValidationError.__post_init__": {"executed_lines": [], "summary": {"covered_lines": 0, "num_statements": 0, "percent_covered": 100.0, "percent_covered_display": "100", "missing_lines": 0, "excluded_lines": 4}, "missing_lines": [], "excluded_lines": [51, 52, 53, 54]}, "DoctagsCLIValidationError.__post_init__": {"executed_lines": [], "summary": {"covered_lines": 0, "num_statements": 0, "percent_covered": 100.0, "percent_covered_display": "100", "missing_lines": 0, "excluded_lines": 4}, "missing_lines": [], "excluded_lines": [63, 64, 65, 66]}, "EmbeddingCLIValidationError.__post_init__": {"executed_lines": [], "summary": {"covered_lines": 0, "num_statements": 0, "percent_covered": 100.0, "percent_covered_display": "100", "missing_lines": 0, "excluded_lines": 4}, "missing_lines": [], "excluded_lines": [75, 76, 77, 78]}, "format_cli_error": {"executed_lines": [], "summary": {"covered_lines": 0, "num_statements": 3, "percent_covered": 0.0, "percent_covered_display": "0", "missing_lines": 3, "excluded_lines": 0}, "missing_lines": [84, 85, 86], "excluded_lines": []}, "": {"executed_lines": [], "summary": {"covered_lines": 0, "num_statements": 17, "percent_covered": 0.0, "percent_covered_display": "0", "missing_lines": 17, "excluded_lines": 5}, "missing_lines": [11, 13, 14, 16, 25, 26, 29, 30, 31, 32, 45, 48, 57, 60, 69, 72, 81], "excluded_lines": [34, 39, 50, 62, 74]}}, "classes": {"CLIValidationError": {"executed_lines": [], "summary": {"covered_lines": 0, "num_statements": 0, "percent_covered": 100.0, "percent_covered_display": "100", "missing_lines": 0, "excluded_lines": 6}, "missing_lines": [], "excluded_lines": [35, 36, 37, 40, 41, 42]}, "ChunkingCLIValidationError": {"executed_lines": [], "summary": {"covered_lines": 0, "num_statements": 0, "percent_covered": 100.0, "percent_covered_display": "100", "missing_lines": 0, "excluded_lines": 4}, "missing_lines": [], "excluded_lines": [51, 52, 53, 54]}, "DoctagsCLIValidationError": {"executed_lines": [], "summary": {"covered_lines": 0, "num_statements": 0, "percent_covered": 100.0, "percent_covered_display": "100", "missing_lines": 0, "excluded_lines": 4}, "missing_lines": [], "excluded_lines": [63, 64, 65, 66]}, "EmbeddingCLIValidationError": {"executed_lines": [], "summary": {"covered_lines": 0, "num_statements": 0, "percent_covered": 100.0, "percent_covered_display": "100", "missing_lines": 0, "excluded_lines": 4}, "missing_lines": [], "excluded_lines": [75, 76, 77, 78]}, "": {"executed_lines": [], "summary": {"covered_lines": 0, "num_statements": 20, "percent_covered": 0.0, "percent_covered_display": "0", "missing_lines": 20, "excluded_lines": 5}, "missing_lines": [11, 13, 14, 16, 25, 26, 29, 30, 31, 32, 45, 48, 57, 60, 69, 72, 81, 84, 85, 86], "excluded_lines": [34, 39, 50, 62, 74]}}}, "src/DocsToKG/DocParsing/cli_unified.py": {"executed_lines": [], "summary": {"covered_lines": 0, "num_statements": 238, "percent_covered": 0.0, "percent_covered_display": "0", "missing_lines": 238, "excluded_lines": 0}, "missing_lines": [16, 18, 19, 21, 24, 25, 29, 30, 31, 37, 44, 45, 53, 54, 109, 111, 112, 113, 114, 116, 119, 130, 131, 132, 140, 141, 164, 165, 166, 167, 169, 170, 173, 174, 176, 179, 180, 181, 182, 183, 186, 187, 188, 190, 191, 192, 193, 195, 196, 197, 199, 201, 202, 204, 207, 208, 209, 210, 211, 213, 214, 215, 218, 219, 240, 242, 243, 246, 247, 249, 250, 252, 253, 254, 255, 256, 257, 258, 260, 261, 262, 270, 271, 304, 305, 306, 307, 309, 311, 312, 313, 314, 315, 316, 317, 318, 319, 320, 321, 322, 325, 329, 332, 335, 336, 337, 339, 340, 342, 343, 345, 347, 349, 350, 351, 354, 355, 396, 397, 398, 399, 401, 403, 404, 405, 406, 407, 408, 409, 410, 411, 412, 413, 414, 415, 416, 418, 421, 426, 427, 429, 430, 432, 434, 436, 437, 438, 441, 442, 478, 479, 480, 481, 483, 485, 486, 487, 488, 489, 492, 493, 494, 495, 496, 498, 501, 506, 507, 509, 510, 512, 514, 516, 517, 518, 521, 522, 543, 544, 545, 546, 548, 549, 550, 551, 556, 557, 559, 560, 562, 563, 564, 565, 567, 570, 571, 573, 574, 576, 577, 578, 579, 581, 584, 585, 587, 588, 590, 591, 592, 594, 596, 598, 599, 600, 601, 602, 605, 606, 627, 628, 629, 630, 632, 633, 634, 642, 644, 645, 646, 647, 648, 649, 650, 651, 654, 655, 657], "excluded_lines": [], "functions": {"root_callback": {"executed_lines": [], "summary": {"covered_lines": 0, "num_statements": 10, "percent_covered": 0.0, "percent_covered_display": "0", "missing_lines": 10, "excluded_lines": 0}, "missing_lines": [109, 111, 112, 113, 114, 116, 119, 130, 131, 132], "excluded_lines": []}, "config_show": {"executed_lines": [], "summary": {"covered_lines": 0, "num_statements": 36, "percent_covered": 0.0, "percent_covered_display": "0", "missing_lines": 36, "excluded_lines": 0}, "missing_lines": [164, 165, 166, 167, 169, 170, 173, 174, 176, 179, 180, 181, 182, 183, 186, 187, 188, 190, 191, 192, 193, 195, 196, 197, 199, 201, 202, 204, 207, 208, 209, 210, 211, 213, 214, 215], "excluded_lines": []}, "config_diff": {"executed_lines": [], "summary": {"covered_lines": 0, "num_statements": 17, "percent_covered": 0.0, "percent_covered_display": "0", "missing_lines": 17, "excluded_lines": 0}, "missing_lines": [240, 242, 243, 246, 247, 249, 250, 252, 253, 254, 255, 256, 257, 258, 260, 261, 262], "excluded_lines": []}, "doctags": {"executed_lines": [], "summary": {"covered_lines": 0, "num_statements": 32, "percent_covered": 0.0, "percent_covered_display": "0", "missing_lines": 32, "excluded_lines": 0}, "missing_lines": [304, 305, 306, 307, 309, 311, 312, 313, 314, 315, 316, 317, 318, 319, 320, 321, 322, 325, 329, 332, 335, 336, 337, 339, 340, 342, 343, 345, 347, 349, 350, 351], "excluded_lines": []}, "chunk": {"executed_lines": [], "summary": {"covered_lines": 0, "num_statements": 30, "percent_covered": 0.0, "percent_covered_display": "0", "missing_lines": 30, "excluded_lines": 0}, "missing_lines": [396, 397, 398, 399, 401, 403, 404, 405, 406, 407, 408, 409, 410, 411, 412, 413, 414, 415, 416, 418, 421, 426, 427, 429, 430, 432, 434, 436, 437, 438], "excluded_lines": []}, "embed": {"executed_lines": [], "summary": {"covered_lines": 0, "num_statements": 26, "percent_covered": 0.0, "percent_covered_display": "0", "missing_lines": 26, "excluded_lines": 0}, "missing_lines": [478, 479, 480, 481, 483, 485, 486, 487, 488, 489, 492, 493, 494, 495, 496, 498, 501, 506, 507, 509, 510, 512, 514, 516, 517, 518], "excluded_lines": []}, "all": {"executed_lines": [], "summary": {"covered_lines": 0, "num_statements": 40, "percent_covered": 0.0, "percent_covered_display": "0", "missing_lines": 40, "excluded_lines": 0}, "missing_lines": [543, 544, 545, 546, 548, 549, 550, 551, 556, 557, 559, 560, 562, 563, 564, 565, 567, 570, 571, 573, 574, 576, 577, 578, 579, 581, 584, 585, 587, 588, 590, 591, 592, 594, 596, 598, 599, 600, 601, 602], "excluded_lines": []}, "inspect": {"executed_lines": [], "summary": {"covered_lines": 0, "num_statements": 7, "percent_covered": 0.0, "percent_covered_display": "0", "missing_lines": 7, "excluded_lines": 0}, "missing_lines": [627, 628, 629, 630, 632, 633, 634], "excluded_lines": []}, "main": {"executed_lines": [], "summary": {"covered_lines": 0, "num_statements": 8, "percent_covered": 0.0, "percent_covered_display": "0", "missing_lines": 8, "excluded_lines": 0}, "missing_lines": [644, 645, 646, 647, 648, 649, 650, 651], "excluded_lines": []}, "": {"executed_lines": [], "summary": {"covered_lines": 0, "num_statements": 32, "percent_covered": 0.0, "percent_covered_display": "0", "missing_lines": 32, "excluded_lines": 0}, "missing_lines": [16, 18, 19, 21, 24, 25, 29, 30, 31, 37, 44, 45, 53, 54, 140, 141, 218, 219, 270, 271, 354, 355, 441, 442, 521, 522, 605, 606, 642, 654, 655, 657], "excluded_lines": []}}, "classes": {"": {"executed_lines": [], "summary": {"covered_lines": 0, "num_statements": 238, "percent_covered": 0.0, "percent_covered_display": "0", "missing_lines": 238, "excluded_lines": 0}, "missing_lines": [16, 18, 19, 21, 24, 25, 29, 30, 31, 37, 44, 45, 53, 54, 109, 111, 112, 113, 114, 116, 119, 130, 131, 132, 140, 141, 164, 165, 166, 167, 169, 170, 173, 174, 176, 179, 180, 181, 182, 183, 186, 187, 188, 190, 191, 192, 193, 195, 196, 197, 199, 201, 202, 204, 207, 208, 209, 210, 211, 213, 214, 215, 218, 219, 240, 242, 243, 246, 247, 249, 250, 252, 253, 254, 255, 256, 257, 258, 260, 261, 262, 270, 271, 304, 305, 306, 307, 309, 311, 312, 313, 314, 315, 316, 317, 318, 319, 320, 321, 322, 325, 329, 332, 335, 336, 337, 
[...]
_lines": [], "summary": {"covered_lines": 0, "num_statements": 0, "percent_covered": 100.0, "percent_covered_display": "100", "missing_lines": 0, "excluded_lines": 3}, "missing_lines": [], "excluded_lines": [109, 112, 115]}, "LexicalEmbeddingBackend": {"executed_lines": [], "summary": {"covered_lines": 0, "num_statements": 0, "percent_covered": 100.0, "percent_covered_display": "100", "missing_lines": 0, "excluded_lines": 4}, "missing_lines": [], "excluded_lines": [125, 128, 131, 138]}, "": {"executed_lines": [], "summary": {"covered_lines": 0, "num_statements": 43, "percent_covered": 0.0, "percent_covered_display": "0", "missing_lines": 43, "excluded_lines": 34}, "missing_lines": [3, 5, 6, 7, 9, 12, 13, 16, 17, 18, 21, 22, 25, 26, 27, 30, 31, 34, 35, 36, 37, 38, 39, 40, 41, 42, 44, 64, 65, 68, 69, 70, 71, 72, 81, 82, 85, 102, 103, 106, 118, 119, 122], "excluded_lines": [74, 86, 87, 89, 90, 92, 93, 94, 95, 96, 97, 98, 100, 101, 107, 108, 110, 111, 113, 114, 116, 117, 123, 124, 126, 127, 129, 130, 132, 133, 134, 135, 136, 137]}}}, "src/DocsToKG/DocParsing/embedding/backends/factory.py": {"executed_lines": [], "summary": {"covered_lines": 0, "num_statements": 128, "percent_covered": 0.0, "percent_covered_display": "0", "missing_lines": 128, "excluded_lines": 2}, "missing_lines": [3, 5, 6, 7, 8, 10, 12, 21, 22, 23, 24, 25, 26, 27, 28, 31, 32, 35, 36, 37, 38, 40, 41, 42, 43, 44, 46, 47, 49, 50, 51, 52, 53, 54, 58, 59, 60, 61, 62, 63, 64, 65, 66, 69, 72, 73, 78, 79, 80, 92, 93, 94, 96, 98, 99, 100, 101, 102, 103, 104, 105, 106, 107, 108, 109, 111, 112, 113, 114, 115, 116, 117, 118, 119, 120, 121, 122, 123, 129, 130, 142, 143, 144, 145, 146, 147, 153, 158, 159, 160, 161, 162, 163, 169, 178, 179, 181, 182, 183, 184, 191, 192, 193, 194, 195, 196, 197, 198, 204, 205, 206, 207, 213, 222, 224, 225, 226, 227, 228, 229, 230, 231, 232, 233, 239, 240, 244, 247], "excluded_lines": [55, 56], "functions": {"ProviderBundle.__enter__": {"executed_lines": [], "summary": {"covered_lines": 0, "num_statements": 4, "percent_covered": 0.0, "percent_covered_display": "0", "missing_lines": 4, "excluded_lines": 0}, "missing_lines": [41, 42, 43, 44], "excluded_lines": []}, "ProviderBundle.__exit__": {"executed_lines": [], "summary": {"covered_lines": 0, "num_statements": 1, "percent_covered": 0.0, "percent_covered_display": "0", "missing_lines": 1, "excluded_lines": 0}, "missing_lines": [47], "excluded_lines": []}, "ProviderBundle.close": {"executed_lines": [], "summary": {"covered_lines": 0, "num_statements": 5, "percent_covered": 0.0, "percent_covered_display": "0", "missing_lines": 5, "excluded_lines": 2}, "missing_lines": [50, 51, 52, 53, 54], "excluded_lines": [55, 56]}, "ProviderBundle.identities": {"executed_lines": [], "summary": {"covered_lines": 0, "num_statements": 8, "percent_covered": 0.0, "percent_covered_display": "0", "missing_lines": 8, "excluded_lines": 0}, "missing_lines": [59, 60, 61, 62, 63, 64, 65, 66], "excluded_lines": []}, "ProviderFactory.create": {"executed_lines": [], "summary": {"covered_lines": 0, "num_statements": 7, "percent_covered": 0.0, "percent_covered_display": "0", "missing_lines": 7, "excluded_lines": 0}, "missing_lines": [78, 79, 80, 92, 93, 94, 96], "excluded_lines": []}, "ProviderFactory._build_dense": {"executed_lines": [], "summary": {"covered_lines": 0, "num_statements": 10, "percent_covered": 0.0, "percent_covered_display": "0", "missing_lines": 10, "excluded_lines": 0}, "missing_lines": [100, 101, 102, 103, 104, 105, 106, 107, 108, 109], "excluded_lines": []}, "ProviderFactory._build_dense_inner": {"executed_lines": [], "summary": {"covered_lines": 0, "num_statements": 33, "percent_covered": 0.0, "percent_covered_display": "0", "missing_lines": 33, "excluded_lines": 0}, "missing_lines": [113, 114, 115, 116, 117, 118, 119, 120, 121, 122, 123, 129, 130, 142, 143, 144, 145, 146, 147, 153, 158, 159, 160, 161, 162, 163, 169, 178, 179, 181, 182, 183, 184], "excluded_lines": []}, "ProviderFactory._build_sparse": {"executed_lines": [], "summary": {"covered_lines": 0, "num_statements": 12, "percent_covered": 0.0, "percent_covered_display": "0", "missing_lines": 12, "excluded_lines": 0}, "missing_lines": [193, 194, 195, 196, 197, 198, 204, 205, 206, 207, 213, 222], "excluded_lines": []}, "ProviderFactory._build_lexical": {"executed_lines": [], "summary": {"covered_lines": 0, "num_statements": 11, "percent_covered": 0.0, "percent_covered_display": "0", "missing_lines": 11, "excluded_lines": 0}, "missing_lines": [226, 227, 228, 229, 230, 231, 232, 233, 239, 240, 244], "excluded_lines": []}, "": {"executed_lines": [], "summary": {"covered_lines": 0, "num_statements": 37, "percent_covered": 0.0, "percent_covered_display": "0", "missing_lines": 37, "excluded_lines": 0}, "missing_lines": [3, 5, 6, 7, 8, 10, 12, 21, 22, 23, 24, 25, 26, 27, 28, 31, 32, 35, 36, 37, 38, 40, 46, 49, 58, 69, 72, 73, 98, 99, 111, 112, 191, 192, 224, 225, 247], "excluded_lines": []}}, "classes": {"ProviderBundle": {"executed_lines": [], "summary": {"covered_lines": 0, "num_statements": 18, "percent_covered": 0.0, "percent_covered_display": "0", "missing_lines": 18, "excluded_lines": 2}, "missing_lines": [41, 42, 43, 44, 47, 50, 51, 52, 53, 54, 59, 60, 61, 62, 63, 64, 65, 66], "excluded_lines": [55, 56]}, "ProviderFactory": {"executed_lines": [], "summary": {"covered_lines": 0, "num_statements": 73, "percent_covered": 0.0, "percent_covered_display": "0", "missing_lines": 73, "excluded_lines": 0}, "missing_lines": [78, 79, 80, 92, 93, 94, 96, 100, 101, 102, 103, 104, 105, 106, 107, 108, 109, 113, 114, 115, 116, 117, 118, 119, 120, 121, 122, 123, 129, 130, 142, 143, 144, 145, 146, 147, 153, 158, 159, 160, 161, 162, 163, 169, 178, 179, 181, 182, 183, 184, 193, 194, 195, 196, 197, 198, 204, 205, 206, 207, 213, 222, 226, 227, 228, 229, 230, 231, 232, 233, 239, 240, 244], "excluded_lines": []}, "": {"executed_lines": [], "summary": {"covered_lines": 0, "num_statements": 37, "percent_covered": 0.0, "percent_covered_display": "0", "missing_lines": 37, "excluded_lines": 0}, "missing_lines": [3, 5, 6, 7, 8, 10, 12, 21, 22, 23, 24, 25, 26, 27, 28, 31, 32, 35, 36, 37, 38, 40, 46, 49, 58, 69, 72, 73, 98, 99, 111, 112, 191, 192, 224, 225, 247], "excluded_lines": []}}}, "src/DocsToKG/DocParsing/embedding/backends/nulls.py": {"executed_lines": [], "summary": {"covered_lines": 0, "num_statements": 21, "percent_covered": 0.0, "percent_covered_display": "0", "missing_lines": 21, "excluded_lines": 12}, "missing_lines": [8, 10, 12, 22, 23, 24, 26, 27, 44, 45, 47, 48, 54, 55, 57, 58, 64, 65, 67, 68, 77], "excluded_lines": [37, 38, 40, 41, 50, 51, 60, 61, 70, 71, 73, 74], "functions": {"_NullMixin._error": {"executed_lines": [], "summary": {"covered_lines": 0, "num_statements": 1, "percent_covered": 0.0, "percent_covered_display": "0", "missing_lines": 1, "excluded_lines": 0}, "missing_lines": [27], "excluded_lines": []}, "_NullMixin.open": {"executed_lines": [], "summary": {"covered_lines": 0, "num_statements": 0, "percent_covered": 100.0, "percent_covered_display": "100", "missing_lines": 0, "excluded_lines": 1}, "missing_lines": [], "excluded_lines": [38]}, "_NullMixin.close": {"executed_lines": [], "summary": {"covered_lines": 0, "num_statements": 0, "percent_covered": 100.0, "percent_covered_display": "100", "missing_lines": 0, "excluded_lines": 1}, "missing_lines": [], "excluded_lines": [41]}, "NullDenseProvider.__init__": {"executed_lines": [], "summary": {"covered_lines": 0, "num_statements": 1, "percent_covered": 0.0, "percent_covered_display": "0", "missing_lines": 1, "excluded_lines": 0}, "missing_lines": [48], "excluded_lines": []}, "NullDenseProvider.embed": {"executed_lines": [], "summary": {"covered_lines": 0, "num_statements": 0, "percent_covered": 100.0, "percent_covered_display": "100", "missing_lines": 0, "excluded_lines": 1}, "missing_lines": [], "excluded_lines": [51]}, "NullSparseProvider.__init__": {"executed_lines": [], "summary": {"covered_lines": 0, "num_statements": 1, "percent_covered": 0.0, "percent_covered_display": "0", "missing_lines": 1, "excluded_lines": 0}, "missing_lines": [58], "excluded_lines": []}, "NullSparseProvider.encode": {"executed_lines": [], "summary": {"covered_lines": 0, "num_statements": 0, "percent_covered": 100.0, "percent_covered_display": "100", "missing_lines": 0, "excluded_lines": 1}, "missing_lines": [], "excluded_lines": [61]}, "NullLexicalProvider.__init__": {"executed_lines": [], "summary": {"covered_lines": 0, "num_statements": 1, "percent_covered": 0.0, "percent_covered_display": "0", "missing_lines": 1, "excluded_lines": 0}, "missing_lines": [68], "excluded_lines": []}, "NullLexicalProvider.accumulate_stats": {"executed_lines": [], "summary": {"covered_lines": 0, "num_statements": 0, "percent_covered": 100.0, "percent_covered_display": "100", "missing_lines": 0, "excluded_lines": 1}, "missing_lines": [], "excluded_lines": [71]}, "NullLexicalProvider.vector": {"executed_lines": [], "summary": {"covered_lines": 0, "num_statements": 0, "percent_covered": 100.0, "percent_covered_display": "100", "missing_lines": 0, "excluded_lines": 1}, "missing_lines": [], "excluded_lines": [74]}, "": {"executed_lines": [], "summary": {"covered_lines": 0, "num_statements": 17, "percent_covered": 0.0, "percent_covered_display": "0", "missing_lines": 17, "excluded_lines": 6}, "missing_lines": [8, 10, 12, 22, 23, 24, 26, 44, 45, 47, 54, 55, 57, 64, 65, 67, 77], "excluded_lines": [37, 40, 50, 60, 70, 73]}}, "classes": {"_NullMixin": {"executed_lines": [], "summary": {"covered_lines": 0, "num_statements": 1, "percent_covered": 0.0, "percent_covered_display": "0", "missing_lines": 1, "excluded_lines": 2}, "missing_lines": [27], "excluded_lines": [38, 41]}, "NullDenseProvider": {"executed_lines": [], "summary": {"covered_lines": 0, "num_statements": 1, "percent_covered": 0.0, "percent_covered_display": "0", "missing_lines": 1, "excluded_lines": 1}, "missing_lines": [48], "excluded_lines": [51]}, "NullSparseProvider": {"executed_lines": [], "summary": {"covered_lines": 0, "num_statements": 1, "percent_covered": 0.0, "percent_covered_display": "0", "missing_lines": 1, "excluded_lines": 1}, "missing_lines": [58], "excluded_lines": [61]}, "NullLexicalProvider": {"executed_lines": [], "summary": {"covered_lines": 0, "num_statements": 1, "percent_covered": 0.0, "percent_covered_display": "0", "missing_lines": 1, "excluded_lines": 2}, "missing_lines": [68], "excluded_lines": [71, 74]}, "": {"executed_lines": [], "summary": {"covered_lines": 0, "num_statements": 17, "percent_covered": 0.0, "percent_covered_display": "0", "missing_lines": 17, "excluded_lines": 6}, "missing_lines": [8, 10, 12, 22, 23, 24, 26, 44, 45, 47, 54, 55, 57, 64, 65, 67, 77], "excluded_lines": [37, 40, 50, 60, 70, 73]}}}, "src/DocsToKG/DocParsing/embedding/backends/utils.py": {"executed_lines": [], "summary": {"covered_lines": 0, "num_statements": 38, "percent_covered": 0.0, "percent_covered_display": "0", "missing_lines": 38, "excluded_lines": 0}, "missing_lines": [9, 11, 12, 13, 16, 25, 26, 27, 28, 29, 30, 33, 36, 37, 38, 41, 53, 54, 55, 56, 57, 58, 59, 60, 61, 62, 63, 64, 67, 70, 71, 74, 77, 78, 79, 80, 81, 82], "excluded_lines": [], "functions": {"resolve_device": {"executed_lines": [], "summary": {"covered_lines": 0, "num_statements": 6, "percent_covered": 0.0, "percent_covered_display": "0", "missing_lines": 6, "excluded_lines": 0}, "missing_lines": [25, 26, 27, 28, 29, 30], "excluded_lines": []}, "resolve_cache_dir": {"executed_lines": [], "summary": {"covered_lines": 0, "num_statements": 3, "percent_covered": 0.0, "percent_covered_display": "0", "missing_lines": 3, "excluded_lines": 0}, "missing_lines": [36, 37, 38], "excluded_lines": []}, "normalise_vectors": {"executed_lines": [], "summary": {"covered_lines": 0, "num_statements": 12, "percent_covered": 0.0, "percent_covered_display": "0", "missing_lines": 12, "excluded_lines": 0}, "missing_lines": [53, 54, 55, 56, 57, 58, 59, 60, 61, 62, 63, 64], "excluded_lines": []}, "bounded_batch_size": {"executed_lines": [], "summary": {"covered_lines": 0, "num_statements": 2, "percent_covered": 0.0, "percent_covered_display": "0", "missing_lines": 2, "excluded_lines": 0}, "missing_lines": [70, 71], "excluded_lines": []}, "coerce_telemetry_tags": {"executed_lines": [], "summary": {"covered_lines": 0, "num_statements": 6, "percent_covered": 0.0, "percent_covered_display": "0", "missing_lines": 6, "excluded_lines": 0}, "missing_lines": [77, 78, 79, 80, 81, 82], "excluded_lines": []}, "": {"executed_lines": [], "summary": {"covered_lines": 0, "num_statements": 9, "percent_covered": 0.0, "percent_covered_display": "0", "missing_lines": 9, "excluded_lines": 0}, "missing_lines": [9, 11, 12, 13, 16, 33, 41, 67, 74], "excluded_lines": []}}, "classes": {"": {"executed_lines": [], "summary": {"covered_lines": 0, "num_statements": 38, "percent_covered": 0.0, "percent_covered_display": "0", "missing_lines": 38, "excluded_lines": 0}, "missing_lines": [9, 11, 12, 13, 16, 25, 26, 27, 28, 29, 30, 33, 36, 37, 38, 41, 53, 54, 55, 56, 57, 58, 59, 60, 61, 62, 63, 64, 67, 70, 71, 74, 77, 78, 79, 80, 81, 82], "excluded_lines": []}}}, "src/DocsToKG/DocParsing/embedding/cli.py": {"executed_lines": [], "summary": {"covered_lines": 0, "num_statements": 19, "percent_covered": 0.0, "percent_covered_display": "0", "missing_lines": 19, "excluded_lines": 0}, "missing_lines": [29, 31, 32, 33, 35, 36, 37, 39, 41, 474, 477, 478, 479, 480, 485, 488, 491, 492, 495], "excluded_lines": [], "functions": {"build_parser": {"executed_lines": [], "summary": {"covered_lines": 0, "num_statements": 5, "percent_covered": 0.0, "percent_covered_display": "0", "missing_lines": 5, "excluded_lines": 0}, "missing_lines": [477, 478, 479, 480, 485], "excluded_lines": []}, "parse_args": {"executed_lines": [], "summary": {"covered_lines": 0, "num_statements": 2, "percent_covered": 0.0, "percent_covered_display": "0", "missing_lines": 2, "excluded_lines": 0}, "missing_lines": [491, 492], "excluded_lines": []}, "": {"executed_lines": [], "summary": {"covered_lines": 0, "num_statements": 12, "percent_covered": 0.0, "percent_covered_display": "0", "missing_lines": 12, "excluded_lines": 0}, "missing_lines": [29, 31, 32, 33, 35, 36, 37, 39, 41, 474, 488, 495], "excluded_lines": []}}, "classes": {"": {"executed_lines": [], "summary": {"covered_lines": 0, "num_statements": 19, "percent_covered": 0.0, "percent_covered_display": "0", "missing_lines": 19, "excluded_lines": 0}, "missing_lines": [29, 31, 32, 33, 35, 36, 37, 39, 41, 474, 477, 478, 479, 480, 485, 488, 491, 492, 495], "excluded_lines": []}}}, "src/DocsToKG/DocParsing/embedding/config.py": {"executed_lines": [], "summary": {"covered_lines": 0, "num_statements": 242, "percent_covered": 0.0, "percent_covered_display": "0", "missing_lines": 242, "excluded_lines": 0}, "missing_lines": [11, 13, 14, 15, 16, 17, 18, 20, 21, 22, 24, 26, 66, 67, 70, 71, 72, 73, 74, 75, 76, 77, 78, 79, 80, 81, 82, 83, 84, 85, 86, 87, 88, 89, 90, 91, 92, 93, 94, 95, 96, 98, 99, 100, 101, 102, 103, 104, 105, 106, 107, 108, 109, 110, 111, 112, 113, 114, 115, 116, 117, 118, 119, 120, 121, 122, 123, 124, 125, 126, 128, 187, 249, 252, 253, 255, 256, 257, 259, 260, 262, 263, 265, 267, 268, 270, 272, 273, 276, 277, 278, 279, 280, 281, 282, 283, 287, 288, 289, 290, 291, 292, 293, 294, 296, 297, 301, 302, 306, 307, 311, 312, 313, 314, 315, 316, 320, 321, 327, 328, 329, 330, 334, 335, 339, 340, 341, 342, 345, 347, 348, 349, 350, 351, 352, 353, 354, 355, 358, 359, 360, 361, 365, 366, 370, 371, 372, 373, 375, 376, 377, 378, 379, 382, 383, 384, 385, 389, 390, 391, 392, 394, 395, 396, 400, 401, 405, 406, 412, 413, 414, 415, 416, 417, 420, 421, 422, 423, 425, 426, 427, 428, 429, 430, 433, 436, 439, 442, 445, 448, 451, 452, 453, 455, 456, 458, 459, 460, 461, 462, 463, 464, 465, 466, 467, 468, 469, 470, 471, 472, 473, 474, 475, 476, 477, 479, 480, 481, 482, 483, 484, 485, 486, 487, 488, 489, 490, 491, 492, 493, 494, 495, 496, 497, 498, 500, 501, 502, 503, 505, 508, 560], "excluded_lines": [], "functions": {"EmbedCfg.finalize": {"executed_lines": [], "summary": {"covered_lines": 0, "num_statements": 122, "percent_covered": 0.0, "percent_covered_display": "0", "missing_lines": 122, "excluded_lines": 0}, "missing_lines": [252, 253, 255, 256, 257, 259, 260, 262, 263, 265, 267, 268, 270, 272, 273, 276, 277, 278, 279, 280, 281, 282, 283, 287, 288, 289, 290, 291, 292, 293, 294, 296, 297, 301, 302, 306, 307, 311, 312, 313, 314, 315, 316, 320, 321, 327, 328, 329, 330, 334, 335, 339, 340, 341, 342, 345, 347, 348, 349, 350, 351, 352, 353, 354, 355, 358, 359, 360, 361, 365, 366, 370, 371, 372, 373, 375, 376, 377, 378, 379, 382, 383, 384, 385, 389, 390, 391, 392, 394, 395, 396, 400, 401, 405, 406, 412, 413, 414, 415, 416, 417, 420, 421, 422, 423, 425, 426, 427, 428, 429, 430, 433, 436, 439, 442, 445, 448, 451, 452, 453, 455, 456], "excluded_lines": []}, "EmbedCfg._coerce_str_dict": {"executed_lines": [], "summary": {"covered_lines": 0, "num_statements": 42, "percent_covered": 0.0, "percent_covered_display": "0", "missing_lines": 42, "excluded_lines": 0}, "missing_lines": [460, 461, 462, 463, 464, 465, 466, 467, 468, 469, 470, 471, 472, 473, 474, 475, 476, 477, 479, 480, 481, 482, 483, 484, 485, 486, 487, 488, 489, 490, 491, 492, 493, 494, 495, 496, 497, 498, 500, 501, 502, 503], "excluded_lines": []}, "EmbedCfg.provider_settings": {"executed_lines": [], "summary": {"covered_lines": 0, "num_statements": 1, "percent_covered": 0.0, "percent_covered_display": "0", "missing_lines": 1, "excluded_lines": 0}, "missing_lines": [508], "excluded_lines": []}, "": {"executed_lines": [], "summary": {"covered_lines": 0, "num_statements": 77, "percent_covered": 0.0, "percent_covered_display": "0", "missing_lines": 77, "excluded_lines": 0}, "missing_lines": [11, 13, 14, 15, 16, 17, 18, 20, 21, 22, 24, 26, 66, 67, 70, 71, 72, 73, 74, 75, 76, 77, 78, 79, 80, 81, 82, 83, 84, 85, 86, 87, 88, 89, 90, 91, 92, 93, 94, 95, 96, 98, 99, 100, 101, 102, 103, 104, 105, 106, 107, 108, 109, 110, 111, 112, 113, 114, 115, 116, 117, 118, 119, 120, 121, 122, 123, 124, 125, 126, 128, 187, 249, 458, 459, 505, 560], "excluded_lines": []}}, "classes": {"EmbedCfg": {"executed_lines": [], "summary": {"covered_lines": 0, "num_statements": 165, "percent_covered": 0.0, "percent_covered_display": "0", "missing_lines": 165, "excluded_lines": 0}, "missing_lines": [252, 253, 255, 256, 257, 259, 260, 262, 263, 265, 267, 268, 270, 272, 273, 276, 277, 278, 279, 280, 281, 282, 283, 287, 288, 289, 290, 291, 292, 293, 294, 296, 297, 301, 302, 306, 307, 311, 312, 313, 314, 315, 316, 320, 321, 327, 328, 329, 330, 334, 335, 339, 340, 341, 342, 345, 347, 348, 349, 350, 351, 352, 353, 354, 355, 358, 359, 360, 361, 365, 366, 370, 371, 372, 373, 375, 376, 377, 378, 379, 382, 383, 384, 385, 389, 390, 391, 392, 394, 395, 396, 400, 401, 405, 406, 412, 413, 414, 415, 416, 417, 420, 421, 422, 423, 425, 426, 427, 428, 429, 430, 433, 436, 439, 442, 445, 448, 451, 452, 453, 455, 456, 460, 461, 462, 463, 464, 465, 466, 467, 468, 469, 470, 471, 472, 473, 474, 475, 476, 477, 479, 480, 481, 482, 483, 484, 485, 486, 487, 488, 489, 490, 491, 492, 493, 494, 495, 496, 497, 498, 500, 501, 502, 503, 508], "excluded_lines": []}, "": {"executed_lines": [], "summary": {"covered_lines": 0, "num_statements": 77, "percent_covered": 0.0, "percent_covered_display": "0", "missing_lines": 77, "excluded_lines": 0}, "missing_lines": [11, 13, 14, 15, 16, 17, 18, 20, 21, 22, 24, 26, 66, 67, 70, 71, 72, 73, 74, 75, 76, 77, 78, 79, 80, 81, 82, 83, 84, 85, 86, 87, 88, 89, 90, 91, 92, 93, 94, 95, 96, 98, 99, 100, 101, 102, 103, 104, 105, 106, 107, 108, 109, 110, 111, 112, 113, 114, 115, 116, 117, 118, 119, 120, 121, 122, 123, 124, 125, 126, 128, 187, 249, 458, 459, 505, 560], "excluded_lines": []}}}}, "totals": {"covered_lines": 272, "num_statements": 5141, "percent_covered": 5.290799455358879, "percent_covered_display": "5", "missing_lines": 4869, "excluded_lines": 295}}