{"meta": {"format": 3, "version": "7.11.0", "timestamp": "2025-10-21T05:56:26.613555", "branch_coverage": false, "show_contexts": false}, "files": {"src/DocsToKG/ContentDownload/cache_loader.py": {"executed_lines": [1, 20, 22, 23, 24, 25, 26, 27, 29, 30, 34, 35, 39, 42, 43, 45, 46, 47, 48, 49, 52, 53, 55, 56, 59, 60, 61, 63, 64, 65, 67, 73, 74, 75, 77, 78, 79, 81, 89, 90, 91, 93, 94, 96, 105, 106, 107, 109, 110, 111, 112, 115, 116, 117, 119, 120, 121, 123, 129, 162, 189, 208, 233, 291, 348], "summary": {"covered_lines": 57, "num_statements": 203, "percent_covered": 28.07881773399015, "percent_covered_display": "28", "missing_lines": 146, "excluded_lines": 0}, "missing_lines": [31, 32, 36, 37, 69, 70, 83, 84, 85, 86, 98, 99, 100, 101, 102, 125, 126, 148, 149, 150, 152, 153, 154, 155, 156, 157, 158, 159, 175, 176, 178, 179, 180, 182, 183, 184, 185, 186, 199, 200, 201, 202, 204, 205, 217, 218, 219, 220, 221, 222, 223, 224, 225, 226, 227, 229, 230, 248, 250, 251, 252, 255, 258, 260, 261, 262, 263, 264, 265, 266, 268, 269, 270, 271, 272, 273, 274, 275, 276, 277, 278, 279, 280, 281, 282, 283, 284, 285, 286, 288, 308, 310, 311, 312, 313, 314, 315, 316, 317, 318, 319, 321, 322, 323, 324, 325, 326, 327, 328, 329, 330, 331, 332, 333, 334, 335, 336, 337, 339, 340, 341, 342, 343, 345, 374, 377, 380, 388, 389, 396, 397, 398, 399, 400, 401, 402, 403, 411, 412, 413, 414, 415, 416, 417, 422, 425], "excluded_lines": [], "functions": {"CacheStorage.__post_init__": {"executed_lines": [], "summary": {"covered_lines": 0, "num_statements": 2, "percent_covered": 0.0, "percent_covered_display": "0", "missing_lines": 2, "excluded_lines": 0}, "missing_lines": [69, 70], "excluded_lines": []}, "CacheRolePolicy.__post_init__": {"executed_lines": [], "summary": {"covered_lines": 0, "num_statements": 4, "percent_covered": 0.0, "percent_covered_display": "0", "missing_lines": 4, "excluded_lines": 0}, "missing_lines": [83, 84, 85, 86], "excluded_lines": []}, "CacheHostPolicy.__post_init__": {"executed_lines": [], "summary": {"covered_lines": 0, "num_statements": 5, "percent_covered": 0.0, "percent_covered_display": "0", "missing_lines": 5, "excluded_lines": 0}, "missing_lines": [98, 99, 100, 101, 102], "excluded_lines": []}, "CacheConfig.__post_init__": {"executed_lines": [], "summary": {"covered_lines": 0, "num_statements": 2, "percent_covered": 0.0, "percent_covered_display": "0", "missing_lines": 2, "excluded_lines": 0}, "missing_lines": [125, 126], "excluded_lines": []}, "_normalize_host_key": {"executed_lines": [], "summary": {"covered_lines": 0, "num_statements": 11, "percent_covered": 0.0, "percent_covered_display": "0", "missing_lines": 11, "excluded_lines": 0}, "missing_lines": [148, 149, 150, 152, 153, 154, 155, 156, 157, 158, 159], "excluded_lines": []}, "_load_yaml": {"executed_lines": [], "summary": {"covered_lines": 0, "num_statements": 10, "percent_covered": 0.0, "percent_covered_display": "0", "missing_lines": 10, "excluded_lines": 0}, "missing_lines": [175, 176, 178, 179, 180, 182, 183, 184, 185, 186], "excluded_lines": []}, "_merge_dicts": {"executed_lines": [], "summary": {"covered_lines": 0, "num_statements": 6, "percent_covered": 0.0, "percent_covered_display": "0", "missing_lines": 6, "excluded_lines": 0}, "missing_lines": [199, 200, 201, 202, 204, 205], "excluded_lines": []}, "_parse_policy_value": {"executed_lines": [], "summary": {"covered_lines": 0, "num_statements": 13, "percent_covered": 0.0, "percent_covered_display": "0", "missing_lines": 13, "excluded_lines": 0}, "missing_lines": [217, 218, 219, 220, 221, 222, 223, 224, 225, 226, 227, 229, 230], "excluded_lines": []}, "_apply_env_overlays": {"executed_lines": [], "summary": {"covered_lines": 0, "num_statements": 33, "percent_covered": 0.0, "percent_covered_display": "0", "missing_lines": 33, "excluded_lines": 0}, "missing_lines": [248, 250, 251, 252, 255, 258, 260, 261, 262, 263, 264, 265, 266, 268, 269, 270, 271, 272, 273, 274, 275, 276, 277, 278, 279, 280, 281, 282, 283, 284, 285, 286, 288], "excluded_lines": []}, "_apply_cli_overrides": {"executed_lines": [], "summary": {"covered_lines": 0, "num_statements": 34, "percent_covered": 0.0, "percent_covered_display": "0", "missing_lines": 34, "excluded_lines": 0}, "missing_lines": [308, 310, 311, 312, 313, 314, 315, 316, 317, 318, 319, 321, 322, 323, 324, 325, 326, 327, 328, 329, 330, 331, 332, 333, 334, 335, 336, 337, 339, 340, 341, 342, 343, 345], "excluded_lines": []}, "load_cache_config": {"executed_lines": [], "summary": {"covered_lines": 0, "num_statements": 22, "percent_covered": 0.0, "percent_covered_display": "0", "missing_lines": 22, "excluded_lines": 0}, "missing_lines": [374, 377, 380, 388, 389, 396, 397, 398, 399, 400, 401, 402, 403, 411, 412, 413, 414, 415, 416, 417, 422, 425], "excluded_lines": []}, "": {"executed_lines": [1, 20, 22, 23, 24, 25, 26, 27, 29, 30, 34, 35, 39, 42, 43, 45, 46, 47, 48, 49, 52, 53, 55, 56, 59, 60, 61, 63, 64, 65, 67, 73, 74, 75, 77, 78, 79, 81, 89, 90, 91, 93, 94, 96, 105, 106, 107, 109, 110, 111, 112, 115, 116, 117, 119, 120, 121, 123, 129, 162, 189, 208, 233, 291, 348], "summary": {"covered_lines": 57, "num_statements": 61, "percent_covered": 93.44262295081967, "percent_covered_display": "93", "missing_lines": 4, "excluded_lines": 0}, "missing_lines": [31, 32, 36, 37], "excluded_lines": []}}, "classes": {"StorageKind": {"executed_lines": [], "summary": {"covered_lines": 0, "num_statements": 0, "percent_covered": 100.0, "percent_covered_display": "100", "missing_lines": 0, "excluded_lines": 0}, "missing_lines": [], "excluded_lines": []}, "CacheDefault": {"executed_lines": [], "summary": {"covered_lines": 0, "num_statements": 0, "percent_covered": 100.0, "percent_covered_display": "100", "missing_lines": 0, "excluded_lines": 0}, "missing_lines": [], "excluded_lines": []}, "CacheStorage": {"executed_lines": [], "summary": {"covered_lines": 0, "num_statements": 2, "percent_covered": 0.0, "percent_covered_display": "0", "missing_lines": 2, "excluded_lines": 0}, "missing_lines": [69, 70], "excluded_lines": []}, "CacheRolePolicy": {"executed_lines": [], "summary": {"covered_lines": 0, "num_statements": 4, "percent_covered": 0.0, "percent_covered_display": "0", "missing_lines": 4, "excluded_lines": 0}, "missing_lines": [83, 84, 85, 86], "excluded_lines": []}, "CacheHostPolicy": {"executed_lines": [], "summary": {"covered_lines": 0, "num_statements": 5, "percent_covered": 0.0, "percent_covered_display": "0", "missing_lines": 5, "excluded_lines": 0}, "missing_lines": [98, 99, 100, 101, 102], "excluded_lines": []}, "CacheControllerDefaults": {"executed_lines": [], "summary": {"covered_lines": 0, "num_statements": 0, "percent_covered": 100.0, "percent_covered_display": "100", "missing_lines": 0, "excluded_lines": 0}, "missing_lines": [], "excluded_lines": []}, "CacheConfig": {"executed_lines": [], "summary": {"covered_lines": 0, "num_statements": 2, "percent_covered": 0.0, "percent_covered_display": "0", "missing_lines": 2, "excluded_lines": 0}, "missing_lines": [125, 126], "excluded_lines": []}, "": {"executed_lines": [1, 20, 22, 23, 24, 25, 26, 27, 29, 30, 34, 35, 39, 42, 43, 45, 46, 47, 48, 49, 52, 53, 55, 56, 59, 60, 61, 63, 64, 65, 67, 73, 74, 75, 77, 78, 79, 81, 89, 90, 91, 93, 94, 96, 105, 106, 107, 109, 110, 111, 112, 115, 116, 117, 119, 120, 121, 123, 129, 162, 189, 208, 233, 291, 348], "summary": {"covered_lines": 57, "num_statements": 190, "percent_covered": 30.0, "percent_covered_display": "30", "missing_lines": 133, "excluded_lines": 0}, "missing_lines": [31, 32, 36, 37, 148, 149, 150, 152, 153, 154, 155, 156, 157, 158, 159, 175, 176, 178, 179, 180, 182, 183, 184, 185, 186, 199, 200, 201, 202, 204, 205, 217, 218, 219, 220, 221, 222, 223, 224, 225, 226, 227, 229, 230, 248, 250, 251, 252, 255, 258, 260, 261, 262, 263, 264, 265, 266, 268, 269, 270, 271, 272, 273, 274, 275, 276, 277, 278, 279, 280, 281, 282, 283, 284, 285, 286, 288, 308, 310, 311, 312, 313, 314, 315, 316, 317, 318, 319, 321, 322, 323, 324, 325, 326, 327, 328, 329, 330, 331, 332, 333, 334, 335, 336, 337, 339, 340, 341, 342, 343, 345, 374, 377, 380, 388, 389, 396, 397, 398, 399, 400, 401, 402, 403, 411, 412, 413, 414, 415, 416, 417, 422, 425], "excluded_lines": []}}}, "src/DocsToKG/ContentDownload/cache_policy.py": {"executed_lines": [1, 18, 20, 21, 22, 24, 30, 33, 34, 35, 37, 38, 39, 40, 43, 44, 53, 65, 135], "summary": {"covered_lines": 16, "num_statements": 56, "percent_covered": 28.571428571428573, "percent_covered_display": "29", "missing_lines": 40, "excluded_lines": 1}, "missing_lines": [62, 63, 98, 101, 102, 105, 106, 109, 112, 113, 114, 115, 120, 128, 129, 132, 133, 149, 150, 152, 160, 161, 162, 164, 165, 166, 168, 170, 171, 172, 174, 175, 176, 177, 179, 180, 182, 184, 185, 187], "excluded_lines": [136], "functions": {"CacheRouter.__init__": {"executed_lines": [], "summary": {"covered_lines": 0, "num_statements": 2, "percent_covered": 0.0, "percent_covered_display": "0", "missing_lines": 2, "excluded_lines": 0}, "missing_lines": [62, 63], "excluded_lines": []}, "CacheRouter.resolve_policy": {"executed_lines": [], "summary": {"covered_lines": 0, "num_statements": 15, "percent_covered": 0.0, "percent_covered_display": "0", "missing_lines": 15, "excluded_lines": 0}, "missing_lines": [98, 101, 102, 105, 106, 109, 112, 113, 114, 115, 120, 128, 129, 132, 133], "excluded_lines": []}, "CacheRouter.print_effective_policy": {"executed_lines": [], "summary": {"covered_lines": 0, "num_statements": 23, "percent_covered": 0.0, "percent_covered_display": "0", "missing_lines": 23, "excluded_lines": 1}, "missing_lines": [149, 150, 152, 160, 161, 162, 164, 165, 166, 168, 170, 171, 172, 174, 175, 176, 177, 179, 180, 182, 184, 185, 187], "excluded_lines": [136]}, "": {"executed_lines": [1, 18, 20, 21, 22, 24, 30, 33, 34, 35, 37, 38, 39, 40, 43, 44, 53, 65, 135], "summary": {"covered_lines": 16, "num_statements": 16, "percent_covered": 100.0, "percent_covered_display": "100", "missing_lines": 0, "excluded_lines": 0}, "missing_lines": [], "excluded_lines": []}}, "classes": {"CacheDecision": {"executed_lines": [], "summary": {"covered_lines": 0, "num_statements": 0, "percent_covered": 100.0, "percent_covered_display": "100", "missing_lines": 0, "excluded_lines": 0}, "missing_lines": [], "excluded_lines": []}, "CacheRouter": {"executed_lines": [], "summary": {"covered_lines": 0, "num_statements": 40, "percent_covered": 0.0, "percent_covered_display": "0", "missing_lines": 40, "excluded_lines": 1}, "missing_lines": [62, 63, 98, 101, 102, 105, 106, 109, 112, 113, 114, 115, 120, 128, 129, 132, 133, 149, 150, 152, 160, 161, 162, 164, 165, 166, 168, 170, 171, 172, 174, 175, 176, 177, 179, 180, 182, 184, 185, 187], "excluded_lines": [136]}, "": {"executed_lines": [1, 18, 20, 21, 22, 24, 30, 33, 34, 35, 37, 38, 39, 40, 43, 44, 53, 65, 135], "summary": {"covered_lines": 16, "num_statements": 16, "percent_covered": 100.0, "percent_covered_display": "100", "missing_lines": 0, "excluded_lines": 0}, "missing_lines": [], "excluded_lines": []}}}, "src/DocsToKG/ContentDownload/cache_transport_wrapper.py": {"executed_lines": [1, 21, 23, 24, 26, 27, 29, 30, 39, 42, 43, 69, 94, 251, 252, 276, 277, 296, 297, 324], "summary": {"covered_lines": 18, "num_statements": 87, "percent_covered": 20.689655172413794, "percent_covered_display": "21", "missing_lines": 69, "excluded_lines": 0}, "missing_lines": [82, 83, 84, 87, 88, 119, 122, 123, 124, 127, 130, 131, 140, 141, 150, 151, 152, 153, 154, 156, 159, 160, 161, 162, 164, 165, 166, 176, 177, 179, 180, 181, 182, 183, 184, 186, 187, 190, 193, 194, 203, 204, 206, 213, 214, 225, 226, 227, 228, 229, 240, 241, 249, 266, 267, 270, 271, 272, 274, 291, 292, 293, 294, 311, 314, 321, 366, 369, 372], "excluded_lines": [], "functions": {"RoleAwareCacheTransport.__init__": {"executed_lines": [], "summary": {"covered_lines": 0, "num_statements": 5, "percent_covered": 0.0, "percent_covered_display": "0", "missing_lines": 5, "excluded_lines": 0}, "missing_lines": [82, 83, 84, 87, 88], "excluded_lines": []}, "RoleAwareCacheTransport.handle_request": {"executed_lines": [], "summary": {"covered_lines": 0, "num_statements": 48, "percent_covered": 0.0, "percent_covered_display": "0", "missing_lines": 48, "excluded_lines": 0}, "missing_lines": [119, 122, 123, 124, 127, 130, 131, 140, 141, 150, 151, 152, 153, 154, 156, 159, 160, 161, 162, 164, 165, 166, 176, 177, 179, 180, 181, 182, 183, 184, 186, 187, 190, 193, 194, 203, 204, 206, 213, 214, 225, 226, 227, 228, 229, 240, 241, 249], "excluded_lines": []}, "RoleAwareCacheTransport._extract_host": {"executed_lines": [], "summary": {"covered_lines": 0, "num_statements": 6, "percent_covered": 0.0, "percent_covered_display": "0", "missing_lines": 6, "excluded_lines": 0}, "missing_lines": [266, 267, 270, 271, 272, 274], "excluded_lines": []}, "RoleAwareCacheTransport._extract_role": {"executed_lines": [], "summary": {"covered_lines": 0, "num_statements": 4, "percent_covered": 0.0, "percent_covered_display": "0", "missing_lines": 4, "excluded_lines": 0}, "missing_lines": [291, 292, 293, 294], "excluded_lines": []}, "RoleAwareCacheTransport._build_controller_for_decision": {"executed_lines": [], "summary": {"covered_lines": 0, "num_statements": 3, "percent_covered": 0.0, "percent_covered_display": "0", "missing_lines": 3, "excluded_lines": 0}, "missing_lines": [311, 314, 321], "excluded_lines": []}, "build_role_aware_cache_transport": {"executed_lines": [], "summary": {"covered_lines": 0, "num_statements": 3, "percent_covered": 0.0, "percent_covered_display": "0", "missing_lines": 3, "excluded_lines": 0}, "missing_lines": [366, 369, 372], "excluded_lines": []}, "": {"executed_lines": [1, 21, 23, 24, 26, 27, 29, 30, 39, 42, 43, 69, 94, 251, 252, 276, 277, 296, 297, 324], "summary": {"covered_lines": 18, "num_statements": 18, "percent_covered": 100.0, "percent_covered_display": "100", "missing_lines": 0, "excluded_lines": 0}, "missing_lines": [], "excluded_lines": []}}, "classes": {"RoleAwareCacheTransport": {"executed_lines": [], "summary": {"covered_lines": 0, "num_statements": 66, "percent_covered": 0.0, "percent_covered_display": "0", "missing_lines": 66, "excluded_lines": 0}, "missing_lines": [82, 83, 84, 87, 88, 119, 122, 123, 124, 127, 130, 131, 140, 141, 150, 151, 152, 153, 154, 156, 159, 160, 161, 162, 164, 165, 166, 176, 177, 179, 180, 181, 182, 183, 184, 186, 187, 190, 193, 194, 203, 204, 206, 213, 214, 225, 226, 227, 228, 229, 240, 241, 249, 266, 267, 270, 271, 272, 274, 291, 292, 293, 294, 311, 314, 321], "excluded_lines": []}, "": {"executed_lines": [1, 21, 23, 24, 26, 27, 29, 30, 39, 42, 43, 69, 94, 251, 252, 276, 277, 296, 297, 324], "summary": {"covered_lines": 18, "num_statements": 21, "percent_covered": 85.71428571428571, "percent_covered_display": "86", "missing_lines": 3, "excluded_lines": 0}, "missing_lines": [366, 369, 372], "excluded_lines": []}}}, "src/DocsToKG/ContentDownload/catalog/__init__.py": {"executed_lines": [1, 16, 18, 19, 21, 22], "summary": {"covered_lines": 5, "num_statements": 5, "percent_covered": 100.0, "percent_covered_display": "100", "missing_lines": 0, "excluded_lines": 0}, "missing_lines": [], "excluded_lines": [], "functions": {"": {"executed_lines": [1, 16, 18, 19, 21, 22], "summary": {"covered_lines": 5, "num_statements": 5, "percent_covered": 100.0, "percent_covered_display": "100", "missing_lines": 0, "excluded_lines": 0}, "missing_lines": [], "excluded_lines": []}}, "classes": {"": {"executed_lines": [1, 16, 18, 19, 21, 22], "summary": {"covered_lines": 5, "num_statements": 5, "percent_covered": 100.0, "percent_covered_display": "100", "missing_lines": 0, "excluded_lines": 0}, "missing_lines": [], "excluded_lines": []}}}, "src/DocsToKG/ContentDownload/catalog/metrics.py": {"executed_lines": [1, 9, 11, 12, 14, 17, 18, 20, 25, 26, 27, 28, 30, 32, 33, 35, 36, 64, 65, 66, 68, 75, 77, 83, 90, 92, 98, 105, 107, 115, 118, 125, 126, 127, 130, 136], "summary": {"covered_lines": 34, "num_statements": 52, "percent_covered": 65.38461538461539, "percent_covered_display": "65", "missing_lines": 18, "excluded_lines": 0}, "missing_lines": [38, 41, 48, 55, 61, 62, 78, 79, 80, 81, 93, 94, 95, 96, 108, 109, 110, 111], "excluded_lines": [], "functions": {"CatalogMetrics.__init__": {"executed_lines": [25, 26, 27, 28], "summary": {"covered_lines": 4, "num_statements": 4, "percent_covered": 100.0, "percent_covered_display": "100", "missing_lines": 0, "excluded_lines": 0}, "missing_lines": [], "excluded_lines": []}, "CatalogMetrics._init_meters": {"executed_lines": [32, 33, 35, 36, 64, 65, 66], "summary": {"covered_lines": 7, "num_statements": 13, "percent_covered": 53.84615384615385, "percent_covered_display": "54", "missing_lines": 6, "excluded_lines": 0}, "missing_lines": [38, 41, 48, 55, 61, 62], "excluded_lines": []}, "CatalogMetrics.record_dedup_hit": {"executed_lines": [75, 77], "summary": {"covered_lines": 2, "num_statements": 6, "percent_covered": 33.333333333333336, "percent_covered_display": "33", "missing_lines": 4, "excluded_lines": 0}, "missing_lines": [78, 79, 80, 81], "excluded_lines": []}, "CatalogMetrics.record_gc_removed": {"executed_lines": [90, 92], "summary": {"covered_lines": 2, "num_statements": 6, "percent_covered": 33.333333333333336, "percent_covered_display": "33", "missing_lines": 4, "excluded_lines": 0}, "missing_lines": [93, 94, 95, 96], "excluded_lines": []}, "CatalogMetrics.record_verify_failure": {"executed_lines": [105, 107], "summary": {"covered_lines": 2, "num_statements": 6, "percent_covered": 33.333333333333336, "percent_covered_display": "33", "missing_lines": 4, "excluded_lines": 0}, "missing_lines": [108, 109, 110, 111], "excluded_lines": []}, "get_catalog_metrics": {"executed_lines": [125, 126, 127], "summary": {"covered_lines": 3, "num_statements": 3, "percent_covered": 100.0, "percent_covered_display": "100", "missing_lines": 0, "excluded_lines": 0}, "missing_lines": [], "excluded_lines": []}, "reset_metrics_for_tests": {"executed_lines": [136], "summary": {"covered_lines": 1, "num_statements": 1, "percent_covered": 100.0, "percent_covered_display": "100", "missing_lines": 0, "excluded_lines": 0}, "missing_lines": [], "excluded_lines": []}, "": {"executed_lines": [1, 9, 11, 12, 14, 17, 18, 20, 30, 68, 83, 98, 115, 118, 130], "summary": {"covered_lines": 13, "num_statements": 13, "percent_covered": 100.0, "percent_covered_display": "100", "missing_lines": 0, "excluded_lines": 0}, "missing_lines": [], "excluded_lines": []}}, "classes": {"CatalogMetrics": {"executed_lines": [25, 26, 27, 28, 32, 33, 35, 36, 64, 65, 66, 75, 77, 90, 92, 105, 107], "summary": {"covered_lines": 17, "num_statements": 35, "percent_covered": 48.57142857142857, "percent_covered_display": "49", "missing_lines": 18, "excluded_lines": 0}, "missing_lines": [38, 41, 48, 55, 61, 62, 78, 79, 80, 81, 93, 94, 95, 96, 108, 109, 110, 111], "excluded_lines": []}, "": {"executed_lines": [1, 9, 11, 12, 14, 17, 18, 20, 30, 68, 83, 98, 115, 118, 125, 126, 127, 130, 136], "summary": {"covered_lines": 17, "num_statements": 17, "percent_covered": 100.0, "percent_covered_display": "100", "missing_lines": 0, "excluded_lines": 0}, "missing_lines": [], "excluded_lines": []}}}, "src/DocsToKG/ContentDownload/catalog/models.py": {"executed_lines": [1, 3, 5, 6, 7, 10, 11, 12, 31, 32, 33, 34, 35, 36, 37, 38, 39, 40, 41], "summary": {"covered_lines": 17, "num_statements": 17, "percent_covered": 100.0, "percent_covered_display": "100", "missing_lines": 0, "excluded_lines": 0}, "missing_lines": [], "excluded_lines": [], "functions": {"": {"executed_lines": [1, 3, 5, 6, 7, 10, 11, 12, 31, 32, 33, 34, 35, 36, 37, 38, 39, 40, 41], "summary": {"covered_lines": 17, "num_statements": 17, "percent_covered": 100.0, "percent_covered_display": "100", "missing_lines": 0, "excluded_lines": 0}, "missing_lines": [], "excluded_lines": []}}, "classes": {"DocumentRecord": {"executed_lines": [], "summary": {"covered_lines": 0, "num_statements": 0, "percent_covered": 100.0, "percent_covered_display": "100", "missing_lines": 0, "excluded_lines": 0}, "missing_lines": [], "excluded_lines": []}, "": {"executed_lines": [1, 3, 5, 6, 7, 10, 11, 12, 31, 32, 33, 34, 35, 36, 37, 38, 39, 40, 41], "summary": {"covered_lines": 17, "num_statements": 17, "percent_covered": 100.0, "percent_covered_display": "100", "missing_lines": 0, "excluded_lines": 0}, "missing_lines": [], "excluded_lines": []}}}, "src/DocsToKG/ContentDownload/catalog/store.py": {"executed_lines": [1, 3, 5, 6, 7, 8, 9, 10, 12, 14, 17, 18, 24, 56, 60, 64, 68, 72, 76, 80, 84, 89, 90, 96, 106, 107, 108, 109, 112, 113, 115, 119, 122, 123, 125, 127, 128, 131, 132, 133, 134, 136, 154, 155, 157, 158, 178, 184, 193, 195, 198, 200, 202, 203, 213, 215, 217, 218, 228, 230, 245, 247, 248, 258, 260, 269, 271, 272, 273, 275, 278, 280, 281, 283, 284, 286, 293, 306, 308, 309, 310, 311, 313, 314, 316, 330, 334], "summary": {"covered_lines": 84, "num_statements": 108, "percent_covered": 77.77777777777777, "percent_covered_display": "78", "missing_lines": 24, "excluded_lines": 0}, "missing_lines": [54, 58, 62, 66, 70, 74, 78, 82, 86, 116, 129, 179, 180, 181, 196, 232, 233, 243, 267, 295, 296, 304, 332, 336], "excluded_lines": [], "functions": {"CatalogStore.register_or_get": {"executed_lines": [], "summary": {"covered_lines": 0, "num_statements": 1, "percent_covered": 0.0, "percent_covered_display": "0", "missing_lines": 1, "excluded_lines": 0}, "missing_lines": [54], "excluded_lines": []}, "CatalogStore.get_by_artifact": {"executed_lines": [], "summary": {"covered_lines": 0, "num_statements": 1, "percent_covered": 0.0, "percent_covered_display": "0", "missing_lines": 1, "excluded_lines": 0}, "missing_lines": [58], "excluded_lines": []}, "CatalogStore.get_by_sha256": {"executed_lines": [], "summary": {"covered_lines": 0, "num_statements": 1, "percent_covered": 0.0, "percent_covered_display": "0", "missing_lines": 1, "excluded_lines": 0}, "missing_lines": [62], "excluded_lines": []}, "CatalogStore.get_by_run": {"executed_lines": [], "summary": {"covered_lines": 0, "num_statements": 1, "percent_covered": 0.0, "percent_covered_display": "0", "missing_lines": 1, "excluded_lines": 0}, "missing_lines": [66], "excluded_lines": []}, "CatalogStore.find_duplicates": {"executed_lines": [], "summary": {"covered_lines": 0, "num_statements": 1, "percent_covered": 0.0, "percent_covered_display": "0", "missing_lines": 1, "excluded_lines": 0}, "missing_lines": [70], "excluded_lines": []}, "CatalogStore.verify": {"executed_lines": [], "summary": {"covered_lines": 0, "num_statements": 1, "percent_covered": 0.0, "percent_covered_display": "0", "missing_lines": 1, "excluded_lines": 0}, "missing_lines": [74], "excluded_lines": []}, "CatalogStore.stats": {"executed_lines": [], "summary": {"covered_lines": 0, "num_statements": 1, "percent_covered": 0.0, "percent_covered_display": "0", "missing_lines": 1, "excluded_lines": 0}, "missing_lines": [78], "excluded_lines": []}, "CatalogStore.get_all_records": {"executed_lines": [], "summary": {"covered_lines": 0, "num_statements": 1, "percent_covered": 0.0, "percent_covered_display": "0", "missing_lines": 1, "excluded_lines": 0}, "missing_lines": [82], "excluded_lines": []}, "CatalogStore.close": {"executed_lines": [], "summary": {"covered_lines": 0, "num_statements": 1, "percent_covered": 0.0, "percent_covered_display": "0", "missing_lines": 1, "excluded_lines": 0}, "missing_lines": [86], "excluded_lines": []}, "SQLiteCatalog.__init__": {"executed_lines": [106, 107, 108, 109, 112, 113, 115, 119, 122, 123], "summary": {"covered_lines": 10, "num_statements": 11, "percent_covered": 90.9090909090909, "percent_covered_display": "91", "missing_lines": 1, "excluded_lines": 0}, "missing_lines": [116], "excluded_lines": []}, "SQLiteCatalog._init_schema": {"executed_lines": [127, 128, 131, 132, 133, 134], "summary": {"covered_lines": 6, "num_statements": 7, "percent_covered": 85.71428571428571, "percent_covered_display": "86", "missing_lines": 1, "excluded_lines": 0}, "missing_lines": [129], "excluded_lines": []}, "SQLiteCatalog.register_or_get": {"executed_lines": [154, 155, 157, 158, 178, 184, 193, 195, 198], "summary": {"covered_lines": 9, "num_statements": 13, "percent_covered": 69.23076923076923, "percent_covered_display": "69", "missing_lines": 4, "excluded_lines": 0}, "missing_lines": [179, 180, 181, 196], "excluded_lines": []}, "SQLiteCatalog.get_by_artifact": {"executed_lines": [202, 203, 213], "summary": {"covered_lines": 3, "num_statements": 3, "percent_covered": 100.0, "percent_covered_display": "100", "missing_lines": 0, "excluded_lines": 0}, "missing_lines": [], "excluded_lines": []}, "SQLiteCatalog.get_by_sha256": {"executed_lines": [217, 218, 228], "summary": {"covered_lines": 3, "num_statements": 3, "percent_covered": 100.0, "percent_covered_display": "100", "missing_lines": 0, "excluded_lines": 0}, "missing_lines": [], "excluded_lines": []}, "SQLiteCatalog.get_by_run": {"executed_lines": [], "summary": {"covered_lines": 0, "num_statements": 3, "percent_covered": 0.0, "percent_covered_display": "0", "missing_lines": 3, "excluded_lines": 0}, "missing_lines": [232, 233, 243], "excluded_lines": []}, "SQLiteCatalog.find_duplicates": {"executed_lines": [247, 248, 258], "summary": {"covered_lines": 3, "num_statements": 3, "percent_covered": 100.0, "percent_covered_display": "100", "missing_lines": 0, "excluded_lines": 0}, "missing_lines": [], "excluded_lines": []}, "SQLiteCatalog.verify": {"executed_lines": [], "summary": {"covered_lines": 0, "num_statements": 1, "percent_covered": 0.0, "percent_covered_display": "0", "missing_lines": 1, "excluded_lines": 0}, "missing_lines": [267], "excluded_lines": []}, "SQLiteCatalog.stats": {"executed_lines": [271, 272, 273, 275, 278, 280, 281, 283, 284, 286], "summary": {"covered_lines": 10, "num_statements": 10, "percent_covered": 100.0, "percent_covered_display": "100", "missing_lines": 0, "excluded_lines": 0}, "missing_lines": [], "excluded_lines": []}, "SQLiteCatalog.get_all_records": {"executed_lines": [], "summary": {"covered_lines": 0, "num_statements": 3, "percent_covered": 0.0, "percent_covered_display": "0", "missing_lines": 3, "excluded_lines": 0}, "missing_lines": [295, 296, 304], "excluded_lines": []}, "SQLiteCatalog.close": {"executed_lines": [308, 309, 310, 311], "summary": {"covered_lines": 4, "num_statements": 4, "percent_covered": 100.0, "percent_covered_display": "100", "missing_lines": 0, "excluded_lines": 0}, "missing_lines": [], "excluded_lines": []}, "SQLiteCatalog._row_to_record": {"executed_lines": [316], "summary": {"covered_lines": 1, "num_statements": 1, "percent_covered": 100.0, "percent_covered_display": "100", "missing_lines": 0, "excluded_lines": 0}, "missing_lines": [], "excluded_lines": []}, "SQLiteCatalog.__enter__": {"executed_lines": [], "summary": {"covered_lines": 0, "num_statements": 1, "percent_covered": 0.0, "percent_covered_display": "0", "missing_lines": 1, "excluded_lines": 0}, "missing_lines": [332], "excluded_lines": []}, "SQLiteCatalog.__exit__": {"executed_lines": [], "summary": {"covered_lines": 0, "num_statements": 1, "percent_covered": 0.0, "percent_covered_display": "0", "missing_lines": 1, "excluded_lines": 0}, "missing_lines": [336], "excluded_lines": []}, "": {"executed_lines": [1, 3, 5, 6, 7, 8, 9, 10, 12, 14, 17, 18, 24, 56, 60, 64, 68, 72, 76, 80, 84, 89, 90, 96, 125, 136, 200, 215, 230, 245, 260, 269, 293, 306, 313, 314, 330, 334], "summary": {"covered_lines": 35, "num_statements": 35, "percent_covered": 100.0, "percent_covered_display": "100", "missing_lines": 0, "excluded_lines": 0}, "missing_lines": [], "excluded_lines": []}}, "classes": {"CatalogStore": {"executed_lines": [], "summary": {"covered_lines": 0, "num_statements": 9, "percent_covered": 0.0, "percent_covered_display": "0", "missing_lines": 9, "excluded_lines": 0}, "missing_lines": [54, 58, 62, 66, 70, 74, 78, 82, 86], "excluded_lines": []}, "SQLiteCatalog": {"executed_lines": [106, 107, 108, 109, 112, 113, 115, 119, 122, 123, 127, 128, 131, 132, 133, 134, 154, 155, 157, 158, 178, 184, 193, 195, 198, 202, 203, 213, 217, 218, 228, 247, 248, 258, 271, 272, 273, 275, 278, 280, 281, 283, 284, 286, 308, 309, 310, 311, 316], "summary": {"covered_lines": 49, "num_statements": 64, "percent_covered": 76.5625, "percent_covered_display": "77", "missing_lines": 15, "excluded_lines": 0}, "missing_lines": [116, 129, 179, 180, 181, 196, 232, 233, 243, 267, 295, 296, 304, 332, 336], "excluded_lines": []}, "": {"executed_lines": [1, 3, 5, 6, 7, 8, 9, 10, 12, 14, 17, 18, 24, 56, 60, 64, 68, 72, 76, 80, 84, 89, 90, 96, 125, 136, 200, 215, 230, 245, 260, 269, 293, 306, 313, 314, 330, 334], "summary": {"covered_lines": 35, "num_statements": 35, "percent_covered": 100.0, "percent_covered_display": "100", "missing_lines": 0, "excluded_lines": 0}, "missing_lines": [], "excluded_lines": []}}}, "src/DocsToKG/ContentDownload/conditional_requests.py": {"executed_lines": [1, 20, 22, 23, 24, 25, 26, 28, 31, 32, 33, 45, 46, 47, 48, 51, 107, 153, 203, 236], "summary": {"covered_lines": 18, "num_statements": 56, "percent_covered": 32.142857142857146, "percent_covered_display": "32", "missing_lines": 38, "excluded_lines": 0}, "missing_lines": [78, 79, 80, 81, 82, 84, 85, 88, 89, 90, 91, 92, 93, 94, 95, 96, 97, 99, 140, 143, 144, 147, 148, 150, 177, 178, 181, 184, 186, 187, 192, 193, 196, 197, 198, 200, 228, 251], "excluded_lines": [], "functions": {"parse_entity_validator": {"executed_lines": [], "summary": {"covered_lines": 0, "num_statements": 18, "percent_covered": 0.0, "percent_covered_display": "0", "missing_lines": 18, "excluded_lines": 0}, "missing_lines": [78, 79, 80, 81, 82, 84, 85, 88, 89, 90, 91, 92, 93, 94, 95, 96, 97, 99], "excluded_lines": []}, "build_conditional_headers": {"executed_lines": [], "summary": {"covered_lines": 0, "num_statements": 6, "percent_covered": 0.0, "percent_covered_display": "0", "missing_lines": 6, "excluded_lines": 0}, "missing_lines": [140, 143, 144, 147, 148, 150], "excluded_lines": []}, "should_revalidate": {"executed_lines": [], "summary": {"covered_lines": 0, "num_statements": 12, "percent_covered": 0.0, "percent_covered_display": "0", "missing_lines": 12, "excluded_lines": 0}, "missing_lines": [177, 178, 181, 184, 186, 187, 192, 193, 196, 197, 198, 200], "excluded_lines": []}, "merge_validators": {"executed_lines": [], "summary": {"covered_lines": 0, "num_statements": 1, "percent_covered": 0.0, "percent_covered_display": "0", "missing_lines": 1, "excluded_lines": 0}, "missing_lines": [228], "excluded_lines": []}, "is_validator_available": {"executed_lines": [], "summary": {"covered_lines": 0, "num_statements": 1, "percent_covered": 0.0, "percent_covered_display": "0", "missing_lines": 1, "excluded_lines": 0}, "missing_lines": [251], "excluded_lines": []}, "": {"executed_lines": [1, 20, 22, 23, 24, 25, 26, 28, 31, 32, 33, 45, 46, 47, 48, 51, 107, 153, 203, 236], "summary": {"covered_lines": 18, "num_statements": 18, "percent_covered": 100.0, "percent_covered_display": "100", "missing_lines": 0, "excluded_lines": 0}, "missing_lines": [], "excluded_lines": []}}, "classes": {"EntityValidator": {"executed_lines": [], "summary": {"covered_lines": 0, "num_statements": 0, "percent_covered": 100.0, "percent_covered_display": "100", "missing_lines": 0, "excluded_lines": 0}, "missing_lines": [], "excluded_lines": []}, "": {"executed_lines": [1, 20, 22, 23, 24, 25, 26, 28, 31, 32, 33, 45, 46, 47, 48, 51, 107, 153, 203, 236], "summary": {"covered_lines": 18, "num_statements": 56, "percent_covered": 32.142857142857146, "percent_covered_display": "32", "missing_lines": 38, "excluded_lines": 0}, "missing_lines": [78, 79, 80, 81, 82, 84, 85, 88, 89, 90, 91, 92, 93, 94, 95, 96, 97, 99, 140, 143, 144, 147, 148, 150, 177, 178, 181, 184, 186, 187, 192, 193, 196, 197, 198, 200, 228, 251], "excluded_lines": []}}}, "src/DocsToKG/ContentDownload/httpx_transport.py": {"executed_lines": [1, 26, 28, 29, 30, 31, 32, 33, 34, 35, 36, 38, 39, 41, 42, 43, 47, 52, 54, 55, 56, 57, 59, 60, 65, 74, 80, 86, 109, 132, 146, 161, 169, 180, 190, 198, 251, 278], "summary": {"covered_lines": 37, "num_statements": 148, "percent_covered": 25.0, "percent_covered_display": "25", "missing_lines": 111, "excluded_lines": 6}, "missing_lines": [68, 69, 70, 71, 75, 76, 77, 81, 82, 83, 87, 88, 89, 91, 92, 93, 94, 95, 96, 97, 98, 99, 100, 101, 102, 103, 104, 106, 110, 113, 114, 115, 116, 117, 118, 119, 120, 121, 122, 133, 137, 138, 139, 140, 141, 142, 143, 154, 155, 156, 157, 158, 164, 165, 166, 172, 173, 174, 175, 176, 177, 183, 184, 185, 186, 187, 192, 193, 194, 195, 216, 217, 220, 221, 223, 224, 228, 229, 230, 231, 233, 241, 246, 248, 258, 260, 261, 264, 266, 267, 273, 274, 275, 281, 283, 284, 287, 289, 291, 294, 295, 297, 300, 306, 309, 310, 311, 313, 315, 325, 326], "excluded_lines": [327, 328, 329, 332, 333, 334], "functions": {"_resolve_data_root": {"executed_lines": [], "summary": {"covered_lines": 0, "num_statements": 4, "percent_covered": 0.0, "percent_covered_display": "0", "missing_lines": 4, "excluded_lines": 0}, "missing_lines": [68, 69, 70, 71], "excluded_lines": []}, "_resolve_cache_dir": {"executed_lines": [], "summary": {"covered_lines": 0, "num_statements": 3, "percent_covered": 0.0, "percent_covered_display": "0", "missing_lines": 3, "excluded_lines": 0}, "missing_lines": [75, 76, 77], "excluded_lines": []}, "_build_ssl_context": {"executed_lines": [], "summary": {"covered_lines": 0, "num_statements": 3, "percent_covered": 0.0, "percent_covered_display": "0", "missing_lines": 3, "excluded_lines": 0}, "missing_lines": [81, 82, 83], "excluded_lines": []}, "_request_hook": {"executed_lines": [], "summary": {"covered_lines": 0, "num_statements": 18, "percent_covered": 0.0, "percent_covered_display": "0", "missing_lines": 18, "excluded_lines": 0}, "missing_lines": [87, 88, 89, 91, 92, 93, 94, 95, 96, 97, 98, 99, 100, 101, 102, 103, 104, 106], "excluded_lines": []}, "_response_hook": {"executed_lines": [], "summary": {"covered_lines": 0, "num_statements": 11, "percent_covered": 0.0, "percent_covered_display": "0", "missing_lines": 11, "excluded_lines": 0}, "missing_lines": [110, 113, 114, 115, 116, 117, 118, 119, 120, 121, 122], "excluded_lines": []}, "_build_event_hooks": {"executed_lines": [], "summary": {"covered_lines": 0, "num_statements": 8, "percent_covered": 0.0, "percent_covered_display": "0", "missing_lines": 8, "excluded_lines": 0}, "missing_lines": [133, 137, 138, 139, 140, 141, 142, 143], "excluded_lines": []}, "configure_http_client": {"executed_lines": [], "summary": {"covered_lines": 0, "num_statements": 5, "percent_covered": 0.0, "percent_covered_display": "0", "missing_lines": 5, "excluded_lines": 0}, "missing_lines": [154, 155, 156, 157, 158], "excluded_lines": []}, "reset_http_client_for_tests": {"executed_lines": [], "summary": {"covered_lines": 0, "num_statements": 3, "percent_covered": 0.0, "percent_covered_display": "0", "missing_lines": 3, "excluded_lines": 0}, "missing_lines": [164, 165, 166], "excluded_lines": []}, "purge_http_cache": {"executed_lines": [], "summary": {"covered_lines": 0, "num_statements": 6, "percent_covered": 0.0, "percent_covered_display": "0", "missing_lines": 6, "excluded_lines": 0}, "missing_lines": [172, 173, 174, 175, 176, 177], "excluded_lines": []}, "get_http_client": {"executed_lines": [], "summary": {"covered_lines": 0, "num_statements": 5, "percent_covered": 0.0, "percent_covered_display": "0", "missing_lines": 5, "excluded_lines": 0}, "missing_lines": [183, 184, 185, 186, 187], "excluded_lines": []}, "_close_client_unlocked": {"executed_lines": [], "summary": {"covered_lines": 0, "num_statements": 4, "percent_covered": 0.0, "percent_covered_display": "0", "missing_lines": 4, "excluded_lines": 0}, "missing_lines": [192, 193, 194, 195], "excluded_lines": []}, "_load_or_create_cache_router": {"executed_lines": [], "summary": {"covered_lines": 0, "num_statements": 14, "percent_covered": 0.0, "percent_covered_display": "0", "missing_lines": 14, "excluded_lines": 0}, "missing_lines": [216, 217, 220, 221, 223, 224, 228, 229, 230, 231, 233, 241, 246, 248], "excluded_lines": []}, "initialize_rate_limiter_from_config": {"executed_lines": [], "summary": {"covered_lines": 0, "num_statements": 9, "percent_covered": 0.0, "percent_covered_display": "0", "missing_lines": 9, "excluded_lines": 0}, "missing_lines": [258, 260, 261, 264, 266, 267, 273, 274, 275], "excluded_lines": []}, "_create_client_unlocked": {"executed_lines": [], "summary": {"covered_lines": 0, "num_statements": 18, "percent_covered": 0.0, "percent_covered_display": "0", "missing_lines": 18, "excluded_lines": 6}, "missing_lines": [281, 283, 284, 287, 289, 291, 294, 295, 297, 300, 306, 309, 310, 311, 313, 315, 325, 326], "excluded_lines": [327, 328, 329, 332, 333, 334]}, "": {"executed_lines": [1, 26, 28, 29, 30, 31, 32, 33, 34, 35, 36, 38, 39, 41, 42, 43, 47, 52, 54, 55, 56, 57, 59, 60, 65, 74, 80, 86, 109, 132, 146, 161, 169, 180, 190, 198, 251, 278], "summary": {"covered_lines": 37, "num_statements": 37, "percent_covered": 100.0, "percent_covered_display": "100", "missing_lines": 0, "excluded_lines": 0}, "missing_lines": [], "excluded_lines": []}}, "classes": {"": {"executed_lines": [1, 26, 28, 29, 30, 31, 32, 33, 34, 35, 36, 38, 39, 41, 42, 43, 47, 52, 54, 55, 56, 57, 59, 60, 65, 74, 80, 86, 109, 132, 146, 161, 169, 180, 190, 198, 251, 278], "summary": {"covered_lines": 37, "num_statements": 148, "percent_covered": 25.0, "percent_covered_display": "25", "missing_lines": 111, "excluded_lines": 6}, "missing_lines": [68, 69, 70, 71, 75, 76, 77, 81, 82, 83, 87, 88, 89, 91, 92, 93, 94, 95, 96, 97, 98, 99, 100, 101, 102, 103, 104, 106, 110, 113, 114, 115, 116, 117, 118, 119, 120, 121, 122, 133, 137, 138, 139, 140, 141, 142, 143, 154, 155, 156, 157, 158, 164, 165, 166, 172, 173, 174, 175, 176, 177, 183, 184, 185, 186, 187, 192, 193, 194, 195, 216, 217, 220, 221, 223, 224, 228, 229, 230, 231, 233, 241, 246, 248, 258, 260, 261, 264, 266, 267, 273, 274, 275, 281, 283, 284, 287, 289, 291, 294, 295, 297, 300, 306, 309, 310, 311, 313, 315, 325, 326], "excluded_lines": [327, 328, 329, 332, 333, 334]}}}, "src/DocsToKG/ContentDownload/ratelimit.py": {"executed_lines": [1, 14, 16, 17, 18, 19, 20, 22, 24, 25, 29, 32, 35, 36, 39, 40, 42, 46, 50, 54, 58, 62, 69, 70, 71, 73, 74, 75, 76, 79, 80, 81, 83, 84, 85, 88, 89, 90, 92, 93, 96, 97, 98, 100, 101, 102, 103, 104, 105, 106, 109, 110, 111, 113, 114, 115, 116, 117, 120, 121, 122, 124, 125, 126, 129, 130, 132, 161, 173, 186, 212, 213, 228, 253, 346, 356, 365, 370, 415, 416, 418, 429, 457, 466, 467, 470, 511], "summary": {"covered_lines": 76, "num_statements": 262, "percent_covered": 29.00763358778626, "percent_covered_display": "29", "missing_lines": 186, "excluded_lines": 13}, "missing_lines": [26, 27, 140, 141, 142, 143, 145, 146, 147, 148, 149, 152, 159, 163, 164, 165, 166, 167, 168, 169, 170, 171, 175, 176, 177, 178, 179, 180, 181, 182, 184, 188, 189, 190, 191, 192, 194, 195, 196, 199, 200, 201, 202, 204, 206, 207, 208, 210, 215, 216, 217, 218, 219, 220, 221, 222, 223, 226, 230, 231, 232, 234, 235, 236, 239, 240, 243, 245, 246, 247, 248, 249, 250, 251, 256, 257, 258, 260, 261, 264, 265, 266, 267, 270, 271, 272, 273, 278, 279, 280, 285, 286, 288, 290, 291, 292, 293, 294, 295, 296, 298, 299, 300, 301, 305, 307, 316, 320, 321, 322, 324, 326, 336, 340, 342, 343, 344, 348, 349, 350, 351, 352, 353, 354, 358, 359, 360, 361, 362, 363, 367, 368, 372, 373, 375, 376, 377, 378, 379, 381, 382, 384, 385, 387, 389, 395, 400, 401, 402, 403, 404, 407, 412, 425, 426, 427, 432, 433, 436, 437, 438, 439, 440, 442, 444, 447, 448, 450, 452, 455, 459, 460, 461, 462, 488, 489, 491, 492, 493, 496, 497, 506, 507, 508, 518, 519], "excluded_lines": [44, 45, 48, 49, 52, 53, 56, 57, 60, 61, 66, 67, 68], "functions": {"RateTelemetrySink.emit_acquire": {"executed_lines": [], "summary": {"covered_lines": 0, "num_statements": 0, "percent_covered": 100.0, "percent_covered_display": "100", "missing_lines": 0, "excluded_lines": 1}, "missing_lines": [], "excluded_lines": [44]}, "RateTelemetrySink.emit_block": {"executed_lines": [], "summary": {"covered_lines": 0, "num_statements": 0, "percent_covered": 100.0, "percent_covered_display": "100", "missing_lines": 0, "excluded_lines": 1}, "missing_lines": [], "excluded_lines": [48]}, "RateTelemetrySink.emit_head_skipped": {"executed_lines": [], "summary": {"covered_lines": 0, "num_statements": 0, "percent_covered": 100.0, "percent_covered_display": "100", "missing_lines": 0, "excluded_lines": 1}, "missing_lines": [], "excluded_lines": [52]}, "RateTelemetrySink.emit_429": {"executed_lines": [], "summary": {"covered_lines": 0, "num_statements": 0, "percent_covered": 100.0, "percent_covered_display": "100", "missing_lines": 0, "excluded_lines": 1}, "missing_lines": [], "excluded_lines": [56]}, "RateTelemetrySink.emit_success": {"executed_lines": [], "summary": {"covered_lines": 0, "num_statements": 0, "percent_covered": 100.0, "percent_covered_display": "100", "missing_lines": 0, "excluded_lines": 1}, "missing_lines": [], "excluded_lines": [60]}, "RateTelemetrySink.emit_aimd_adjust": {"executed_lines": [], "summary": {"covered_lines": 0, "num_statements": 0, "percent_covered": 100.0, "percent_covered_display": "100", "missing_lines": 0, "excluded_lines": 1}, "missing_lines": [], "excluded_lines": [66]}, "RateLimitRegistry.__init__": {"executed_lines": [], "summary": {"covered_lines": 0, "num_statements": 11, "percent_covered": 0.0, "percent_covered_display": "0", "missing_lines": 11, "excluded_lines": 0}, "missing_lines": [140, 141, 142, 143, 145, 146, 147, 148, 149, 152, 159], "excluded_lines": []}, "RateLimitRegistry._initialize": {"executed_lines": [], "summary": {"covered_lines": 0, "num_statements": 9, "percent_covered": 0.0, "percent_covered_display": "0", "missing_lines": 9, "excluded_lines": 0}, "missing_lines": [163, 164, 165, 166, 167, 168, 169, 170, 171], "excluded_lines": []}, "RateLimitRegistry._effective_policy": {"executed_lines": [], "summary": {"covered_lines": 0, "num_statements": 9, "percent_covered": 0.0, "percent_covered_display": "0", "missing_lines": 9, "excluded_lines": 0}, "missing_lines": [175, 176, 177, 178, 179, 180, 181, 182, 184], "excluded_lines": []}, "RateLimitRegistry._parse_rates": {"executed_lines": [], "summary": {"covered_lines": 0, "num_statements": 17, "percent_covered": 0.0, "percent_covered_display": "0", "missing_lines": 17, "excluded_lines": 0}, "missing_lines": [188, 189, 190, 191, 192, 194, 195, 196, 199, 200, 201, 202, 204, 206, 207, 208, 210], "excluded_lines": []}, "RateLimitRegistry._parse_duration_unit": {"executed_lines": [], "summary": {"covered_lines": 0, "num_statements": 10, "percent_covered": 0.0, "percent_covered_display": "0", "missing_lines": 10, "excluded_lines": 0}, "missing_lines": [215, 216, 217, 218, 219, 220, 221, 222, 223, 226], "excluded_lines": []}, "RateLimitRegistry._get_or_create_limiter": {"executed_lines": [], "summary": {"covered_lines": 0, "num_statements": 16, "percent_covered": 0.0, "percent_covered_display": "0", "missing_lines": 16, "excluded_lines": 0}, "missing_lines": [230, 231, 232, 234, 235, 236, 239, 240, 243, 245, 246, 247, 248, 249, 250, 251], "excluded_lines": []}, "RateLimitRegistry.acquire": {"executed_lines": [], "summary": {"covered_lines": 0, "num_statements": 43, "percent_covered": 0.0, "percent_covered_display": "0", "missing_lines": 43, "excluded_lines": 0}, "missing_lines": [256, 257, 258, 260, 261, 264, 265, 266, 267, 270, 271, 272, 273, 278, 279, 280, 285, 286, 288, 290, 291, 292, 293, 294, 295, 296, 298, 299, 300, 301, 305, 307, 316, 320, 321, 322, 324, 326, 336, 340, 342, 343, 344], "excluded_lines": []}, "RateLimitRegistry.record_429": {"executed_lines": [], "summary": {"covered_lines": 0, "num_statements": 7, "percent_covered": 0.0, "percent_covered_display": "0", "missing_lines": 7, "excluded_lines": 0}, "missing_lines": [348, 349, 350, 351, 352, 353, 354], "excluded_lines": []}, "RateLimitRegistry.record_success": {"executed_lines": [], "summary": {"covered_lines": 0, "num_statements": 6, "percent_covered": 0.0, "percent_covered_display": "0", "missing_lines": 6, "excluded_lines": 0}, "missing_lines": [358, 359, 360, 361, 362, 363], "excluded_lines": []}, "RateLimitRegistry.release_inflight": {"executed_lines": [], "summary": {"covered_lines": 0, "num_statements": 2, "percent_covered": 0.0, "percent_covered_display": "0", "missing_lines": 2, "excluded_lines": 0}, "missing_lines": [367, 368], "excluded_lines": []}, "RateLimitRegistry.tick_aimd": {"executed_lines": [], "summary": {"covered_lines": 0, "num_statements": 21, "percent_covered": 0.0, "percent_covered_display": "0", "missing_lines": 21, "excluded_lines": 0}, "missing_lines": [372, 373, 375, 376, 377, 378, 379, 381, 382, 384, 385, 387, 389, 395, 400, 401, 402, 403, 404, 407, 412], "excluded_lines": []}, "RateLimitedTransport.__init__": {"executed_lines": [], "summary": {"covered_lines": 0, "num_statements": 3, "percent_covered": 0.0, "percent_covered_display": "0", "missing_lines": 3, "excluded_lines": 0}, "missing_lines": [425, 426, 427], "excluded_lines": []}, "RateLimitedTransport.handle_request": {"executed_lines": [], "summary": {"covered_lines": 0, "num_statements": 14, "percent_covered": 0.0, "percent_covered_display": "0", "missing_lines": 14, "excluded_lines": 0}, "missing_lines": [432, 433, 436, 437, 438, 439, 440, 442, 444, 447, 448, 450, 452, 455], "excluded_lines": []}, "RateLimitedTransport.close": {"executed_lines": [], "summary": {"covered_lines": 0, "num_statements": 4, "percent_covered": 0.0, "percent_covered_display": "0", "missing_lines": 4, "excluded_lines": 0}, "missing_lines": [459, 460, 461, 462], "excluded_lines": []}, "get_rate_limiter_manager": {"executed_lines": [], "summary": {"covered_lines": 0, "num_statements": 10, "percent_covered": 0.0, "percent_covered_display": "0", "missing_lines": 10, "excluded_lines": 0}, "missing_lines": [488, 489, 491, 492, 493, 496, 497, 506, 507, 508], "excluded_lines": []}, "set_rate_limiter_manager": {"executed_lines": [], "summary": {"covered_lines": 0, "num_statements": 2, "percent_covered": 0.0, "percent_covered_display": "0", "missing_lines": 2, "excluded_lines": 0}, "missing_lines": [518, 519], "excluded_lines": []}, "": {"executed_lines": [1, 14, 16, 17, 18, 19, 20, 22, 24, 25, 29, 32, 35, 36, 39, 40, 42, 46, 50, 54, 58, 62, 69, 70, 71, 73, 74, 75, 76, 79, 80, 81, 83, 84, 85, 88, 89, 90, 92, 93, 96, 97, 98, 100, 101, 102, 103, 104, 105, 106, 109, 110, 111, 113, 114, 115, 116, 117, 120, 121, 122, 124, 125, 126, 129, 130, 132, 161, 173, 186, 212, 213, 228, 253, 346, 356, 365, 370, 415, 416, 418, 429, 457, 466, 467, 470, 511], "summary": {"covered_lines": 76, "num_statements": 78, "percent_covered": 97.43589743589743, "percent_covered_display": "97", "missing_lines": 2, "excluded_lines": 7}, "missing_lines": [26, 27], "excluded_lines": [45, 49, 53, 57, 61, 67, 68]}}, "classes": {"RateLimitExceeded": {"executed_lines": [], "summary": {"covered_lines": 0, "num_statements": 0, "percent_covered": 100.0, "percent_covered_display": "100", "missing_lines": 0, "excluded_lines": 0}, "missing_lines": [], "excluded_lines": []}, "RateTelemetrySink": {"executed_lines": [], "summary": {"covered_lines": 0, "num_statements": 0, "percent_covered": 100.0, "percent_covered_display": "100", "missing_lines": 0, "excluded_lines": 6}, "missing_lines": [], "excluded_lines": [44, 48, 52, 56, 60, 66]}, "RoleRates": {"executed_lines": [], "summary": {"covered_lines": 0, "num_statements": 0, "percent_covered": 100.0, "percent_covered_display": "100", "missing_lines": 0, "excluded_lines": 0}, "missing_lines": [], "excluded_lines": []}, "HostPolicy": {"executed_lines": [], "summary": {"covered_lines": 0, "num_statements": 0, "percent_covered": 100.0, "percent_covered_display": "100", "missing_lines": 0, "excluded_lines": 0}, "missing_lines": [], "excluded_lines": []}, "BackendConfig": {"executed_lines": [], "summary": {"covered_lines": 0, "num_statements": 0, "percent_covered": 100.0, "percent_covered_display": "100", "missing_lines": 0, "excluded_lines": 0}, "missing_lines": [], "excluded_lines": []}, "AIMDConfig": {"executed_lines": [], "summary": {"covered_lines": 0, "num_statements": 0, "percent_covered": 100.0, "percent_covered_display": "100", "missing_lines": 0, "excluded_lines": 0}, "missing_lines": [], "excluded_lines": []}, "RateConfig": {"executed_lines": [], "summary": {"covered_lines": 0, "num_statements": 0, "percent_covered": 100.0, "percent_covered_display": "100", "missing_lines": 0, "excluded_lines": 0}, "missing_lines": [], "excluded_lines": []}, "RateAcquisition": {"executed_lines": [], "summary": {"covered_lines": 0, "num_statements": 0, "percent_covered": 100.0, "percent_covered_display": "100", "missing_lines": 0, "excluded_lines": 0}, "missing_lines": [], "excluded_lines": []}, "RateLimitRegistry": {"executed_lines": [], "summary": {"covered_lines": 0, "num_statements": 151, "percent_covered": 0.0, "percent_covered_display": "0", "missing_lines": 151, "excluded_lines": 0}, "missing_lines": [140, 141, 142, 143, 145, 146, 147, 148, 149, 152, 159, 163, 164, 165, 166, 167, 168, 169, 170, 171, 175, 176, 177, 178, 179, 180, 181, 182, 184, 188, 189, 190, 191, 192, 194, 195, 196, 199, 200, 201, 202, 204, 206, 207, 208, 210, 215, 216, 217, 218, 219, 220, 221, 222, 223, 226, 230, 231, 232, 234, 235, 236, 239, 240, 243, 245, 246, 247, 248, 249, 250, 251, 256, 257, 258, 260, 261, 264, 265, 266, 267, 270, 271, 272, 273, 278, 279, 280, 285, 286, 288, 290, 291, 292, 293, 294, 295, 296, 298, 299, 300, 301, 305, 307, 316, 320, 321, 322, 324, 326, 336, 340, 342, 343, 344, 348, 349, 350, 351, 352, 353, 354, 358, 359, 360, 361, 362, 363, 367, 368, 372, 373, 375, 376, 377, 378, 379, 381, 382, 384, 385, 387, 389, 395, 400, 401, 402, 403, 404, 407, 412], "excluded_lines": []}, "RateLimitedTransport": {"executed_lines": [], "summary": {"covered_lines": 0, "num_statements": 21, "percent_covered": 0.0, "percent_covered_display": "0", "missing_lines": 21, "excluded_lines": 0}, "missing_lines": [425, 426, 427, 432, 433, 436, 437, 438, 439, 440, 442, 444, 447, 448, 450, 452, 455, 459, 460, 461, 462], "excluded_lines": []}, "": {"executed_lines": [1, 14, 16, 17, 18, 19, 20, 22, 24, 25, 29, 32, 35, 36, 39, 40, 42, 46, 50, 54, 58, 62, 69, 70, 71, 73, 74, 75, 76, 79, 80, 81, 83, 84, 85, 88, 89, 90, 92, 93, 96, 97, 98, 100, 101, 102, 103, 104, 105, 106, 109, 110, 111, 113, 114, 115, 116, 117, 120, 121, 122, 124, 125, 126, 129, 130, 132, 161, 173, 186, 212, 213, 228, 253, 346, 356, 365, 370, 415, 416, 418, 429, 457, 466, 467, 470, 511], "summary": {"covered_lines": 76, "num_statements": 90, "percent_covered": 84.44444444444444, "percent_covered_display": "84", "missing_lines": 14, "excluded_lines": 7}, "missing_lines": [26, 27, 488, 489, 491, 492, 493, 496, 497, 506, 507, 508, 518, 519], "excluded_lines": [45, 49, 53, 57, 61, 67, 68]}}}, "src/DocsToKG/DocParsing/__init__.py": {"executed_lines": [], "summary": {"covered_lines": 0, "num_statements": 56, "percent_covered": 0.0, "percent_covered_display": "0", "missing_lines": 56, "excluded_lines": 19}, "missing_lines": [13, 15, 16, 17, 28, 37, 40, 43, 46, 48, 49, 51, 52, 53, 79, 80, 81, 84, 102, 105, 106, 107, 110, 113, 116, 119, 120, 121, 124, 127, 128, 129, 132, 135, 136, 137, 140, 143, 144, 145, 148, 151, 152, 153, 156, 159, 160, 161, 164, 167, 168, 169, 172, 175, 176, 177], "excluded_lines": [19, 20, 21, 22, 23, 24, 25, 54, 55, 56, 63, 64, 65, 66, 67, 68, 69, 70, 77], "functions": {"_import_module": {"executed_lines": [], "summary": {"covered_lines": 0, "num_statements": 1, "percent_covered": 0.0, "percent_covered_display": "0", "missing_lines": 1, "excluded_lines": 0}, "missing_lines": [43], "excluded_lines": []}, "_load_module": {"executed_lines": [], "summary": {"covered_lines": 0, "num_statements": 8, "percent_covered": 0.0, "percent_covered_display": "0", "missing_lines": 8, "excluded_lines": 12}, "missing_lines": [48, 49, 51, 52, 53, 79, 80, 81], "excluded_lines": [54, 55, 56, 63, 64, 65, 66, 67, 68, 69, 70, 77]}, "__getattr__": {"executed_lines": [], "summary": {"covered_lines": 0, "num_statements": 3, "percent_covered": 0.0, "percent_covered_display": "0", "missing_lines": 3, "excluded_lines": 0}, "missing_lines": [105, 106, 107], "excluded_lines": []}, "__dir__": {"executed_lines": [], "summary": {"covered_lines": 0, "num_statements": 1, "percent_covered": 0.0, "percent_covered_display": "0", "missing_lines": 1, "excluded_lines": 0}, "missing_lines": [113], "excluded_lines": []}, "plan": {"executed_lines": [], "summary": {"covered_lines": 0, "num_statements": 3, "percent_covered": 0.0, "percent_covered_display": "0", "missing_lines": 3, "excluded_lines": 0}, "missing_lines": [119, 120, 121], "excluded_lines": []}, "manifest": {"executed_lines": [], "summary": {"covered_lines": 0, "num_statements": 3, "percent_covered": 0.0, "percent_covered_display": "0", "missing_lines": 3, "excluded_lines": 0}, "missing_lines": [127, 128, 129], "excluded_lines": []}, "pdf_build_parser": {"executed_lines": [], "summary": {"covered_lines": 0, "num_statements": 3, "percent_covered": 0.0, "percent_covered_display": "0", "missing_lines": 3, "excluded_lines": 0}, "missing_lines": [135, 136, 137], "excluded_lines": []}, "pdf_parse_args": {"executed_lines": [], "summary": {"covered_lines": 0, "num_statements": 3, "percent_covered": 0.0, "percent_covered_display": "0", "missing_lines": 3, "excluded_lines": 0}, "missing_lines": [143, 144, 145], "excluded_lines": []}, "pdf_main": {"executed_lines": [], "summary": {"covered_lines": 0, "num_statements": 3, "percent_covered": 0.0, "percent_covered_display": "0", "missing_lines": 3, "excluded_lines": 0}, "missing_lines": [151, 152, 153], "excluded_lines": []}, "html_build_parser": {"executed_lines": [], "summary": {"covered_lines": 0, "num_statements": 3, "percent_covered": 0.0, "percent_covered_display": "0", "missing_lines": 3, "excluded_lines": 0}, "missing_lines": [159, 160, 161], "excluded_lines": []}, "html_parse_args": {"executed_lines": [], "summary": {"covered_lines": 0, "num_statements": 3, "percent_covered": 0.0, "percent_covered_display": "0", "missing_lines": 3, "excluded_lines": 0}, "missing_lines": [167, 168, 169], "excluded_lines": []}, "html_main": {"executed_lines": [], "summary": {"covered_lines": 0, "num_statements": 3, "percent_covered": 0.0, "percent_covered_display": "0", "missing_lines": 3, "excluded_lines": 0}, "missing_lines": [175, 176, 177], "excluded_lines": []}, "": {"executed_lines": [], "summary": {"covered_lines": 0, "num_statements": 19, "percent_covered": 0.0, "percent_covered_display": "0", "missing_lines": 19, "excluded_lines": 7}, "missing_lines": [13, 15, 16, 17, 28, 37, 40, 46, 84, 102, 110, 116, 124, 132, 140, 148, 156, 164, 172], "excluded_lines": [19, 20, 21, 22, 23, 24, 25]}}, "classes": {"": {"executed_lines": [], "summary": {"covered_lines": 0, "num_statements": 56, "percent_covered": 0.0, "percent_covered_display": "0", "missing_lines": 56, "excluded_lines": 19}, "missing_lines": [13, 15, 16, 17, 28, 37, 40, 43, 46, 48, 49, 51, 52, 53, 79, 80, 81, 84, 102, 105, 106, 107, 110, 113, 116, 119, 120, 121, 124, 127, 128, 129, 132, 135, 136, 137, 140, 143, 144, 145, 148, 151, 152, 153, 156, 159, 160, 161, 164, 167, 168, 169, 172, 175, 176, 177], "excluded_lines": [19, 20, 21, 22, 23, 24, 25, 54, 55, 56, 63, 64, 65, 66, 67, 68, 69, 70, 77]}}}, "src/DocsToKG/DocParsing/app_context.py": {"executed_lines": [], "summary": {"covered_lines": 0, "num_statements": 85, "percent_covered": 0.0, "percent_covered_display": "0", "missing_lines": 85, "excluded_lines": 0}, "missing_lines": [13, 15, 16, 17, 19, 21, 29, 32, 33, 41, 42, 43, 44, 45, 47, 49, 50, 53, 119, 121, 122, 123, 124, 125, 126, 128, 129, 130, 131, 133, 134, 135, 136, 137, 138, 140, 141, 142, 143, 144, 145, 146, 147, 148, 149, 151, 152, 153, 154, 155, 156, 161, 162, 163, 165, 166, 167, 168, 169, 170, 172, 175, 184, 185, 187, 188, 189, 190, 191, 194, 195, 197, 200, 202, 211, 212, 213, 214, 215, 217, 224, 226, 232, 235, 244], "excluded_lines": [], "functions": {"AppContext.__post_init__": {"executed_lines": [], "summary": {"covered_lines": 0, "num_statements": 2, "percent_covered": 0.0, "percent_covered_display": "0", "missing_lines": 2, "excluded_lines": 0}, "missing_lines": [49, 50], "excluded_lines": []}, "build_app_context": {"executed_lines": [], "summary": {"covered_lines": 0, "num_statements": 66, "percent_covered": 0.0, "percent_covered_display": "0", "missing_lines": 66, "excluded_lines": 0}, "missing_lines": [119, 121, 122, 123, 124, 125, 126, 128, 129, 130, 131, 133, 134, 135, 136, 137, 138, 140, 141, 142, 143, 144, 145, 146, 147, 148, 149, 151, 152, 153, 154, 155, 156, 161, 162, 163, 165, 166, 167, 168, 169, 170, 172, 175, 184, 185, 187, 188, 189, 190, 191, 194, 195, 197, 200, 202, 211, 212, 213, 214, 215, 217, 224, 226, 232, 235], "excluded_lines": []}, "": {"executed_lines": [], "summary": {"covered_lines": 0, "num_statements": 17, "percent_covered": 0.0, "percent_covered_display": "0", "missing_lines": 17, "excluded_lines": 0}, "missing_lines": [13, 15, 16, 17, 19, 21, 29, 32, 33, 41, 42, 43, 44, 45, 47, 53, 244], "excluded_lines": []}}, "classes": {"AppContext": {"executed_lines": [], "summary": {"covered_lines": 0, "num_statements": 2, "percent_covered": 0.0, "percent_covered_display": "0", "missing_lines": 2, "excluded_lines": 0}, "missing_lines": [49, 50], "excluded_lines": []}, "": {"executed_lines": [], "summary": {"covered_lines": 0, "num_statements": 83, "percent_covered": 0.0, "percent_covered_display": "0", "missing_lines": 83, "excluded_lines": 0}, "missing_lines": [13, 15, 16, 17, 19, 21, 29, 32, 33, 41, 42, 43, 44, 45, 47, 53, 119, 121, 122, 123, 124, 125, 126, 128, 129, 130, 131, 133, 134, 135, 136, 137, 138, 140, 141, 142, 143, 144, 145, 146, 147, 148, 149, 151, 152, 153, 154, 155, 156, 161, 162, 163, 165, 166, 167, 168, 169, 170, 172, 175, 184, 185, 187, 188, 189, 190, 191, 194, 195, 197, 200, 202, 211, 212, 213, 214, 215, 217, 224, 226, 232, 235, 244], "excluded_lines": []}}}, "src/DocsToKG/DocParsing/chunking/__init__.py": {"executed_lines": [], "summary": {"covered_lines": 0, "num_statements": 24, "percent_covered": 0.0, "percent_covered_display": "0", "missing_lines": 24, "excluded_lines": 0}, "missing_lines": [11, 12, 18, 19, 20, 21, 22, 24, 38, 39, 40, 41, 42, 45, 59, 60, 61, 62, 63, 64, 66, 67, 69, 70], "excluded_lines": [], "functions": {"": {"executed_lines": [], "summary": {"covered_lines": 0, "num_statements": 24, "percent_covered": 0.0, "percent_covered_display": "0", "missing_lines": 24, "excluded_lines": 0}, "missing_lines": [11, 12, 18, 19, 20, 21, 22, 24, 38, 39, 40, 41, 42, 45, 59, 60, 61, 62, 63, 64, 66, 67, 69, 70], "excluded_lines": []}}, "classes": {"": {"executed_lines": [], "summary": {"covered_lines": 0, "num_statements": 24, "percent_covered": 0.0, "percent_covered_display": "0", "missing_lines": 24, "excluded_lines": 0}, "missing_lines": [11, 12, 18, 19, 20, 21, 22, 24, 38, 39, 40, 41, 42, 45, 59, 60, 61, 62, 63, 64, 66, 67, 69, 70], "excluded_lines": []}}}, "src/DocsToKG/DocParsing/chunking/cli.py": {"executed_lines": [], "summary": {"covered_lines": 0, "num_statements": 19, "percent_covered": 0.0, "percent_covered_display": "0", "missing_lines": 19, "excluded_lines": 0}, "missing_lines": [31, 33, 34, 35, 37, 38, 39, 41, 43, 142, 145, 146, 147, 148, 153, 156, 159, 160, 163], "excluded_lines": [], "functions": {"build_parser": {"executed_lines": [], "summary": {"covered_lines": 0, "num_statements": 5, "percent_covered": 0.0, "percent_covered_display": "0", "missing_lines": 5, "excluded_lines": 0}, "missing_lines": [145, 146, 147, 148, 153], "excluded_lines": []}, "parse_args": {"executed_lines": [], "summary": {"covered_lines": 0, "num_statements": 2, "percent_covered": 0.0, "percent_covered_display": "0", "missing_lines": 2, "excluded_lines": 0}, "missing_lines": [159, 160], "excluded_lines": []}, "": {"executed_lines": [], "summary": {"covered_lines": 0, "num_statements": 12, "percent_covered": 0.0, "percent_covered_display": "0", "missing_lines": 12, "excluded_lines": 0}, "missing_lines": [31, 33, 34, 35, 37, 38, 39, 41, 43, 142, 156, 163], "excluded_lines": []}}, "classes": {"": {"executed_lines": [], "summary": {"covered_lines": 0, "num_statements": 19, "percent_covered": 0.0, "percent_covered_display": "0", "missing_lines": 19, "excluded_lines": 0}, "missing_lines": [31, 33, 34, 35, 37, 38, 39, 41, 43, 142, 145, 146, 147, 148, 153, 156, 159, 160, 163], "excluded_lines": []}}}, "src/DocsToKG/DocParsing/chunking/config.py": {"executed_lines": [], "summary": {"covered_lines": 0, "num_statements": 72, "percent_covered": 0.0, "percent_covered_display": "0", "missing_lines": 72, "excluded_lines": 0}, "missing_lines": [11, 13, 14, 15, 16, 18, 19, 20, 21, 23, 26, 27, 30, 31, 32, 33, 34, 35, 36, 37, 38, 39, 40, 41, 42, 43, 44, 45, 46, 47, 49, 71, 93, 96, 97, 99, 100, 105, 107, 108, 110, 112, 113, 115, 117, 118, 122, 123, 124, 125, 128, 132, 133, 134, 135, 136, 138, 139, 143, 144, 148, 149, 153, 154, 158, 159, 163, 164, 169, 170, 176, 208], "excluded_lines": [], "functions": {"ChunkerCfg.finalize": {"executed_lines": [], "summary": {"covered_lines": 0, "num_statements": 37, "percent_covered": 0.0, "percent_covered_display": "0", "missing_lines": 37, "excluded_lines": 0}, "missing_lines": [96, 97, 99, 100, 105, 107, 108, 110, 112, 113, 115, 117, 118, 122, 123, 124, 125, 128, 132, 133, 134, 135, 136, 138, 139, 143, 144, 148, 149, 153, 154, 158, 159, 163, 164, 169, 170], "excluded_lines": []}, "": {"executed_lines": [], "summary": {"covered_lines": 0, "num_statements": 35, "percent_covered": 0.0, "percent_covered_display": "0", "missing_lines": 35, "excluded_lines": 0}, "missing_lines": [11, 13, 14, 15, 16, 18, 19, 20, 21, 23, 26, 27, 30, 31, 32, 33, 34, 35, 36, 37, 38, 39, 40, 41, 42, 43, 44, 45, 46, 47, 49, 71, 93, 176, 208], "excluded_lines": []}}, "classes": {"ChunkerCfg": {"executed_lines": [], "summary": {"covered_lines": 0, "num_statements": 37, "percent_covered": 0.0, "percent_covered_display": "0", "missing_lines": 37, "excluded_lines": 0}, "missing_lines": [96, 97, 99, 100, 105, 107, 108, 110, 112, 113, 115, 117, 118, 122, 123, 124, 125, 128, 132, 133, 134, 135, 136, 138, 139, 143, 144, 148, 149, 153, 154, 158, 159, 163, 164, 169, 170], "excluded_lines": []}, "": {"executed_lines": [], "summary": {"covered_lines": 0, "num_statements": 35, "percent_covered": 0.0, "percent_covered_display": "0", "missing_lines": 35, "excluded_lines": 0}, "missing_lines": [11, 13, 14, 15, 16, 18, 19, 20, 21, 23, 26, 27, 30, 31, 32, 33, 34, 35, 36, 37, 38, 39, 40, 41, 42, 43, 44, 45, 46, 47, 49, 71, 93, 176, 208], "excluded_lines": []}}}, "src/DocsToKG/DocParsing/chunking/runtime.py": {"executed_lines": [], "summary": {"covered_lines": 0, "num_statements": 721, "percent_covered": 0.0, "percent_covered_display": "0", "missing_lines": 721, "excluded_lines": 15}, "missing_lines": [159, 161, 162, 164, 165, 166, 167, 168, 169, 170, 172, 173, 174, 175, 176, 177, 178, 179, 180, 181, 182, 183, 186, 187, 188, 189, 190, 194, 210, 211, 212, 213, 238, 246, 253, 254, 267, 275, 276, 277, 279, 280, 282, 284, 287, 288, 291, 292, 293, 294, 295, 296, 297, 298, 299, 300, 301, 304, 307, 310, 313, 314, 315, 316, 317, 318, 319, 322, 325, 326, 329, 332, 333, 334, 336, 337, 338, 339, 340, 341, 342, 343, 344, 345, 346, 347, 356, 357, 358, 359, 360, 363, 370, 371, 372, 373, 374, 375, 376, 377, 380, 385, 389, 390, 391, 392, 393, 395, 396, 397, 398, 399, 400, 401, 402, 403, 404, 405, 406, 407, 411, 412, 413, 414, 415, 423, 424, 425, 426, 427, 428, 429, 437, 438, 439, 440, 441, 442, 443, 444, 445, 448, 449, 451, 454, 457, 458, 459, 460, 461, 462, 463, 464, 465, 466, 467, 468, 469, 470, 471, 472, 473, 476, 479, 482, 483, 484, 485, 486, 489, 491, 492, 493, 494, 495, 497, 502, 504, 519, 531, 532, 534, 536, 537, 538, 539, 540, 541, 542, 543, 544, 546, 547, 548, 549, 550, 551, 552, 553, 554, 555, 556, 557, 558, 559, 561, 562, 563, 565, 567, 570, 573, 576, 577, 578, 582, 583, 584, 585, 591, 601, 604, 605, 607, 608, 609, 610, 611, 613, 614, 615, 616, 617, 618, 619, 620, 622, 623, 624, 625, 626, 627, 630, 646, 656, 657, 659, 660, 663, 664, 665, 666, 667, 668, 669, 671, 680, 699, 700, 703, 704, 706, 708, 709, 711, 712, 719, 721, 724, 725, 726, 727, 730, 731, 732, 733, 735, 736, 770, 773, 774, 777, 780, 781, 782, 783, 784, 785, 786, 789, 792, 793, 797, 798, 799, 800, 801, 802, 803, 804, 805, 808, 809, 810, 811, 812, 815, 830, 831, 832, 834, 835, 836, 837, 838, 839, 840, 841, 842, 843, 844, 845, 846, 847, 848, 849, 860, 862, 863, 864, 865, 866, 867, 868, 869, 870, 871, 872, 873, 874, 897, 909, 910, 912, 913, 915, 916, 927, 936, 937, 940, 943, 954, 955, 958, 961, 962, 966, 967, 968, 971, 975, 976, 977, 978, 979, 982, 996, 997, 998, 999, 1000, 1001, 1002, 1003, 1004, 1005, 1018, 1019, 1020, 1021, 1022, 1037, 1040, 1043, 1044, 1045, 1046, 1048, 1049, 1050, 1051, 1052, 1053, 1054, 1056, 1066, 1067, 1092, 1093, 1094, 1101, 1113, 1117, 1119, 1131, 1136, 1145, 1152, 1153, 1154, 1155, 1157, 1158, 1165, 1170, 1171, 1172, 1173, 1174, 1175, 1176, 1177, 1178, 1179, 1180, 1187, 1188, 1189, 1190, 1200, 1201, 1208, 1209, 1220, 1222, 1223, 1224, 1232, 1243, 1245, 1248, 1258, 1259, 1267, 1268, 1280, 1283, 1284, 1292, 1304, 1305, 1306, 1320, 1327, 1343, 1344, 1345, 1346, 1347, 1348, 1349, 1352, 1353, 1354, 1355, 1356, 1357, 1360, 1361, 1362, 1363, 1364, 1365, 1366, 1367, 1368, 1369, 1370, 1371, 1372, 1373, 1375, 1377, 1378, 1381, 1382, 1383, 1385, 1386, 1387, 1388, 1389, 1391, 1392, 1393, 1398, 1399, 1407, 1408, 1410, 1411, 1418, 1422, 1423, 1430, 1434, 1435, 1441, 1446, 1447, 1448, 1449, 1450, 1457, 1462, 1463, 1464, 1465, 1466, 1467, 1472, 1473, 1474, 1475, 1476, 1483, 1484, 1485, 1486, 1487, 1491, 1492, 1493, 1494, 1498, 1499, 1501, 1502, 1503, 1504, 1505, 1507, 1508, 1509, 1513, 1519, 1521, 1522, 1524, 1531, 1538, 1539, 1540, 1541, 1542, 1547, 1548, 1549, 1550, 1551, 1552, 1553, 1554, 1555, 1556, 1557, 1558, 1559, 1560, 1561, 1562, 1563, 1566, 1567, 1569, 1570, 1571, 1572, 1573, 1574, 1575, 1576, 1577, 1583, 1584, 1585, 1586, 1587, 1588, 1589, 1590, 1591, 1592, 1594, 1596, 1597, 1598, 1599, 1605, 1616, 1617, 1618, 1629, 1630, 1631, 1641, 1643, 1644, 1645, 1646, 1648, 1649, 1654, 1658, 1659, 1660, 1661, 1673, 1675, 1688, 1689, 1701, 1702, 1703, 1714, 1716, 1717, 1718, 1719, 1720, 1721, 1722, 1727, 1728, 1729, 1737, 1747, 1749, 1750, 1751, 1752, 1764, 1765, 1773, 1774, 1775, 1776, 1779, 1794, 1800, 1802, 1803, 1813, 1815, 1826, 1827, 1828, 1829, 1830, 1831, 1837, 1838, 1839, 1840, 1841, 1842, 1844, 1845, 1846, 1847, 1848, 1849, 1850, 1851, 1852, 1853, 1854, 1855, 1858, 1873, 1882, 1883, 1884, 1887, 1890, 1894, 1895, 1896, 1897, 1898, 1900, 1920, 1944, 1946, 1947, 1950, 1953, 1954, 1955, 1968, 1969, 1970, 1972, 1973, 1980, 1982, 1983, 1984, 1985, 1986, 1987, 1989, 1992, 1995, 1996, 1997, 1998, 1999, 2002, 2003], "excluded_lines": [408, 409, 446, 447, 474, 475, 750, 751, 752, 753, 1068, 1069, 1070, 1077, 1088], "functions": {"read_utf8": {"executed_lines": [], "summary": {"covered_lines": 0, "num_statements": 1, "percent_covered": 0.0, "percent_covered_display": "0", "missing_lines": 1, "excluded_lines": 0}, "missing_lines": [307], "excluded_lines": []}, "_hash_doctags_text": {"executed_lines": [], "summary": {"covered_lines": 0, "num_statements": 7, "percent_covered": 0.0, "percent_covered_display": "0", "missing_lines": 7, "excluded_lines": 0}, "missing_lines": [313, 314, 315, 316, 317, 318, 319], "excluded_lines": []}, "build_doc": {"executed_lines": [], "summary": {"covered_lines": 0, "num_statements": 2, "percent_covered": 0.0, "percent_covered_display": "0", "missing_lines": 2, "excluded_lines": 0}, "missing_lines": [325, 326], "excluded_lines": []}, "extract_refs_and_pages": {"executed_lines": [], "summary": {"covered_lines": 0, "num_statements": 20, "percent_covered": 0.0, "percent_covered_display": "0", "missing_lines": 20, "excluded_lines": 0}, "missing_lines": [332, 333, 334, 336, 337, 338, 339, 340, 341, 342, 343, 344, 345, 346, 347, 356, 357, 358, 359, 360], "excluded_lines": []}, "is_structural_boundary": {"executed_lines": [], "summary": {"covered_lines": 0, "num_statements": 8, "percent_covered": 0.0, "percent_covered_display": "0", "missing_lines": 8, "excluded_lines": 0}, "missing_lines": [370, 371, 372, 373, 374, 375, 376, 377], "excluded_lines": []}, "summarize_image_metadata": {"executed_lines": [], "summary": {"covered_lines": 0, "num_statements": 43, "percent_covered": 0.0, "percent_covered_display": "0", "missing_lines": 43, "excluded_lines": 4}, "missing_lines": [385, 389, 390, 391, 392, 393, 395, 396, 397, 398, 399, 400, 401, 402, 403, 404, 405, 406, 407, 411, 412, 413, 414, 415, 423, 424, 425, 426, 427, 428, 429, 437, 438, 439, 440, 441, 442, 443, 444, 445, 448, 449, 451], "excluded_lines": [408, 409, 446, 447]}, "_extract_chunk_start": {"executed_lines": [], "summary": {"covered_lines": 0, "num_statements": 18, "percent_covered": 0.0, "percent_covered_display": "0", "missing_lines": 18, "excluded_lines": 2}, "missing_lines": [457, 458, 459, 460, 461, 462, 463, 464, 465, 466, 467, 468, 469, 470, 471, 472, 473, 476], "excluded_lines": [474, 475]}, "merge_rec": {"executed_lines": [], "summary": {"covered_lines": 0, "num_statements": 14, "percent_covered": 0.0, "percent_covered_display": "0", "missing_lines": 14, "excluded_lines": 0}, "missing_lines": [482, 483, 484, 485, 486, 489, 491, 492, 493, 494, 495, 497, 502, 504], "excluded_lines": []}, "coalesce_small_runs": {"executed_lines": [], "summary": {"covered_lines": 0, "num_statements": 31, "percent_covered": 0.0, "percent_covered_display": "0", "missing_lines": 31, "excluded_lines": 0}, "missing_lines": [531, 532, 534, 536, 537, 538, 539, 540, 541, 542, 543, 544, 546, 547, 548, 549, 550, 551, 552, 553, 554, 555, 556, 557, 558, 559, 561, 562, 563, 565, 567], "excluded_lines": []}, "_chunk_worker_initializer": {"executed_lines": [], "summary": {"covered_lines": 0, "num_statements": 8, "percent_covered": 0.0, "percent_covered_display": "0", "missing_lines": 8, "excluded_lines": 0}, "missing_lines": [576, 577, 578, 582, 583, 584, 585, 591], "excluded_lines": []}, "_process_chunk_task": {"executed_lines": [], "summary": {"covered_lines": 0, "num_statements": 57, "percent_covered": 0.0, "percent_covered_display": "0", "missing_lines": 57, "excluded_lines": 4}, "missing_lines": [604, 605, 607, 608, 609, 610, 611, 613, 614, 615, 616, 617, 618, 619, 620, 622, 623, 624, 625, 626, 627, 630, 646, 656, 657, 659, 660, 663, 664, 665, 666, 667, 668, 669, 671, 680, 699, 700, 703, 704, 706, 708, 709, 711, 712, 719, 721, 724, 725, 726, 727, 730, 731, 732, 733, 735, 736], "excluded_lines": [750, 751, 752, 753]}, "_process_indexed_chunk_task": {"executed_lines": [], "summary": {"covered_lines": 0, "num_statements": 2, "percent_covered": 0.0, "percent_covered_display": "0", "missing_lines": 2, "excluded_lines": 0}, "missing_lines": [773, 774], "excluded_lines": []}, "_ordered_results": {"executed_lines": [], "summary": {"covered_lines": 0, "num_statements": 7, "percent_covered": 0.0, "percent_covered_display": "0", "missing_lines": 7, "excluded_lines": 0}, "missing_lines": [780, 781, 782, 783, 784, 785, 786], "excluded_lines": []}, "_resolve_serializer_provider": {"executed_lines": [], "summary": {"covered_lines": 0, "num_statements": 16, "percent_covered": 0.0, "percent_covered_display": "0", "missing_lines": 16, "excluded_lines": 0}, "missing_lines": [792, 793, 797, 798, 799, 800, 801, 802, 803, 804, 805, 808, 809, 810, 811, 812], "excluded_lines": []}, "_validate_chunk_files": {"executed_lines": [], "summary": {"covered_lines": 0, "num_statements": 41, "percent_covered": 0.0, "percent_covered_display": "0", "missing_lines": 41, "excluded_lines": 0}, "missing_lines": [830, 831, 832, 834, 835, 836, 837, 838, 839, 840, 841, 842, 843, 844, 845, 846, 847, 848, 849, 860, 862, 863, 864, 865, 866, 867, 868, 869, 870, 871, 872, 873, 874, 897, 909, 910, 912, 913, 915, 916, 927], "excluded_lines": []}, "_compute_worker_cfg_hash": {"executed_lines": [], "summary": {"covered_lines": 0, "num_statements": 3, "percent_covered": 0.0, "percent_covered_display": "0", "missing_lines": 3, "excluded_lines": 0}, "missing_lines": [943, 954, 955], "excluded_lines": []}, "_write_fingerprint": {"executed_lines": [], "summary": {"covered_lines": 0, "num_statements": 5, "percent_covered": 0.0, "percent_covered_display": "0", "missing_lines": 5, "excluded_lines": 0}, "missing_lines": [961, 962, 966, 967, 968], "excluded_lines": []}, "_ensure_worker_initialised": {"executed_lines": [], "summary": {"covered_lines": 0, "num_statements": 5, "percent_covered": 0.0, "percent_covered_display": "0", "missing_lines": 5, "excluded_lines": 0}, "missing_lines": [975, 976, 977, 978, 979], "excluded_lines": []}, "_build_chunk_plan": {"executed_lines": [], "summary": {"covered_lines": 0, "num_statements": 16, "percent_covered": 0.0, "percent_covered_display": "0", "missing_lines": 16, "excluded_lines": 0}, "missing_lines": [996, 997, 998, 999, 1000, 1001, 1002, 1003, 1004, 1005, 1018, 1019, 1020, 1021, 1022, 1037], "excluded_lines": []}, "_chunk_stage_worker": {"executed_lines": [], "summary": {"covered_lines": 0, "num_statements": 23, "percent_covered": 0.0, "percent_covered_display": "0", "missing_lines": 23, "excluded_lines": 5}, "missing_lines": [1043, 1044, 1045, 1046, 1048, 1049, 1050, 1051, 1052, 1053, 1054, 1056, 1066, 1067, 1092, 1093, 1094, 1101, 1113, 1117, 1119, 1131, 1136], "excluded_lines": [1068, 1069, 1070, 1077, 1088]}, "_make_chunk_stage_hooks": {"executed_lines": [], "summary": {"covered_lines": 0, "num_statements": 4, "percent_covered": 0.0, "percent_covered_display": "0", "missing_lines": 4, "excluded_lines": 0}, "missing_lines": [1152, 1165, 1304, 1320], "excluded_lines": []}, "_make_chunk_stage_hooks.before_stage": {"executed_lines": [], "summary": {"covered_lines": 0, "num_statements": 5, "percent_covered": 0.0, "percent_covered_display": "0", "missing_lines": 5, "excluded_lines": 0}, "missing_lines": [1153, 1154, 1155, 1157, 1158], "excluded_lines": []}, "_make_chunk_stage_hooks.after_item": {"executed_lines": [], "summary": {"covered_lines": 0, "num_statements": 35, "percent_covered": 0.0, "percent_covered_display": "0", "missing_lines": 35, "excluded_lines": 0}, "missing_lines": [1170, 1171, 1172, 1173, 1174, 1175, 1176, 1177, 1178, 1179, 1180, 1187, 1188, 1189, 1190, 1200, 1201, 1208, 1209, 1220, 1222, 1223, 1224, 1232, 1243, 1245, 1248, 1258, 1259, 1267, 1268, 1280, 1283, 1284, 1292], "excluded_lines": []}, "_make_chunk_stage_hooks.after_stage": {"executed_lines": [], "summary": {"covered_lines": 0, "num_statements": 2, "percent_covered": 0.0, "percent_covered_display": "0", "missing_lines": 2, "excluded_lines": 0}, "missing_lines": [1305, 1306], "excluded_lines": []}, "_main_inner": {"executed_lines": [], "summary": {"covered_lines": 0, "num_statements": 193, "percent_covered": 0.0, "percent_covered_display": "0", "missing_lines": 193, "excluded_lines": 0}, "missing_lines": [1343, 1344, 1345, 1346, 1347, 1348, 1349, 1352, 1353, 1354, 1355, 1356, 1357, 1360, 1361, 1362, 1363, 1364, 1365, 1366, 1367, 1368, 1369, 1370, 1371, 1372, 1373, 1375, 1377, 1378, 1381, 1382, 1383, 1385, 1386, 1387, 1388, 1389, 1391, 1392, 1393, 1398, 1399, 1407, 1408, 1410, 1411, 1418, 1422, 1423, 1430, 1434, 1435, 1441, 1446, 1447, 1448, 1449, 1450, 1457, 1462, 1463, 1464, 1465, 1466, 1467, 1472, 1473, 1474, 1475, 1476, 1483, 1484, 1485, 1486, 1487, 1491, 1492, 1493, 1494, 1498, 1499, 1501, 1502, 1503, 1504, 1505, 1507, 1508, 1509, 1513, 1519, 1521, 1522, 1524, 1531, 1538, 1539, 1540, 1541, 1542, 1547, 1548, 1549, 1550, 1551, 1552, 1553, 1554, 1555, 1556, 1557, 1558, 1559, 1560, 1561, 1562, 1563, 1566, 1567, 1569, 1570, 1571, 1572, 1573, 1574, 1575, 1576, 1577, 1583, 1584, 1585, 1586, 1587, 1588, 1589, 1590, 1591, 1592, 1594, 1596, 1597, 1598, 1599, 1605, 1616, 1617, 1618, 1629, 1630, 1631, 1641, 1643, 1644, 1645, 1646, 1648, 1649, 1654, 1658, 1659, 1660, 1661, 1673, 1675, 1688, 1689, 1701, 1702, 1703, 1714, 1716, 1717, 1718, 1719, 1720, 1721, 1722, 1727, 1728, 1729, 1737, 1747, 1749, 1750, 1751, 1752, 1764, 1765, 1773, 1774, 1775, 1776], "excluded_lines": []}, "_run_validate_only": {"executed_lines": [], "summary": {"covered_lines": 0, "num_statements": 43, "percent_covered": 0.0, "percent_covered_display": "0", "missing_lines": 43, "excluded_lines": 0}, "missing_lines": [1794, 1800, 1802, 1803, 1813, 1815, 1826, 1827, 1828, 1829, 1830, 1831, 1837, 1838, 1839, 1840, 1841, 1842, 1844, 1845, 1846, 1847, 1848, 1849, 1850, 1851, 1852, 1853, 1854, 1855, 1858, 1873, 1882, 1883, 1884, 1887, 1890, 1894, 1895, 1896, 1897, 1898, 1900], "excluded_lines": []}, "_write_chunks_atomic": {"executed_lines": [], "summary": {"covered_lines": 0, "num_statements": 20, "percent_covered": 0.0, "percent_covered_display": "0", "missing_lines": 20, "excluded_lines": 0}, "missing_lines": [1944, 1946, 1947, 1950, 1953, 1954, 1955, 1968, 1969, 1970, 1972, 1973, 1980, 1982, 1983, 1984, 1985, 1986, 1987, 1989], "excluded_lines": []}, "main": {"executed_lines": [], "summary": {"covered_lines": 0, "num_statements": 5, "percent_covered": 0.0, "percent_covered_display": "0", "missing_lines": 5, "excluded_lines": 0}, "missing_lines": [1995, 1996, 1997, 1998, 1999], "excluded_lines": []}, "": {"executed_lines": [], "summary": {"covered_lines": 0, "num_statements": 87, "percent_covered": 0.0, "percent_covered_display": "0", "missing_lines": 87, "excluded_lines": 0}, "missing_lines": [159, 161, 162, 164, 165, 166, 167, 168, 169, 170, 172, 173, 174, 175, 176, 177, 178, 179, 180, 181, 182, 183, 186, 187, 188, 189, 190, 194, 210, 211, 212, 213, 238, 246, 253, 254, 267, 275, 276, 277, 279, 280, 282, 284, 287, 288, 291, 292, 293, 294, 295, 296, 297, 298, 299, 300, 301, 304, 310, 322, 329, 363, 380, 454, 479, 519, 570, 573, 601, 770, 777, 789, 815, 936, 937, 940, 958, 971, 982, 1040, 1145, 1327, 1779, 1920, 1992, 2002, 2003], "excluded_lines": []}}, "classes": {"Rec": {"executed_lines": [], "summary": {"covered_lines": 0, "num_statements": 0, "percent_covered": 100.0, "percent_covered_display": "100", "missing_lines": 0, "excluded_lines": 0}, "missing_lines": [], "excluded_lines": []}, "": {"executed_lines": [], "summary": {"covered_lines": 0, "num_statements": 721, "percent_covered": 0.0, "percent_covered_display": "0", "missing_lines": 721, "excluded_lines": 15}, "missing_lines": [159, 161, 162, 164, 165, 166, 167, 168, 169, 170, 172, 173, 174, 175, 176, 177, 178, 179, 180, 181, 182, 183, 186, 187, 188, 189, 190, 194, 210, 211, 212, 213, 238, 246, 253, 254, 267, 275, 276, 277, 279, 280, 282, 284, 287, 288, 291, 292, 293, 294, 295, 296, 297, 298, 299, 300, 301, 304, 307, 310, 313, 314, 315, 316, 317, 318, 319, 322, 325, 326, 329, 332, 333, 334, 336, 337, 338, 339, 340, 341, 342, 343, 344, 345, 346, 347, 356, 357, 358, 359, 360, 363, 370, 371, 372, 373, 374, 375, 376, 377, 380, 385, 389, 390, 391, 392, 393, 395, 396, 397, 398, 399, 400, 401, 402, 403, 404, 405, 406, 407, 411, 412, 413, 414, 415, 423, 424, 425, 426, 427, 428, 429, 437, 438, 439, 440, 441, 442, 443, 444, 445, 448, 449, 451, 454, 457, 458, 459, 460, 461, 462, 463, 464, 465, 466, 467, 468, 469, 470, 471, 472, 473, 476, 479, 482, 483, 484, 485, 486, 489, 491, 492, 493, 494, 495, 497, 502, 504, 519, 531, 532, 534, 536, 537, 538, 539, 540, 541, 542, 543, 544, 546, 547, 548, 549, 550, 551, 552, 553, 554, 555, 556, 557, 558, 559, 561, 562, 563, 565, 567, 570, 573, 576, 577, 578, 582, 583, 584, 585, 591, 601, 604, 605, 607, 608, 609, 610, 611, 613, 614, 615, 616, 617, 618, 619, 620, 622, 623, 624, 625, 626, 627, 630, 646, 656, 657, 659, 660, 663, 664, 665, 666, 667, 668, 669, 671, 680, 699, 700, 703, 704, 706, 708, 709, 711, 712, 719, 721, 724, 725, 726, 727, 730, 731, 732, 733, 735, 736, 770, 773, 774, 777, 780, 781,
[...]
 568, 569, 570, 571, 572, 573, 574, 575, 576, 577, 578, 579, 580, 582, 585, 590, 591, 593, 594, 596, 598, 600, 601, 602, 605, 606, 627, 628, 629, 630, 632, 633, 634, 635, 640, 641, 643, 644, 646, 647, 648, 649, 651, 654, 655, 657, 658, 660, 661, 662, 663, 665, 668, 669, 671, 672, 674, 675, 676, 678, 680, 682, 683, 684, 685, 686, 689, 690, 711, 713, 714, 715, 716, 718, 720, 722, 723, 724, 725, 726, 727, 728, 729, 730, 731, 733, 734, 737, 738, 739, 742, 743, 745, 746, 748, 749, 751, 752, 753, 755, 757, 758, 759, 760, 761, 762, 770, 772, 773, 774, 775, 776, 777, 778, 779, 782, 783, 785], "excluded_lines": []}}}, "src/DocsToKG/DocParsing/config.py": {"executed_lines": [], "summary": {"covered_lines": 0, "num_statements": 241, "percent_covered": 0.0, "percent_covered_display": "0", "missing_lines": 241, "excluded_lines": 4}, "missing_lines": [10, 12, 13, 14, 15, 16, 17, 19, 21, 28, 31, 32, 33, 34, 35, 36, 38, 39, 40, 41, 42, 43, 47, 50, 53, 54, 55, 56, 57, 58, 59, 60, 61, 64, 67, 68, 70, 71, 72, 74, 75, 78, 81, 82, 83, 86, 87, 90, 97, 98, 99, 100, 101, 102, 103, 104, 105, 106, 107, 108, 109, 110, 111, 112, 119, 122, 123, 124, 127, 130, 131, 132, 133, 134, 137, 140, 143, 146, 147, 148, 149, 150, 151, 152, 153, 154, 155, 156, 157, 158, 159, 161, 162, 163, 164, 165, 166, 167, 168, 171, 172, 173, 174, 175, 176, 177, 178, 179, 180, 181, 182, 183, 186, 189, 190, 191, 192, 193, 196, 207, 208, 209, 210, 211, 214, 219, 220, 221, 222, 223, 224, 225, 226, 227, 228, 230, 231, 233, 234, 236, 237, 238, 239, 240, 241, 242, 243, 245, 247, 248, 251, 254, 255, 256, 257, 258, 259, 260, 263, 264, 267, 268, 276, 277, 279, 282, 283, 284, 285, 286, 287, 288, 289, 290, 291, 293, 296, 297, 298, 299, 300, 301, 304, 305, 306, 307, 308, 309, 310, 311, 312, 314, 317, 318, 319, 320, 321, 322, 323, 324, 325, 326, 327, 328, 329, 330, 331, 332, 333, 334, 335, 336, 337, 339, 340, 343, 344, 345, 346, 351, 354, 355, 356, 357, 358, 359, 361, 364, 365, 366, 367, 369, 372, 374, 375, 376, 377, 378, 379, 380, 383], "excluded_lines": [204, 205, 348, 349], "functions": {"load_config_mapping": {"executed_lines": [], "summary": {"covered_lines": 0, "num_statements": 13, "percent_covered": 0.0, "percent_covered_display": "0", "missing_lines": 13, "excluded_lines": 0}, "missing_lines": [31, 32, 33, 34, 35, 36, 38, 39, 40, 41, 42, 43, 47], "excluded_lines": []}, "_manifest_value": {"executed_lines": [], "summary": {"covered_lines": 0, "num_statements": 9, "percent_covered": 0.0, "percent_covered_display": "0", "missing_lines": 9, "excluded_lines": 0}, "missing_lines": [53, 54, 55, 56, 57, 58, 59, 60, 61], "excluded_lines": []}, "_coerce_path": {"executed_lines": [], "summary": {"covered_lines": 0, "num_statements": 7, "percent_covered": 0.0, "percent_covered_display": "0", "missing_lines": 7, "excluded_lines": 0}, "missing_lines": [67, 68, 70, 71, 72, 74, 75], "excluded_lines": []}, "_coerce_optional_path": {"executed_lines": [], "summary": {"covered_lines": 0, "num_statements": 3, "percent_covered": 0.0, "percent_covered_display": "0", "missing_lines": 3, "excluded_lines": 0}, "missing_lines": [81, 82, 83], "excluded_lines": []}, "_coerce_bool": {"executed_lines": [], "summary": {"covered_lines": 0, "num_statements": 16, "percent_covered": 0.0, "percent_covered_display": "0", "missing_lines": 16, "excluded_lines": 0}, "missing_lines": [97, 98, 99, 100, 101, 102, 103, 104, 105, 106, 107, 108, 109, 110, 111, 112], "excluded_lines": []}, "_coerce_int": {"executed_lines": [], "summary": {"covered_lines": 0, "num_statements": 3, "percent_covered": 0.0, "percent_covered_display": "0", "missing_lines": 3, "excluded_lines": 0}, "missing_lines": [122, 123, 124], "excluded_lines": []}, "_coerce_float": {"executed_lines": [], "summary": {"covered_lines": 0, "num_statements": 5, "percent_covered": 0.0, "percent_covered_display": "0", "missing_lines": 5, "excluded_lines": 0}, "missing_lines": [130, 131, 132, 133, 134], "excluded_lines": []}, "_coerce_str": {"executed_lines": [], "summary": {"covered_lines": 0, "num_statements": 1, "percent_covered": 0.0, "percent_covered_display": "0", "missing_lines": 1, "excluded_lines": 0}, "missing_lines": [140], "excluded_lines": []}, "_coerce_str_tuple": {"executed_lines": [], "summary": {"covered_lines": 0, "num_statements": 35, "percent_covered": 0.0, "percent_covered_display": "0", "missing_lines": 35, "excluded_lines": 0}, "missing_lines": [146, 147, 148, 149, 150, 151, 152, 153, 154, 155, 156, 157, 158, 159, 161, 162, 163, 164, 165, 166, 167, 168, 171, 172, 173, 174, 175, 176, 177, 178, 179, 180, 181, 182, 183], "excluded_lines": []}, "_namespace_setdefault": {"executed_lines": [], "summary": {"covered_lines": 0, "num_statements": 5, "percent_covered": 0.0, "percent_covered_display": "0", "missing_lines": 5, "excluded_lines": 0}, "missing_lines": [189, 190, 191, 192, 193], "excluded_lines": []}, "annotate_cli_overrides": {"executed_lines": [], "summary": {"covered_lines": 0, "num_statements": 5, "percent_covered": 0.0, "percent_covered_display": "0", "missing_lines": 5, "excluded_lines": 2}, "missing_lines": [207, 208, 209, 210, 211], "excluded_lines": [204, 205]}, "parse_args_with_overrides": {"executed_lines": [], "summary": {"covered_lines": 0, "num_statements": 25, "percent_covered": 0.0, "percent_covered_display": "0", "missing_lines": 25, "excluded_lines": 0}, "missing_lines": [219, 220, 221, 222, 223, 224, 225, 226, 227, 228, 230, 231, 233, 234, 236, 237, 238, 239, 240, 241, 242, 243, 245, 247, 248], "excluded_lines": []}, "ensure_cli_metadata": {"executed_lines": [], "summary": {"covered_lines": 0, "num_statements": 7, "percent_covered": 0.0, "percent_covered_display": "0", "missing_lines": 7, "excluded_lines": 0}, "missing_lines": [254, 255, 256, 257, 258, 259, 260], "excluded_lines": []}, "StageConfigBase.apply_env": {"executed_lines": [], "summary": {"covered_lines": 0, "num_statements": 10, "percent_covered": 0.0, "percent_covered_display": "0", "missing_lines": 10, "excluded_lines": 0}, "missing_lines": [282, 283, 284, 285, 286, 287, 288, 289, 290, 291], "excluded_lines": []}, "StageConfigBase.update_from_file": {"executed_lines": [], "summary": {"covered_lines": 0, "num_statements": 15, "percent_covered": 0.0, "percent_covered_display": "0", "missing_lines": 15, "excluded_lines": 0}, "missing_lines": [296, 297, 298, 299, 300, 301, 304, 305, 306, 307, 308, 309, 310, 311, 312], "excluded_lines": []}, "StageConfigBase.apply_args": {"executed_lines": [], "summary": {"covered_lines": 0, "num_statements": 21, "percent_covered": 0.0, "percent_covered_display": "0", "missing_lines": 21, "excluded_lines": 0}, "missing_lines": [317, 318, 319, 320, 321, 322, 323, 324, 325, 326, 327, 328, 329, 330, 331, 332, 333, 334, 335, 336, 337], "excluded_lines": []}, "StageConfigBase.from_env": {"executed_lines": [], "summary": {"covered_lines": 0, "num_statements": 4, "percent_covered": 0.0, "percent_covered_display": "0", "missing_lines": 4, "excluded_lines": 0}, "missing_lines": [343, 344, 345, 346], "excluded_lines": []}, "StageConfigBase.finalize": {"executed_lines": [], "summary": {"covered_lines": 0, "num_statements": 0, "percent_covered": 100.0, "percent_covered_display": "100", "missing_lines": 0, "excluded_lines": 1}, "missing_lines": [], "excluded_lines": [349]}, "StageConfigBase.to_manifest": {"executed_lines": [], "summary": {"covered_lines": 0, "num_statements": 6, "percent_covered": 0.0, "percent_covered_display": "0", "missing_lines": 6, "excluded_lines": 0}, "missing_lines": [354, 355, 356, 357, 358, 359], "excluded_lines": []}, "StageConfigBase._coerce_field": {"executed_lines": [], "summary": {"covered_lines": 0, "num_statements": 4, "percent_covered": 0.0, "percent_covered_display": "0", "missing_lines": 4, "excluded_lines": 0}, "missing_lines": [364, 365, 366, 367], "excluded_lines": []}, "StageConfigBase.is_overridden": {"executed_lines": [], "summary": {"covered_lines": 0, "num_statements": 1, "percent_covered": 0.0, "percent_covered_display": "0", "missing_lines": 1, "excluded_lines": 0}, "missing_lines": [372], "excluded_lines": []}, "": {"executed_lines": [], "summary": {"covered_lines": 0, "num_statements": 46, "percent_covered": 0.0, "percent_covered_display": "0", "missing_lines": 46, "excluded_lines": 1}, "missing_lines": [10, 12, 13, 14, 15, 16, 17, 19, 21, 28, 50, 64, 78, 86, 87, 90, 119, 127, 137, 143, 186, 196, 214, 251, 263, 264, 267, 268, 276, 277, 279, 293, 314, 339, 340, 351, 361, 369, 374, 375, 376, 377, 378, 379, 380, 383], "excluded_lines": [348]}}, "classes": {"StageConfigBase": {"executed_lines": [], "summary": {"covered_lines": 0, "num_statements": 61, "percent_covered": 0.0, "percent_covered_display": "0", "missing_lines": 61, "excluded_lines": 1}, "missing_lines": [282, 283, 284, 285, 286, 287, 288, 289, 290, 291, 296, 297, 298, 299, 300, 301, 304, 305, 306, 307, 308, 309, 310, 311, 312, 317, 318, 319, 320, 321, 322, 323, 324, 325, 326, 327, 328, 329, 330, 331, 332, 333, 334, 335, 336, 337, 343, 344, 345, 346, 354, 355, 356, 357, 358, 359, 364, 365, 366, 367, 372], "excluded_lines": [349]}, "": {"executed_lines": [], "summary": {"covered_lines": 0, "num_statements": 180, "percent_covered": 0.0, "percent_covered_display": "0", "missing_lines": 180, "excluded_lines": 3}, "missing_lines": [10, 12, 13, 14, 15, 16, 17, 19, 21, 28, 31, 32, 33, 34, 35, 36, 38, 39, 40, 41, 42, 43, 47, 50, 53, 54, 55, 56, 57, 58, 59, 60, 61, 64, 67, 68, 70, 71, 72, 74, 75, 78, 81, 82, 83, 86, 87, 90, 97, 98, 99, 100, 101, 102, 103, 104, 105, 106, 107, 108, 109, 110, 111, 112, 119, 122, 123, 124, 127, 130, 131, 132, 133, 134, 137, 140, 143, 146, 147, 148, 149, 150, 151, 152, 153, 154, 155, 156, 157, 158, 159, 161, 162, 163, 164, 165, 166, 167, 168, 171, 172, 173, 174, 175, 176, 177, 178, 179, 180, 181, 182, 183, 186, 189, 190, 191, 192, 193, 196, 207, 208, 209, 210, 211, 214, 219, 220, 221, 222, 223, 224, 225, 226, 227, 228, 230, 231, 233, 234, 236, 237, 238, 239, 240, 241, 242, 243, 245, 247, 248, 251, 254, 255, 256, 257, 258, 259, 260, 263, 264, 267, 268, 276, 277, 279, 293, 314, 339, 340, 351, 361, 369, 374, 375, 376, 377, 378, 379, 380, 383], "excluded_lines": [204, 205, 348]}}}, "src/DocsToKG/DocParsing/config_adapter.py": {"executed_lines": [], "summary": {"covered_lines": 0, "num_statements": 57, "percent_covered": 0.0, "percent_covered_display": "0", "missing_lines": 57, "excluded_lines": 5}, "missing_lines": [14, 16, 17, 26, 41, 42, 55, 57, 60, 61, 62, 63, 66, 67, 68, 69, 70, 71, 74, 75, 78, 81, 82, 84, 85, 97, 99, 102, 103, 104, 105, 108, 109, 110, 111, 113, 114, 117, 118, 121, 122, 124, 125, 137, 139, 142, 143, 144, 145, 148, 149, 150, 151, 154, 155, 158, 159], "excluded_lines": [19, 20, 21, 22, 23], "functions": {"ConfigurationAdapter.to_doctags": {"executed_lines": [], "summary": {"covered_lines": 0, "num_statements": 17, "percent_covered": 0.0, "percent_covered_display": "0", "missing_lines": 17, "excluded_lines": 0}, "missing_lines": [55, 57, 60, 61, 62, 63, 66, 67, 68, 69, 70, 71, 74, 75, 78, 81, 82], "excluded_lines": []}, "ConfigurationAdapter.to_chunk": {"executed_lines": [], "summary": {"covered_lines": 0, "num_statements": 16, "percent_covered": 0.0, "percent_covered_display": "0", "missing_lines": 16, "excluded_lines": 0}, "missing_lines": [97, 99, 102, 103, 104, 105, 108, 109, 110, 111, 113, 114, 117, 118, 121, 122], "excluded_lines": []}, "ConfigurationAdapter.to_embed": {"executed_lines": [], "summary": {"covered_lines": 0, "num_statements": 14, "percent_covered": 0.0, "percent_covered_display": "0", "missing_lines": 14, "excluded_lines": 0}, "missing_lines": [137, 139, 142, 143, 144, 145, 148, 149, 150, 151, 154, 155, 158, 159], "excluded_lines": []}, "": {"executed_lines": [], "summary": {"covered_lines": 0, "num_statements": 10, "percent_covered": 0.0, "percent_covered_display": "0", "missing_lines": 10, "excluded_lines": 5}, "missing_lines": [14, 16, 17, 26, 41, 42, 84, 85, 124, 125], "excluded_lines": [19, 20, 21, 22, 23]}}, "classes": {"ConfigurationAdapter": {"executed_lines": [], "summary": {"covered_lines": 0, "num_statements": 47, "percent_covered": 0.0, "percent_covered_display": "0", "missing_lines": 47, "excluded_lines": 0}, "missing_lines": [55, 57, 60, 61, 62, 63, 66, 67, 68, 69, 70, 71, 74, 75, 78, 81, 82, 97, 99, 102, 103, 104, 105, 108, 109, 110, 111, 113, 114, 117, 118, 121, 122, 137, 139, 142, 143, 144, 145, 148, 149, 150, 151, 154, 155, 158, 159], "excluded_lines": []}, "": {"executed_lines": [], "summary": {"covered_lines": 0, "num_statements": 10, "percent_covered": 0.0, "percent_covered_display": "0", "missing_lines": 10, "excluded_lines": 5}, "missing_lines": [14, 16, 17, 26, 41, 42, 84, 85, 124, 125], "excluded_lines": [19, 20, 21, 22, 23]}}}, "src/DocsToKG/DocParsing/config_loaders.py": {"executed_lines": [], "summary": {"covered_lines": 0, "num_statements": 19, "percent_covered": 0.0, "percent_covered_display": "0", "missing_lines": 19, "excluded_lines": 13}, "missing_lines": [12, 14, 15, 17, 24, 25, 28, 36, 39, 40, 46, 47, 52, 55, 56, 65, 66, 67, 68], "excluded_lines": [30, 31, 32, 33, 41, 42, 48, 49, 57, 58, 59, 60, 61], "functions": {"ConfigLoadError.__str__": {"executed_lines": [], "summary": {"covered_lines": 0, "num_statements": 0, "percent_covered": 100.0, "percent_covered_display": "100", "missing_lines": 0, "excluded_lines": 3}, "missing_lines": [], "excluded_lines": [31, 32, 33]}, "load_yaml_markers": {"executed_lines": [], "summary": {"covered_lines": 0, "num_statements": 4, "percent_covered": 0.0, "percent_covered_display": "0", "missing_lines": 4, "excluded_lines": 4}, "missing_lines": [39, 40, 46, 47], "excluded_lines": [41, 42, 48, 49]}, "load_toml_markers": {"executed_lines": [], "summary": {"covered_lines": 0, "num_statements": 6, "percent_covered": 0.0, "percent_covered_display": "0", "missing_lines": 6, "excluded_lines": 5}, "missing_lines": [55, 56, 65, 66, 67, 68], "excluded_lines": [57, 58, 59, 60, 61]}, "": {"executed_lines": [], "summary": {"covered_lines": 0, "num_statements": 9, "percent_covered": 0.0, "percent_covered_display": "0", "missing_lines": 9, "excluded_lines": 1}, "missing_lines": [12, 14, 15, 17, 24, 25, 28, 36, 52], "excluded_lines": [30]}}, "classes": {"ConfigLoadError": {"executed_lines": [], "summary": {"covered_lines": 0, "num_statements": 0, "percent_covered": 100.0, "percent_covered_display": "100", "missing_lines": 0, "excluded_lines": 3}, "missing_lines": [], "excluded_lines": [31, 32, 33]}, "": {"executed_lines": [], "summary": {"covered_lines": 0, "num_statements": 19, "percent_covered": 0.0, "percent_covered_display": "0", "missing_lines": 19, "excluded_lines": 10}, "missing_lines": [12, 14, 15, 17, 24, 25, 28, 36, 39, 40, 46, 47, 52, 55, 56, 65, 66, 67, 68], "excluded_lines": [30, 41, 42, 48, 49, 57, 58, 59, 60, 61]}}}, "src/DocsToKG/DocParsing/context.py": {"executed_lines": [], "summary": {"covered_lines": 0, "num_statements": 93, "percent_covered": 0.0, "percent_covered_display": "0", "missing_lines": 93, "excluded_lines": 0}, "missing_lines": [10, 12, 13, 14, 16, 19, 20, 23, 24, 25, 26, 27, 28, 29, 30, 31, 32, 33, 34, 35, 36, 37, 38, 39, 40, 41, 42, 43, 44, 45, 46, 48, 51, 52, 53, 54, 55, 56, 57, 58, 59, 60, 61, 63, 64, 67, 69, 70, 73, 75, 78, 79, 81, 82, 83, 84, 85, 86, 87, 88, 89, 91, 92, 93, 94, 95, 96, 97, 99, 102, 103, 104, 105, 107, 110, 112, 115, 116, 117, 118, 119, 120, 121, 122, 123, 124, 125, 126, 127, 129, 132, 157, 158], "excluded_lines": [], "functions": {"ParsingContext.__post_init__": {"executed_lines": [], "summary": {"covered_lines": 0, "num_statements": 11, "percent_covered": 0.0, "percent_covered_display": "0", "missing_lines": 11, "excluded_lines": 0}, "missing_lines": [51, 52, 53, 54, 55, 56, 57, 58, 59, 60, 61], "excluded_lines": []}, "ParsingContext._resolve_path": {"executed_lines": [], "summary": {"covered_lines": 0, "num_statements": 1, "percent_covered": 0.0, "percent_covered_display": "0", "missing_lines": 1, "excluded_lines": 0}, "missing_lines": [67], "excluded_lines": []}, "ParsingContext.field_names": {"executed_lines": [], "summary": {"covered_lines": 0, "num_statements": 1, "percent_covered": 0.0, "percent_covered_display": "0", "missing_lines": 1, "excluded_lines": 0}, "missing_lines": [73], "excluded_lines": []}, "ParsingContext.apply_config": {"executed_lines": [], "summary": {"covered_lines": 0, "num_statements": 18, "percent_covered": 0.0, "percent_covered_display": "0", "missing_lines": 18, "excluded_lines": 0}, "missing_lines": [78, 79, 81, 82, 83, 84, 85, 86, 87, 88, 89, 91, 92, 93, 94, 95, 96, 97], "excluded_lines": []}, "ParsingContext.merge_extra": {"executed_lines": [], "summary": {"covered_lines": 0, "num_statements": 4, "percent_covered": 0.0, "percent_covered_display": "0", "missing_lines": 4, "excluded_lines": 0}, "missing_lines": [102, 103, 104, 105], "excluded_lines": []}, "ParsingContext.update_extra": {"executed_lines": [], "summary": {"covered_lines": 0, "num_statements": 1, "percent_covered": 0.0, "percent_covered_display": "0", "missing_lines": 1, "excluded_lines": 0}, "missing_lines": [110], "excluded_lines": []}, "ParsingContext.to_manifest": {"executed_lines": [], "summary": {"covered_lines": 0, "num_statements": 13, "percent_covered": 0.0, "percent_covered_display": "0", "missing_lines": 13, "excluded_lines": 0}, "missing_lines": [115, 116, 117, 118, 119, 120, 121, 122, 123, 124, 125, 126, 127], "excluded_lines": []}, "ParsingContext.copy": {"executed_lines": [], "summary": {"covered_lines": 0, "num_statements": 3, "percent_covered": 0.0, "percent_covered_display": "0", "missing_lines": 3, "excluded_lines": 0}, "missing_lines": [132, 157, 158], "excluded_lines": []}, "": {"executed_lines": [], "summary": {"covered_lines": 0, "num_statements": 41, "percent_covered": 0.0, "percent_covered_display": "0", "missing_lines": 41, "excluded_lines": 0}, "missing_lines": [10, 12, 13, 14, 16, 19, 20, 23, 24, 25, 26, 27, 28, 29, 30, 31, 32, 33, 34, 35, 36, 37, 38, 39, 40, 41, 42, 43, 44, 45, 46, 48, 63, 64, 69, 70, 75, 99, 107, 112, 129], "excluded_lines": []}}, "classes": {"ParsingContext": {"executed_lines": [], "summary": {"covered_lines": 0, "num_statements": 52, "percent_covered": 0.0, "percent_covered_display": "0", "missing_lines": 52, "excluded_lines": 0}, "missing_lines": [51, 52, 53, 54, 55, 56, 57, 58, 59, 60, 61, 67, 73, 78, 79, 81, 82, 83, 84, 85, 86, 87, 88, 89, 91, 92, 93, 94, 95, 96, 97, 102, 103, 104, 105, 110, 115, 116, 117, 118, 119, 120, 121, 122, 123, 124, 125, 126, 127, 132, 157, 158], "excluded_lines": []}, "": {"executed_lines": [], "summary": {"covered_lines": 0, "num_statements": 41, "percent_covered": 0.0, "percent_covered_display": "0", "missing_lines": 41, "excluded_lines": 0}, "missing_lines": [10, 12, 13, 14, 16, 19, 20, 23, 24, 25, 26, 27, 28, 29, 30, 31, 32, 33, 34, 35, 36, 37, 38, 39, 40, 41, 42, 43, 44, 45, 46, 48, 63, 64, 69, 70, 75, 99, 107, 112, 129], "excluded_lines": []}}}, "src/DocsToKG/DocParsing/core/__init__.py": {"executed_lines": [], "summary": {"covered_lines": 0, "num_statements": 13, "percent_covered": 0.0, "percent_covered_display": "0", "missing_lines": 13, "excluded_lines": 0}, "missing_lines": [28, 30, 52, 72, 82, 83, 84, 85, 99, 100, 101, 112, 125], "excluded_lines": [], "functions": {"": {"executed_lines": [], "summary": {"covered_lines": 0, "num_statements": 13, "percent_covered": 0.0, "percent_covered_display": "0", "missing_lines": 13, "excluded_lines": 0}, "missing_lines": [28, 30, 52, 72, 82, 83, 84, 85, 99, 100, 101, 112, 125], "excluded_lines": []}}, "classes": {"": {"executed_lines": [], "summary": {"covered_lines": 0, "num_statements": 13, "percent_covered": 0.0, "percent_covered_display": "0", "missing_lines": 13, "excluded_lines": 0}, "missing_lines": [28, 30, 52, 72, 82, 83, 84, 85, 99, 100, 101, 112, 125], "excluded_lines": []}}}}, "totals": {"covered_lines": 362, "num_statements": 2713, "percent_covered": 13.343162550681901, "percent_covered_display": "13", "missing_lines": 2351, "excluded_lines": 99}}